#
# A fatal error has been detected by the Java Runtime Environment:
#
#  EXCEPTION_ACCESS_VIOLATION (0xc0000005) at pc=0x00007ffd510bbe01, pid=10116, tid=7704
#
# JRE version: Java(TM) SE Runtime Environment (23.0.1+11) (build 23.0.1+11-39)
# Java VM: Java HotSpot(TM) 64-Bit Server VM (23.0.1+11-39, mixed mode, sharing, tiered, compressed oops, compressed class ptrs, g1 gc, windows-amd64)
# Problematic frame:
# C  [awt.dll+0xdbe01]
#
# No core dump will be written. Minidumps are not enabled by default on client versions of Windows
#
# If you would like to submit a bug report, please visit:
#   https://bugreport.java.com/bugreport/crash.jsp
# The crash happened outside the Java Virtual Machine in native code.
# See problematic frame for where to report the bug.
#

---------------  S U M M A R Y ------------

Command Line: -Dfile.encoding=UTF-8 Inicio.Ordenes

Host: Intel(R) Core(TM) i5-4430 CPU @ 3.00GHz, 4 cores, 11G,  Windows 10 , 64 bit Build 19041 (10.0.19041.5198)
Time: Sun Dec 15 16:13:46 2024 Hora estándar, América Central elapsed time: 59070.289634 seconds (0d 16h 24m 30s)

---------------  T H R E A D  ---------------

Current thread (0x000002148403f590):  JavaThread "AWT-Windows" daemon [_thread_in_native, id=7704, stack(0x00000050d1a00000,0x00000050d1b00000) (1024K)]

Stack: [0x00000050d1a00000,0x00000050d1b00000],  sp=0x00000050d1afe750,  free space=1017k
Native frames: (J=compiled Java code, j=interpreted, Vv=VM code, C=native code)
C  [awt.dll+0xdbe01]  (no source info available)
C  [awt.dll+0x9783c]  (no source info available)
C  [awt.dll+0x978e6]  (no source info available)
C  [awt.dll+0x94cb6]  (no source info available)
C  [awt.dll+0xe0f8c]  (no source info available)
C  [awt.dll+0xb0d3d]  (no source info available)
C  [awt.dll+0x97e1d]  (no source info available)
C  [USER32.dll+0xef5c]  (no source info available)
C  [USER32.dll+0xe9de]  (no source info available)
C  [awt.dll+0x161c3]  (no source info available)
C  [COMCTL32.dll+0x89aaa]  (no source info available)
C  [COMCTL32.dll+0x898a7]  (no source info available)
C  [USER32.dll+0xef5c]  (no source info available)
C  [USER32.dll+0xe684]  (no source info available)
C  [awt.dll+0xd530e]  (no source info available)
C  [awt.dll+0xd7242]  (no source info available)
C  0x0000021430cfd207  (no source info available)

The last pc belongs to native method entry point (kind = native) (printed below).
Java frames: (J=compiled Java code, j=interpreted, Vv=VM code)
j  sun.awt.windows.WToolkit.eventLoop()V+0 java.desktop@23.0.1
j  sun.awt.windows.WToolkit.run()V+50 java.desktop@23.0.1
j  java.lang.Thread.runWith(Ljava/lang/Object;Ljava/lang/Runnable;)V+5 java.base@23.0.1
j  java.lang.Thread.run()V+19 java.base@23.0.1
v  ~StubRoutines::call_stub 0x0000021430cf0fcd

siginfo: EXCEPTION_ACCESS_VIOLATION (0xc0000005), reading address 0x0000646e00000039


Registers:
RAX=0x0000646e00000031, RBX=0x000002148461aff0, RCX=0x0000000000000000, RDX=0x0000000000000000
RSP=0x00000050d1afe750, RBP=0x00000050d1afe859, RSI=0xffffffffc9010e91, RDI=0x0000000000000000
R8 =0x0000000000000001, R9 =0x00000050d1afe859, R10=0x0000000000000000, R11=0x0000000000000246
R12=0x0000000000000000, R13=0x0000000000000310, R14=0x0000000000000000, R15=0x0000000000000000
RIP=0x00007ffd510bbe01, EFLAGS=0x0000000000010246


Register to memory mapping:

RAX=0x0000646e00000031 is an unknown value
RBX=0x000002148461aff0 points into unknown readable memory: 0x000002148591b6c0 | c0 b6 91 85 14 02 00 00
RCX=0x0 is null
RDX=0x0 is null
RSP=0x00000050d1afe750 is pointing into the stack for thread: 0x000002148403f590
RBP=0x00000050d1afe859 is pointing into the stack for thread: 0x000002148403f590
RSI=0xffffffffc9010e91 is an unknown value
RDI=0x0 is null
R8 =0x0000000000000001 is an unknown value
R9 =0x00000050d1afe859 is pointing into the stack for thread: 0x000002148403f590
R10=0x0 is null
R11=0x0000000000000246 is an unknown value
R12=0x0 is null
R13=0x0000000000000310 is an unknown value
R14=0x0 is null
R15=0x0 is null

Top of Stack: (sp=0x00000050d1afe750)
0x00000050d1afe750:   00007ffd51119838 ffffffffc9010e91
0x00000050d1afe760:   0000000000000000 0000000000000000
0x00000050d1afe770:   0000000000000000 00007ffd5107783c
0x00000050d1afe780:   ffffffffc9010e91 000002148599df30
0x00000050d1afe790:   000002148461aff0 00007ffde29de9de
0x00000050d1afe7a0:   0000000000000000 00007ffd510778e6
0x00000050d1afe7b0:   000002148599df30 00007ffd50fe0000
0x00000050d1afe7c0:   0000000000000000 0000000000000000
0x00000050d1afe7d0:   0000000000000000 00007ffd51074cb6
0x00000050d1afe7e0:   000002148599df30 0000000000000000
0x00000050d1afe7f0:   0000000000000000 00000050d1afeb40
0x00000050d1afe800:   000000000000c276 00007ffd48eeb48e
0x00000050d1afe810:   0000000000000000 0000021430cfbdc0
0x00000050d1afe820:   0000000000000000 00007ffdcf039aaa
0x00000050d1afe830:   0000000000000000 00007ffde4869877
0x00000050d1afe840:   00000050d1afe900 000002148403f950
0x00000050d1afe850:   000002148599dfd0 0000000000000000
0x00000050d1afe860:   000002148403f590 000076927a94bded
0x00000050d1afe870:   0000000000000001 0000000000000000
0x00000050d1afe880:   0000000000000000 0000000000000000
0x00000050d1afe890:   0000000000000000 0000000000000310
0x00000050d1afe8a0:   0000000000000000 000002148599df30
0x00000050d1afe8b0:   000002148599df30 00007ffd510c0f8c
0x00000050d1afe8c0:   0000000000000001 0000000000000000
0x00000050d1afe8d0:   0000000000000000 000002143e6ba60a
0x00000050d1afe8e0:   000000500000c276 00007ffd48f64bf1
0x00000050d1afe8f0:   0000000000000000 0000000000191070
0x00000050d1afe900:   000002141f3b5230 00007ffde29e0317
0x00000050d1afe910:   0000000000000000 00007ffde4869993
0x00000050d1afe920:   00000050d011c800 00000000ffffffeb
0x00000050d1afe930:   0000000000000000 000076927a94b2cd
0x00000050d1afe940:   00000050d1afeb40 0000000000000000 

Instructions: (pc=0x00007ffd510bbe01)
0x00007ffd510bbd01:   83 ec 28 66 0f 6e c2 0f 5b c0 f3 0f 59 41 48 0f
0x00007ffd510bbd11:   5a c8 f2 0f 10 05 bd 4e 03 00 f2 0f 5c 0d e5 4e
0x00007ffd510bbd21:   01 00 66 0f 2f c1 76 0a b8 00 00 00 80 48 83 c4
0x00007ffd510bbd31:   28 c3 66 0f 2f 0d 65 98 02 00 76 0a b8 ff ff ff
0x00007ffd510bbd41:   7f 48 83 c4 28 c3 0f 28 c1 e8 af 0e 01 00 f2 0f
0x00007ffd510bbd51:   2c c0 48 83 c4 28 c3 cc cc cc cc cc cc cc cc 48
0x00007ffd510bbd61:   83 ec 28 66 0f 6e c2 0f 5b c0 f3 0f 59 41 4c 0f
0x00007ffd510bbd71:   5a c8 f2 0f 10 05 5d 4e 03 00 f2 0f 5c 0d 85 4e
0x00007ffd510bbd81:   01 00 66 0f 2f c1 76 0a b8 00 00 00 80 48 83 c4
0x00007ffd510bbd91:   28 c3 66 0f 2f 0d 05 98 02 00 76 0a b8 ff ff ff
0x00007ffd510bbda1:   7f 48 83 c4 28 c3 0f 28 c1 e8 4f 0e 01 00 f2 0f
0x00007ffd510bbdb1:   2c c0 48 83 c4 28 c3 cc cc cc cc cc cc cc cc 48
0x00007ffd510bbdc1:   8b 49 08 48 85 c9 0f 85 b3 7c fe ff 33 c0 c3 48
0x00007ffd510bbdd1:   89 5c 24 08 48 89 74 24 10 57 48 83 ec 20 8b fa
0x00007ffd510bbde1:   48 8b f1 e8 b7 be f4 ff 48 8b d8 48 89 44 24 40
0x00007ffd510bbdf1:   41 b8 01 00 00 00 8b d7 48 8b c8 e8 1f be f4 ff
0x00007ffd510bbe01:   48 8b 48 08 48 85 c9 74 0d 48 8b d6 e8 6e 7c fe
0x00007ffd510bbe11:   ff 48 8b f8 eb 02 33 ff 48 8b cb e8 3f c0 f4 ff
0x00007ffd510bbe21:   90 48 8b c7 48 8b 5c 24 30 48 8b 74 24 38 48 83
0x00007ffd510bbe31:   c4 20 5f c3 cc cc cc cc cc cc cc cc cc cc cc 48
0x00007ffd510bbe41:   8b 01 89 10 c3 cc cc cc cc cc cc cc cc cc cc 40
0x00007ffd510bbe51:   57 48 83 ec 40 48 83 79 38 00 48 8b f9 0f 84 96
0x00007ffd510bbe61:   01 00 00 48 8b 0d b5 9f 06 00 ba 02 00 01 00 48
0x00007ffd510bbe71:   89 5c 24 58 48 89 74 24 68 e8 40 d8 00 00 4c 8b
0x00007ffd510bbe81:   05 12 a5 06 00 48 8b c8 48 8b 57 38 48 8b d8 4c
0x00007ffd510bbe91:   8b 08 41 ff 91 f8 02 00 00 48 8b f0 48 85 c0 0f
0x00007ffd510bbea1:   84 4a 01 00 00 4c 8b 0b 48 8b d0 4c 8b 05 d5 a4
0x00007ffd510bbeb1:   06 00 48 8b cb 41 ff 91 00 01 00 00 84 c0 0f 84
0x00007ffd510bbec1:   2b 01 00 00 48 8b 7f 08 48 8b d6 48 8b 03 48 8b
0x00007ffd510bbed1:   cb 4c 8b 05 c7 a4 06 00 48 81 c7 00 04 00 00 48
0x00007ffd510bbee1:   89 6c 24 60 4c 89 64 24 38 ff 90 f8 02 00 00 4c
0x00007ffd510bbef1:   8b 0b 48 8b d6 4c 8b 05 ab a4 06 00 48 8b cb 4c 


Stack slot to memory mapping:

stack at sp + 0 slots: 0x00007ffd51119838 awt.dll
stack at sp + 1 slots: 0xffffffffc9010e91 is an unknown value
stack at sp + 2 slots: 0x0 is null
stack at sp + 3 slots: 0x0 is null
stack at sp + 4 slots: 0x0 is null
stack at sp + 5 slots: 0x00007ffd5107783c awt.dll
stack at sp + 6 slots: 0xffffffffc9010e91 is an unknown value
stack at sp + 7 slots: 0x000002148599df30 points into unknown readable memory: 0x00007ffd510ec860 | 60 c8 0e 51 fd 7f 00 00

Lock stack of current Java thread (top to bottom):

native method entry point (kind = native)  [0x0000021430cfcde0, 0x0000021430cfd938]  2904 bytes
[MachCode]
  0x0000021430cfcde0: 488b 4b08 | 0fb7 492e | 584c 8d74 | ccf8 6800 | 0000 0068 | 0000 0000 | 5055 488b | ec41 5568 
  0x0000021430cfce00: 0000 0000 | 4c8b 6b08 | 4d8d 6d38 | 5348 8b53 | 0848 8b52 | 0848 8b52 | 1848 8b52 | 7048 8b12 
  0x0000021430cfce20: 5248 8b53 | 1048 85d2 | 0f84 0700 | 0000 4881 | c210 0100 | 0052 488b | 5308 488b | 5208 488b 
  0x0000021430cfce40: 5210 5249 | 8bc6 482b | c548 c1e8 | 0350 6800 | 0000 0068 | f7ff ffff | 41c6 8771 | 0400 0001 
  0x0000021430cfce60: 488b 4310 | 4885 c074 | 208b 88cc | 0000 0083 | c102 8988 | cc00 0000 | 2388 e000 | 0000 0f84 
  0x0000021430cfce80: 000a 0000 | e9cf 0000 | 0048 8b43 | 1848 85c0 | 0f85 b000 | 0000 e805 | 0000 00e9 | 9900 0000 
  0x0000021430cfcea0: 488b d348 | 8d44 2408 | 4c89 6dc0 | 498b cfc5 | f877 4989 | afb0 0300 | 0049 8987 | a003 0000 
  0x0000021430cfcec0: 4883 ec20 | 40f6 c40f | 0f84 1900 | 0000 4883 | ec08 48b8 | 9026 ee48 | fd7f 0000 | ffd0 4883 
  0x0000021430cfcee0: c408 e90c | 0000 0048 | b890 26ee | 48fd 7f00 | 00ff d048 | 83c4 2049 | c787 a003 | 0000 0000 
  0x0000021430cfcf00: 0000 49c7 | 87b0 0300 | 0000 0000 | 0049 c787 | a803 0000 | 0000 0000 | c5f8 7749 | 837f 0800 
  0x0000021430cfcf20: 0f84 0500 | 0000 e995 | 3fff ff4c | 8b6d c04c | 8b75 c84e | 8d74 f500 | c348 8b43 | 1848 85c0 
  0x0000021430cfcf40: 0f84 1200 | 0000 8b48 | 0883 c102 | 8948 0823 | 481c 0f84 | 2c09 0000 | 493b a7e8 | 0400 000f 
  0x0000021430cfcf60: 8748 0000 | 0089 8424 | 00f0 ffff | 8984 2400 | e0ff ff89 | 8424 00d0 | ffff 8984 | 2400 c0ff 
  0x0000021430cfcf80: ff89 8424 | 00b0 ffff | 8984 2400 | a0ff ff89 | 8424 0090 | ffff 8984 | 2400 80ff | ff49 3ba7 
  0x0000021430cfcfa0: e004 0000 | 7607 4989 | a7e8 0400 | 0041 c687 | 7104 0000 | 0049 ba41 | ad75 49fd | 7f00 0041 
  0x0000021430cfcfc0: 803a 000f | 843e 0000 | 0048 8b55 | e849 8bcf | 4883 ec20 | 40f6 c40f | 0f84 1900 | 0000 4883 
  0x0000021430cfcfe0: ec08 48b8 | 10ee 2549 | fd7f 0000 | ffd0 4883 | c408 e90c | 0000 0048 | b810 ee25 | 49fd 7f00 
  0x0000021430cfd000: 00ff d048 | 83c4 2048 | 8b5d e84c | 8b5b 0845 | 0fb7 5b2e | 41c1 e303 | 492b e348 | 83ec 2048 
  0x0000021430cfd020: 83e4 f04c | 8b5b 604d | 85db 0f85 | ab00 0000 | e805 0000 | 00e9 9900 | 0000 488b | d348 8d44 
  0x0000021430cfd040: 2408 4c89 | 6dc0 498b | cfc5 f877 | 4989 afb0 | 0300 0049 | 8987 a003 | 0000 4883 | ec20 40f6 
  0x0000021430cfd060: c40f 0f84 | 1900 0000 | 4883 ec08 | 48b8 f04d | ee48 fd7f | 0000 ffd0 | 4883 c408 | e90c 0000 
  0x0000021430cfd080: 0048 b8f0 | 4dee 48fd | 7f00 00ff | d048 83c4 | 2049 c787 | a003 0000 | 0000 0000 | 49c7 87b0 
  0x0000021430cfd0a0: 0300 0000 | 0000 0049 | c787 a803 | 0000 0000 | 0000 c5f8 | 7749 837f | 0800 0f84 | 0500 0000 
  0x0000021430cfd0c0: e9fb 3dff | ff4c 8b6d | c04c 8b75 | c84e 8d74 | f500 c348 | 8b5d e84c | 8b5b 6041 | ffd3 488b 
  0x0000021430cfd0e0: 5de8 4889 | 4518 448b | 5b28 41f6 | c308 0f84 | 1b00 0000 | 4c8b 5b08 | 4d8b 5b08 | 4d8b 5b18 
  0x0000021430cfd100: 4d8b 5b70 | 4d8b 1b4c | 895d 1048 | 8d55 1048 | 8b43 5849 | ba60 3c26 | 49fd 7f00 | 0049 3bc2 
  0x0000021430cfd120: 0f85 ab00 | 0000 e805 | 0000 00e9 | 9900 0000 | 488b d348 | 8d44 2408 | 4c89 6dc0 | 498b cfc5 
  0x0000021430cfd140: f877 4989 | afb0 0300 | 0049 8987 | a003 0000 | 4883 ec20 | 40f6 c40f | 0f84 1900 | 0000 4883 
  0x0000021430cfd160: ec08 48b8 | f04d ee48 | fd7f 0000 | ffd0 4883 | c408 e90c | 0000 0048 | b8f0 4dee | 48fd 7f00 
  0x0000021430cfd180: 00ff d048 | 83c4 2049 | c787 a003 | 0000 0000 | 0000 49c7 | 87b0 0300 | 0000 0000 | 0049 c787 
  0x0000021430cfd1a0: a803 0000 | 0000 0000 | c5f8 7749 | 837f 0800 | 0f84 0500 | 0000 e905 | 3dff ff4c | 8b6d c04c 
  0x0000021430cfd1c0: 8b75 c84e | 8d74 f500 | c348 8b5d | e848 8b43 | 5849 8d8f | c003 0000 | c5f8 7749 | 89af b003 
  0x0000021430cfd1e0: 0000 49ba | d8d1 cf30 | 1402 0000 | 4d89 97a8 | 0300 0049 | 89a7 a003 | 0000 41c7 | 8744 0400 
  0x0000021430cfd200: 0004 0000 | 00ff d0c5 | f877 4883 | ec10 c5fb | 1104 2448 | 83ec 1048 | 8904 2448 | c744 2408 
  0x0000021430cfd220: 0000 0000 | 41c7 8744 | 0400 0005 | 0000 00f0 | 8344 24c0 | 0049 3baf | 4804 0000 | 0f87 0e00 
  0x0000021430cfd240: 0000 4183 | bf40 0400 | 0000 0f84 | 2000 0000 | 498b cf4c | 8be4 4883 | ec20 4883 | e4f0 48b8 
  0x0000021430cfd260: 90a9 ef48 | fd7f 0000 | ffd0 498b | e44d 33e4 | 41c7 8744 | 0400 0008 | 0000 0049 | c787 a003 
  0x0000021430cfd280: 0000 0000 | 0000 49c7 | 87b0 0300 | 0000 0000 | 0049 c787 | a803 0000 | 0000 0000 | c5f8 774d 
  0x0000021430cfd2a0: 8b9f 3004 | 0000 41c7 | 8300 0100 | 0000 0000 | 0049 bbda | a5cf 3014 | 0200 004c | 3b5d 180f 
  0x0000021430cfd2c0: 8524 0200 | 0048 8b04 | 2448 83c4 | 1048 85c0 | 0f84 fe01 | 0000 a803 | 0f85 0800 | 0000 488b 
  0x0000021430cfd2e0: 00e9 ee01 | 0000 a801 | 0f85 0900 | 0000 488b | 40fe e9dd | 0100 0048 | 8b40 ff41 | 807f 3800 
  0x0000021430cfd300: 0f84 ce01 | 0000 4883 | f800 0f84 | c401 0000 | 4d8b 5f28 | 4983 fb00 | 0f84 1400 | 0000 4983 
  0x0000021430cfd320: eb08 4d89 | 5f28 4d03 | 5f30 4989 | 03e9 a201 | 0000 4881 | ecd0 0000 | 0048 8904 | 2448 894c 
  0x0000021430cfd340: 2408 4889 | 5424 1048 | 8974 2418 | 4889 7c24 | 204c 8944 | 2428 4c89 | 4c24 304c | 8954 2438 
  0x0000021430cfd360: 4c89 5c24 | 40c5 fb11 | 4424 50c5 | fb11 4c24 | 58c5 fb11 | 5424 60c5 | fb11 5c24 | 68c5 fb11 
  0x0000021430cfd380: 6424 70c5 | fb11 6c24 | 78c5 fb11 | b424 8000 | 0000 c5fb | 11bc 2488 | 0000 00c5 | 7b11 8424 
  0x0000021430cfd3a0: 9000 0000 | c57b 118c | 2498 0000 | 00c5 7b11 | 9424 a000 | 0000 c57b | 119c 24a8 | 0000 00c5 
  0x0000021430cfd3c0: 7b11 a424 | b000 0000 | c57b 11ac | 24b8 0000 | 00c5 7b11 | b424 c000 | 0000 c57b | 11bc 24c8 
  0x0000021430cfd3e0: 0000 0049 | 8bd7 488b | c848 83ec | 2040 f6c4 | 0f0f 8419 | 0000 0048 | 83ec 0848 | b8e0 07e3 
  0x0000021430cfd400: 48fd 7f00 | 00ff d048 | 83c4 08e9 | 0c00 0000 | 48b8 e007 | e348 fd7f | 0000 ffd0 | 4883 c420 
  0x0000021430cfd420: c57b 10bc | 24c8 0000 | 00c5 7b10 | b424 c000 | 0000 c57b | 10ac 24b8 | 0000 00c5 | 7b10 a424 
  0x0000021430cfd440: b000 0000 | c57b 109c | 24a8 0000 | 00c5 7b10 | 9424 a000 | 0000 c57b | 108c 2498 | 0000 00c5 
  0x0000021430cfd460: 7b10 8424 | 9000 0000 | c5fb 10bc | 2488 0000 | 00c5 fb10 | b424 8000 | 0000 c5fb | 106c 2478 
  0x0000021430cfd480: c5fb 1064 | 2470 c5fb | 105c 2468 | c5fb 1054 | 2460 c5fb | 104c 2458 | c5fb 1044 | 2450 4c8b 
  0x0000021430cfd4a0: 5c24 404c | 8b54 2438 | 4c8b 4c24 | 304c 8b44 | 2428 488b | 7c24 2048 | 8b74 2418 | 488b 5424 
  0x0000021430cfd4c0: 1048 8b4c | 2408 488b | 0424 4881 | c4d0 0000 | 00c5 f877 | 4889 4510 | 4883 ec10 | 4889 0424 
  0x0000021430cfd4e0: 48c7 4424 | 0800 0000 | 0041 83bf | c804 0000 | 020f 85bf | 0000 0048 | 81ec 8000 | 0000 4889 
  0x0000021430cfd500: 4424 7848 | 894c 2470 | 4889 5424 | 6848 895c | 2460 4889 | 6c24 5048 | 8974 2448 | 4889 7c24 
  0x0000021430cfd520: 404c 8944 | 2438 4c89 | 4c24 304c | 8954 2428 | 4c89 5c24 | 204c 8964 | 2418 4c89 | 6c24 104c 
  0x0000021430cfd540: 8974 2408 | 4c89 3c24 | 4c8b e448 | 83ec 2048 | 83e4 f048 | b8c0 2226 | 49fd 7f00 | 00ff d049 
  0x0000021430cfd560: 8be4 4c8b | 3c24 4c8b | 7424 084c | 8b6c 2410 | 4c8b 6424 | 184c 8b5c | 2420 4c8b | 5424 284c 
  0x0000021430cfd580: 8b4c 2430 | 4c8b 4424 | 3848 8b7c | 2440 488b | 7424 4848 | 8b6c 2450 | 488b 5c24 | 6048 8b54 
  0x0000021430cfd5a0: 2468 488b | 4c24 7048 | 8b44 2478 | 4881 c480 | 0000 004d | 33e4 488b | 5de8 4c8b | 6b08 4d8d 
  0x0000021430cfd5c0: 6d38 4983 | 7f08 000f | 84bb 0000 | 00e8 0500 | 0000 e996 | 0000 0048 | 8d44 2408 | 4c89 6dc0 
  0x0000021430cfd5e0: 498b cfc5 | f877 4989 | afb0 0300 | 0049 8987 | a003 0000 | 4883 ec20 | 40f6 c40f | 0f84 1900 
  0x0000021430cfd600: 0000 4883 | ec08 48b8 | 006c ee48 | fd7f 0000 | ffd0 4883 | c408 e90c | 0000 0048 | b800 6cee 
  0x0000021430cfd620: 48fd 7f00 | 00ff d048 | 83c4 2049 | c787 a003 | 0000 0000 | 0000 49c7 | 87b0 0300 | 0000 0000 
  0x0000021430cfd640: 0049 c787 | a803 0000 | 0000 0000 | c5f8 7749 | 837f 0800 | 0f84 0500 | 0000 e961 | 38ff ff4c 
  0x0000021430cfd660: 8b6d c04c | 8b75 c84e | 8d74 f500 | c348 b940 | d54d 49fd | 7f00 0048 | 83e4 f048 | b870 4a14 
  0x0000021430cfd680: 49fd 7f00 | 00ff d0f4 | 448b 5b28 | 41f6 c320 | 0f84 7901 | 0000 488d | 55a8 4c8b | 5a08 4d85 
  0x0000021430cfd6a0: db0f 85bb | 0000 00e8 | 0500 0000 | e996 0000 | 0048 8d44 | 2408 4c89 | 6dc0 498b | cfc5 f877 
  0x0000021430cfd6c0: 4989 afb0 | 0300 0049 | 8987 a003 | 0000 4883 | ec20 40f6 | c40f 0f84 | 1900 0000 | 4883 ec08 
  0x0000021430cfd6e0: 48b8 306b | ee48 fd7f | 0000 ffd0 | 4883 c408 | e90c 0000 | 0048 b830 | 6bee 48fd | 7f00 00ff 
  0x0000021430cfd700: d048 83c4 | 2049 c787 | a003 0000 | 0000 0000 | 49c7 87b0 | 0300 0000 | 0000 0049 | c787 a803 
  0x0000021430cfd720: 0000 0000 | 0000 c5f8 | 7749 837f | 0800 0f84 | 0500 0000 | e987 37ff | ff4c 8b6d | c04c 8b75 
  0x0000021430cfd740: c84e 8d74 | f500 c348 | b940 d54d | 49fd 7f00 | 0048 83e4 | f048 b870 | 4a14 49fd | 7f00 00ff 
  0x0000021430cfd760: d0f4 4c89 | 6dc0 4c8b | 4a08 48c7 | 4208 0000 | 0000 458b | 8718 0600 | 004f 3b4c | 07f8 0f85 
  0x0000021430cfd780: 4900 0000 | 4183 af18 | 0600 0008 | 4f3b 4c07 | f00f 842a | 0000 0049 | 8b01 a802 | 0f85 1200 
  0x0000021430cfd7a0: 0000 4c8b | c049 83c8 | 01f0 4d0f | b101 0f84 | 0d00 0000 | 4183 8718 | 0600 0008 | e90c 0000 
  0x0000021430cfd7c0: 0049 ff8f | 5005 0000 | e93e 0000 | 004c 894a | 0848 8bca | 4883 ec20 | 40f6 c40f | 0f84 1900 
  0x0000021430cfd7e0: 0000 4883 | ec08 48b8 | f03d ee48 | fd7f 0000 | ffd0 4883 | c408 e90c | 0000 0048 | b8f0 3dee 
  0x0000021430cfd800: 48fd 7f00 | 00ff d048 | 83c4 204c | 8b6d c049 | ba41 ad75 | 49fd 7f00 | 0041 803a | 000f 843e 
  0x0000021430cfd820: 0000 0048 | 8b55 e849 | 8bcf 4883 | ec20 40f6 | c40f 0f84 | 1900 0000 | 4883 ec08 | 48b8 10ee 
  0x0000021430cfd840: 2549 fd7f | 0000 ffd0 | 4883 c408 | e90c 0000 | 0048 b810 | ee25 49fd | 7f00 00ff | d048 83c4 
  0x0000021430cfd860: 2048 8b04 | 2448 83c4 | 10c5 fb10 | 0424 4883 | c410 4c8b | 5d18 41ff | d34c 8b5d | f8c9 5f49 
  0x0000021430cfd880: 8be3 ffe7 | ba00 0000 | 00e8 0500 | 0000 e996 | 0000 0048 | 8d44 2408 | 4c89 6dc0 | 498b cfc5 
  0x0000021430cfd8a0: f877 4989 | afb0 0300 | 0049 8987 | a003 0000 | 4883 ec20 | 40f6 c40f | 0f84 1900 | 0000 4883 
  0x0000021430cfd8c0: ec08 48b8 | a031 ee48 | fd7f 0000 | ffd0 4883 | c408 e90c | 0000 0048 | b8a0 31ee | 48fd 7f00 
  0x0000021430cfd8e0: 00ff d048 | 83c4 2049 | c787 a003 | 0000 0000 | 0000 49c7 | 87b0 0300 | 0000 0000 | 0049 c787 
  0x0000021430cfd900: a803 0000 | 0000 0000 | c5f8 7749 | 837f 0800 | 0f84 0500 | 0000 e9a5 | 35ff ff4c | 8b6d c04c 
  0x0000021430cfd920: 8b75 c84e | 8d74 f500 | c348 8b5d | e8e9 26f6 | ffff 660f | 1f44 0000 
[/MachCode]

---------------  P R O C E S S  ---------------

Threads class SMR info:
_java_thread_list=0x000002148428f2b0, length=17, elements={
0x000002143e6ceaa0, 0x000002143e6cf9c0, 0x000002143e6d38d0, 0x000002143e6d6740,
0x000002143e6d9950, 0x000002143e6db890, 0x000002143e6e5b10, 0x000002143e6ea990,
0x000002143e831c60, 0x000002143e836ef0, 0x000002148403bd40, 0x000002148403c580,
0x000002148403f590, 0x00000214840b9400, 0x000002141ee4da20, 0x00000214844ab480,
0x0000021484678630
}

Java Threads: ( => current thread )
  0x000002143e6ceaa0 JavaThread "Reference Handler"          daemon [_thread_blocked, id=16200, stack(0x00000050d0d00000,0x00000050d0e00000) (1024K)]
  0x000002143e6cf9c0 JavaThread "Finalizer"                  daemon [_thread_blocked, id=4464, stack(0x00000050d0e00000,0x00000050d0f00000) (1024K)]
  0x000002143e6d38d0 JavaThread "Signal Dispatcher"          daemon [_thread_blocked, id=13032, stack(0x00000050d0f00000,0x00000050d1000000) (1024K)]
  0x000002143e6d6740 JavaThread "Attach Listener"            daemon [_thread_blocked, id=1220, stack(0x00000050d1000000,0x00000050d1100000) (1024K)]
  0x000002143e6d9950 JavaThread "Service Thread"             daemon [_thread_blocked, id=12428, stack(0x00000050d1100000,0x00000050d1200000) (1024K)]
  0x000002143e6db890 JavaThread "Monitor Deflation Thread"   daemon [_thread_blocked, id=5760, stack(0x00000050d1200000,0x00000050d1300000) (1024K)]
  0x000002143e6e5b10 JavaThread "C2 CompilerThread0"         daemon [_thread_blocked, id=11528, stack(0x00000050d1300000,0x00000050d1400000) (1024K)]
  0x000002143e6ea990 JavaThread "C1 CompilerThread0"         daemon [_thread_blocked, id=12008, stack(0x00000050d1400000,0x00000050d1500000) (1024K)]
  0x000002143e831c60 JavaThread "Notification Thread"        daemon [_thread_blocked, id=9432, stack(0x00000050d1500000,0x00000050d1600000) (1024K)]
  0x000002143e836ef0 JavaThread "Common-Cleaner"             daemon [_thread_blocked, id=2052, stack(0x00000050d1600000,0x00000050d1700000) (1024K)]
  0x000002148403bd40 JavaThread "Java2D Disposer"            daemon [_thread_blocked, id=16632, stack(0x00000050d1800000,0x00000050d1900000) (1024K)]
  0x000002148403c580 JavaThread "AWT-Shutdown"                      [_thread_blocked, id=14808, stack(0x00000050d1900000,0x00000050d1a00000) (1024K)]
=>0x000002148403f590 JavaThread "AWT-Windows"                daemon [_thread_in_native, id=7704, stack(0x00000050d1a00000,0x00000050d1b00000) (1024K)]
  0x00000214840b9400 JavaThread "AWT-EventQueue-0"                  [_thread_in_native, id=5588, stack(0x00000050d1b00000,0x00000050d1c00000) (1024K)]
  0x000002141ee4da20 JavaThread "DestroyJavaVM"                     [_thread_blocked, id=14884, stack(0x00000050d0500000,0x00000050d0600000) (1024K)]
  0x00000214844ab480 JavaThread "TimerQueue"                 daemon [_thread_blocked, id=13848, stack(0x00000050d2200000,0x00000050d2300000) (1024K)]
  0x0000021484678630 JavaThread "mysql-cj-abandoned-connection-cleanup" daemon [_thread_blocked, id=15588, stack(0x00000050d1700000,0x00000050d1800000) (1024K)]
Total: 17

Other Threads:
  0x000002143e6b7760 VMThread "VM Thread"                           [id=4852, stack(0x00000050d0c00000,0x00000050d0d00000) (1024K)]
  0x000002142114eae0 WatcherThread "VM Periodic Task Thread"        [id=2884, stack(0x00000050d0b00000,0x00000050d0c00000) (1024K)]
  0x00000214210d25f0 WorkerThread "GC Thread#0"                     [id=13356, stack(0x00000050d0600000,0x00000050d0700000) (1024K)]
  0x00000214847dc430 WorkerThread "GC Thread#1"                     [id=11164, stack(0x00000050d1d00000,0x00000050d1e00000) (1024K)]
  0x00000214856a0010 WorkerThread "GC Thread#2"                     [id=12396, stack(0x00000050d1e00000,0x00000050d1f00000) (1024K)]
  0x00000214856a03c0 WorkerThread "GC Thread#3"                     [id=7424, stack(0x00000050d1f00000,0x00000050d2000000) (1024K)]
  0x00000214210e3170 ConcurrentGCThread "G1 Main Marker"            [id=7884, stack(0x00000050d0700000,0x00000050d0800000) (1024K)]
  0x00000214210e4420 WorkerThread "G1 Conc#0"                       [id=16100, stack(0x00000050d0800000,0x00000050d0900000) (1024K)]
  0x0000021421145240 ConcurrentGCThread "G1 Refine#0"               [id=2004, stack(0x00000050d0900000,0x00000050d0a00000) (1024K)]
  0x0000021421145dc0 ConcurrentGCThread "G1 Service"                [id=12116, stack(0x00000050d0a00000,0x00000050d0b00000) (1024K)]
Total: 10

Threads with active compile tasks:
Total: 0

VM state: not at safepoint (normal execution)

VM Mutex/Monitor currently owned by a thread: None

Heap address: 0x0000000745400000, size: 2988 MB, Compressed Oops mode: Zero based, Oop shift amount: 3

CDS archive(s) mapped at: [0x000002143f000000-0x000002143fd70000-0x000002143fd70000), size 14090240, SharedBaseAddress: 0x000002143f000000, ArchiveRelocationMode: 1.
Compressed class space mapped at: 0x0000021440000000-0x0000021480000000, reserved size: 1073741824
Narrow klass base: 0x000002143f000000, Narrow klass shift: 0, Narrow klass range: 0x41000000

GC Precious Log:
 CardTable entry size: 512
 Card Set container configuration: InlinePtr #cards 4 size 8 Array Of Cards #cards 16 size 48 Howl #buckets 8 coarsen threshold 3686 Howl Bitmap #cards 512 size 80 coarsen threshold 460 Card regions per heap region 1 cards per card region 4096
 CPUs: 4 total, 4 available
 Memory: 11947M
 Large Page Support: Disabled
 NUMA Support: Disabled
 Compressed Oops: Enabled (Zero based)
 Heap Region Size: 2M
 Heap Min Capacity: 8M
 Heap Initial Capacity: 188M
 Heap Max Capacity: 2988M
 Pre-touch: Disabled
 Parallel Workers: 4
 Concurrent Workers: 1
 Concurrent Refinement Workers: 4
 Periodic GC: Disabled

Heap:
 garbage-first heap   total reserved 3059712K, committed 69632K, used 40324K [0x0000000745400000, 0x0000000800000000)
  region size 2048K, 13 young (26624K), 2 survivors (4096K)
 Metaspace       used 24498K, committed 24832K, reserved 1114112K
  class space    used 2778K, committed 2944K, reserved 1048576K

Heap Regions: E=young(eden), S=young(survivor), O=old, HS=humongous(starts), HC=humongous(continues), CS=collection set, F=free, TAMS=top-at-mark-start, PB=parsable bottom
|   0|0x0000000745400000, 0x0000000745600000, 0x0000000745600000|100%| O|  |TAMS 0x0000000745400000| PB 0x0000000745400000| Untracked |  0
|   1|0x0000000745600000, 0x0000000745800000, 0x0000000745800000|100%| O|  |TAMS 0x0000000745600000| PB 0x0000000745600000| Untracked |  0
|   2|0x0000000745800000, 0x0000000745a00000, 0x0000000745a00000|100%| O|Cm|TAMS 0x0000000745800000| PB 0x0000000745800000| Complete |  0
|   3|0x0000000745a00000, 0x0000000745c00000, 0x0000000745c00000|100%|HS|  |TAMS 0x0000000745a00000| PB 0x0000000745a00000| Complete |  0
|   4|0x0000000745c00000, 0x0000000745e00000, 0x0000000745e00000|100%|HC|  |TAMS 0x0000000745c00000| PB 0x0000000745c00000| Complete |  0
|   5|0x0000000745e00000, 0x0000000745f61358, 0x0000000746000000| 68%| O|  |TAMS 0x0000000745e00000| PB 0x0000000745e00000| Untracked |  0
|   6|0x0000000746000000, 0x0000000746200000, 0x0000000746200000|100%|HS|  |TAMS 0x0000000746000000| PB 0x0000000746000000| Complete |  0
|   7|0x0000000746200000, 0x0000000746400000, 0x0000000746400000|100%|HC|  |TAMS 0x0000000746200000| PB 0x0000000746200000| Complete |  0
|   8|0x0000000746400000, 0x0000000746400000, 0x0000000746600000|  0%| F|  |TAMS 0x0000000746400000| PB 0x0000000746400000| Untracked |  0
|   9|0x0000000746600000, 0x0000000746600000, 0x0000000746800000|  0%| F|  |TAMS 0x0000000746600000| PB 0x0000000746600000| Untracked |  0
|  10|0x0000000746800000, 0x0000000746800000, 0x0000000746a00000|  0%| F|  |TAMS 0x0000000746800000| PB 0x0000000746800000| Untracked |  0
|  11|0x0000000746a00000, 0x0000000746a00000, 0x0000000746c00000|  0%| F|  |TAMS 0x0000000746a00000| PB 0x0000000746a00000| Untracked |  0
|  12|0x0000000746c00000, 0x0000000746c00000, 0x0000000746e00000|  0%| F|  |TAMS 0x0000000746c00000| PB 0x0000000746c00000| Untracked |  0
|  13|0x0000000746e00000, 0x0000000746e00000, 0x0000000747000000|  0%| F|  |TAMS 0x0000000746e00000| PB 0x0000000746e00000| Untracked |  0
|  14|0x0000000747000000, 0x0000000747000000, 0x0000000747200000|  0%| F|  |TAMS 0x0000000747000000| PB 0x0000000747000000| Untracked |  0
|  15|0x0000000747200000, 0x0000000747200000, 0x0000000747400000|  0%| F|  |TAMS 0x0000000747200000| PB 0x0000000747200000| Untracked |  0
|  16|0x0000000747400000, 0x0000000747400000, 0x0000000747600000|  0%| F|  |TAMS 0x0000000747400000| PB 0x0000000747400000| Untracked |  0
|  17|0x0000000747600000, 0x0000000747600000, 0x0000000747800000|  0%| F|  |TAMS 0x0000000747600000| PB 0x0000000747600000| Untracked |  0
|  18|0x0000000747800000, 0x0000000747800000, 0x0000000747a00000|  0%| F|  |TAMS 0x0000000747800000| PB 0x0000000747800000| Untracked |  0
|  19|0x0000000747a00000, 0x0000000747a00000, 0x0000000747c00000|  0%| F|  |TAMS 0x0000000747a00000| PB 0x0000000747a00000| Untracked |  0
|  20|0x0000000747c00000, 0x0000000747c00000, 0x0000000747e00000|  0%| F|  |TAMS 0x0000000747c00000| PB 0x0000000747c00000| Untracked |  0
|  21|0x0000000747e00000, 0x0000000747f11e30, 0x0000000748000000| 53%| E|  |TAMS 0x0000000747e00000| PB 0x0000000747e00000| Complete |  0
|  22|0x0000000748000000, 0x0000000748200000, 0x0000000748200000|100%| E|CS|TAMS 0x0000000748000000| PB 0x0000000748000000| Complete |  0
|  23|0x0000000748200000, 0x0000000748400000, 0x0000000748400000|100%| E|CS|TAMS 0x0000000748200000| PB 0x0000000748200000| Complete |  0
|  24|0x0000000748400000, 0x0000000748600000, 0x0000000748600000|100%| E|CS|TAMS 0x0000000748400000| PB 0x0000000748400000| Complete |  0
|  25|0x0000000748600000, 0x0000000748800000, 0x0000000748800000|100%| E|CS|TAMS 0x0000000748600000| PB 0x0000000748600000| Complete |  0
|  26|0x0000000748800000, 0x0000000748a00000, 0x0000000748a00000|100%| E|CS|TAMS 0x0000000748800000| PB 0x0000000748800000| Complete |  0
|  27|0x0000000748a00000, 0x0000000748c00000, 0x0000000748c00000|100%| E|CS|TAMS 0x0000000748a00000| PB 0x0000000748a00000| Complete |  0
|  28|0x0000000748c00000, 0x0000000748e00000, 0x0000000748e00000|100%| E|CS|TAMS 0x0000000748c00000| PB 0x0000000748c00000| Complete |  0
|  29|0x0000000748e00000, 0x0000000749000000, 0x0000000749000000|100%| E|CS|TAMS 0x0000000748e00000| PB 0x0000000748e00000| Complete |  0
|  30|0x0000000749000000, 0x0000000749200000, 0x0000000749200000|100%| E|CS|TAMS 0x0000000749000000| PB 0x0000000749000000| Complete |  0
|  84|0x000000074fc00000, 0x000000074fe00000, 0x000000074fe00000|100%| S|CS|TAMS 0x000000074fc00000| PB 0x000000074fc00000| Complete |  0
|  85|0x000000074fe00000, 0x0000000750000000, 0x0000000750000000|100%| S|CS|TAMS 0x000000074fe00000| PB 0x000000074fe00000| Complete |  0
|  93|0x0000000750e00000, 0x0000000751000000, 0x0000000751000000|100%| E|CS|TAMS 0x0000000750e00000| PB 0x0000000750e00000| Complete |  0

Card table byte_map: [0x0000021438da0000,0x0000021439380000] _byte_map_base: 0x0000021435376000

Marking Bits: (CMBitMap*) 0x00000214210d2d00
 Bits: [0x0000021439380000, 0x000002143c230000)

Polling page: 0x000002141ef30000

Metaspace:

Usage:
  Non-class:     21.21 MB used.
      Class:      2.71 MB used.
       Both:     23.92 MB used.

Virtual space:
  Non-class space:       64.00 MB reserved,      21.38 MB ( 33%) committed,  1 nodes.
      Class space:        1.00 GB reserved,       2.88 MB ( <1%) committed,  1 nodes.
             Both:        1.06 GB reserved,      24.25 MB (  2%) committed. 

Chunk freelists:
   Non-Class:  10.19 MB
       Class:  13.17 MB
        Both:  23.36 MB

MaxMetaspaceSize: unlimited
CompressedClassSpaceSize: 1.00 GB
Initial GC threshold: 21.00 MB
Current GC threshold: 35.44 MB
CDS: on
 - commit_granule_bytes: 65536.
 - commit_granule_words: 8192.
 - virtual_space_node_default_size: 8388608.
 - enlarge_chunks_in_place: 1.
 - use_allocation_guard: 0.


Internal statistics:

num_allocs_failed_limit: 3.
num_arena_births: 248.
num_arena_deaths: 0.
num_vsnodes_births: 2.
num_vsnodes_deaths: 0.
num_space_committed: 388.
num_space_uncommitted: 0.
num_chunks_returned_to_freelist: 3.
num_chunks_taken_from_freelist: 481.
num_chunk_merges: 0.
num_chunk_splits: 291.
num_chunks_enlarged: 155.
num_inconsistent_stats: 0.

CodeHeap 'non-profiled nmethods': size=120064Kb used=1477Kb max_used=1477Kb free=118586Kb
 bounds [0x0000021431280000, 0x00000214314f0000, 0x00000214387c0000]
CodeHeap 'profiled nmethods': size=120000Kb used=6907Kb max_used=6907Kb free=113092Kb
 bounds [0x00000214297c0000, 0x0000021429e80000, 0x0000021430cf0000]
CodeHeap 'non-nmethods': size=5696Kb used=1809Kb max_used=1844Kb free=3886Kb
 bounds [0x0000021430cf0000, 0x0000021430f60000, 0x0000021431280000]
CodeCache: size=245760Kb, used=10193Kb, max_used=10228Kb, free=235564Kb
 total_blobs=5389, nmethods=4544, adapters=749, full_count=0
Compilation: enabled, stopped_count=0, restarted_count=0

Compilation events (20 events):
Event: 59070.166 Thread 0x000002143e6ea990 4532       1       java.awt.geom.RoundRectangle2D$Double::getX (5 bytes)
Event: 59070.166 Thread 0x000002143e6ea990 nmethod 4532 0x00000214313efc88 code [0x00000214313efda0, 0x00000214313efe68]
Event: 59070.166 Thread 0x000002143e6ea990 4533       1       java.awt.geom.RoundRectangle2D$Double::getY (5 bytes)
Event: 59070.166 Thread 0x000002143e6ea990 nmethod 4533 0x00000214313eff88 code [0x00000214313f00a0, 0x00000214313f0168]
Event: 59070.166 Thread 0x000002143e6ea990 4534       1       java.awt.geom.RoundRectangle2D$Double::getWidth (5 bytes)
Event: 59070.166 Thread 0x000002143e6ea990 nmethod 4534 0x00000214313f0288 code [0x00000214313f03a0, 0x00000214313f0468]
Event: 59070.166 Thread 0x000002143e6ea990 4535       1       java.awt.geom.RoundRectangle2D$Double::getHeight (5 bytes)
Event: 59070.166 Thread 0x000002143e6ea990 nmethod 4535 0x00000214313f0588 code [0x00000214313f06a0, 0x00000214313f0768]
Event: 59070.166 Thread 0x000002143e6ea990 4536       1       java.awt.geom.RoundRectangle2D$Double::getArcWidth (5 bytes)
Event: 59070.166 Thread 0x000002143e6ea990 nmethod 4536 0x00000214313f0888 code [0x00000214313f09a0, 0x00000214313f0a68]
Event: 59070.166 Thread 0x000002143e6ea990 4537       1       java.awt.geom.RoundRectangle2D$Double::getArcHeight (5 bytes)
Event: 59070.166 Thread 0x000002143e6ea990 nmethod 4537 0x00000214313f0b88 code [0x00000214313f0ca0, 0x00000214313f0d68]
Event: 59070.166 Thread 0x000002143e6ea990 4538       1       java.awt.geom.RoundRectIterator::getWindingRule (2 bytes)
Event: 59070.166 Thread 0x000002143e6ea990 nmethod 4538 0x00000214313f0e88 code [0x00000214313f0fa0, 0x00000214313f1068]
Event: 59070.187 Thread 0x000002143e6ea990 4542  s    3       javax.swing.text.DefaultCaret::damage (56 bytes)
Event: 59070.188 Thread 0x000002143e6ea990 nmethod 4542 0x0000021429e7e508 code [0x0000021429e7e640, 0x0000021429e7ea10]
Event: 59070.188 Thread 0x000002143e6ea990 4543       3       javax.swing.text.DefaultCaret$1::run (8 bytes)
Event: 59070.188 Thread 0x000002143e6ea990 nmethod 4543 0x0000021429e7ea88 code [0x0000021429e7eba0, 0x0000021429e7ed70]
Event: 59070.277 Thread 0x000002143e6e5b10 4544       4       java.util.ArrayList::<init> (12 bytes)
Event: 59070.279 Thread 0x000002143e6e5b10 nmethod 4544 0x00000214313f1188 code [0x00000214313f1280, 0x00000214313f13d0]

GC Heap History (6 events):
Event: 0.612 GC heap before
{Heap before GC invocations=0 (full 0):
 garbage-first heap   total reserved 3059712K, committed 192512K, used 12288K [0x0000000745400000, 0x0000000800000000)
  region size 2048K, 7 young (14336K), 0 survivors (0K)
 Metaspace       used 8794K, committed 9024K, reserved 1114112K
  class space    used 1019K, committed 1152K, reserved 1048576K
}
Event: 0.617 GC heap after
{Heap after GC invocations=1 (full 0):
 garbage-first heap   total reserved 3059712K, committed 192512K, used 6688K [0x0000000745400000, 0x0000000800000000)
  region size 2048K, 1 young (2048K), 1 survivors (2048K)
 Metaspace       used 8794K, committed 9024K, reserved 1114112K
  class space    used 1019K, committed 1152K, reserved 1048576K
}
Event: 21.213 GC heap before
{Heap before GC invocations=1 (full 0):
 garbage-first heap   total reserved 3059712K, committed 192512K, used 21024K [0x0000000745400000, 0x0000000800000000)
  region size 2048K, 6 young (12288K), 1 survivors (2048K)
 Metaspace       used 15656K, committed 15936K, reserved 1114112K
  class space    used 1769K, committed 1856K, reserved 1048576K
}
Event: 21.218 GC heap after
{Heap after GC invocations=2 (full 0):
 garbage-first heap   total reserved 3059712K, committed 192512K, used 13633K [0x0000000745400000, 0x0000000800000000)
  region size 2048K, 1 young (2048K), 1 survivors (2048K)
 Metaspace       used 15656K, committed 15936K, reserved 1114112K
  class space    used 1769K, committed 1856K, reserved 1048576K
}
Event: 26.366 GC heap before
{Heap before GC invocations=2 (full 0):
 garbage-first heap   total reserved 3059712K, committed 192512K, used 27969K [0x0000000745400000, 0x0000000800000000)
  region size 2048K, 8 young (16384K), 1 survivors (2048K)
 Metaspace       used 21286K, committed 21504K, reserved 1114112K
  class space    used 2448K, committed 2560K, reserved 1048576K
}
Event: 26.370 GC heap after
{Heap after GC invocations=3 (full 0):
 garbage-first heap   total reserved 3059712K, committed 192512K, used 19844K [0x0000000745400000, 0x0000000800000000)
  region size 2048K, 2 young (4096K), 2 survivors (4096K)
 Metaspace       used 21286K, committed 21504K, reserved 1114112K
  class space    used 2448K, committed 2560K, reserved 1048576K
}

Dll operation events (12 events):
Event: 0.007 Loaded shared library C:\Program Files\Java\jdk-23\bin\java.dll
Event: 0.035 Loaded shared library C:\Program Files\Java\jdk-23\bin\jsvml.dll
Event: 0.069 Loaded shared library C:\Program Files\Java\jdk-23\bin\net.dll
Event: 0.070 Loaded shared library C:\Program Files\Java\jdk-23\bin\nio.dll
Event: 0.073 Loaded shared library C:\Program Files\Java\jdk-23\bin\zip.dll
Event: 0.118 Loaded shared library C:\Program Files\Java\jdk-23\bin\jimage.dll
Event: 0.147 Loaded shared library C:\Program Files\Java\jdk-23\bin\awt.dll
Event: 0.266 Loaded shared library C:\Program Files\Java\jdk-23\bin\freetype.dll
Event: 0.267 Loaded shared library C:\Program Files\Java\jdk-23\bin\fontmanager.dll
Event: 15.701 Loaded shared library C:\Program Files\Java\jdk-23\bin\extnet.dll
Event: 21.415 Loaded shared library C:\Program Files\Java\jdk-23\bin\sunmscapi.dll
Event: 26.351 Loaded shared library C:\Program Files\Java\jdk-23\bin\verify.dll

Deoptimization events (20 events):
Event: 39.369 Thread 0x00000214840b9400 DEOPT PACKING pc=0x0000021429c98c43 sp=0x00000050d1bfca00
Event: 39.369 Thread 0x00000214840b9400 DEOPT UNPACKING pc=0x0000021430d44b22 sp=0x00000050d1bfbe88 mode 0
Event: 414.315 Thread 0x00000214840b9400 DEOPT PACKING pc=0x0000021429c2be62 sp=0x00000050d1bfd050
Event: 414.316 Thread 0x00000214840b9400 DEOPT UNPACKING pc=0x0000021430d44b22 sp=0x00000050d1bfc530 mode 0
Event: 417.725 Thread 0x00000214840b9400 Uncommon trap: trap_request=0xffffff66 fr.pc=0x00000214313b9954 relative=0x0000000000000214
Event: 417.725 Thread 0x00000214840b9400 Uncommon trap: reason=speculate_class_check action=maybe_recompile pc=0x00000214313b9954 method=sun.security.util.math.intpoly.IntegerPolynomial.multByInt([JJ)V @ 26 c2
Event: 417.725 Thread 0x00000214840b9400 DEOPT PACKING pc=0x00000214313b9954 sp=0x00000050d1bfcb50
Event: 417.726 Thread 0x00000214840b9400 DEOPT UNPACKING pc=0x0000021430d44402 sp=0x00000050d1bfca08 mode 2
Event: 418.923 Thread 0x00000214840b9400 DEOPT PACKING pc=0x0000021429c977b7 sp=0x00000050d1bfca30
Event: 418.924 Thread 0x00000214840b9400 DEOPT UNPACKING pc=0x0000021430d44b22 sp=0x00000050d1bfbeb8 mode 0
Event: 418.932 Thread 0x00000214840b9400 Uncommon trap: trap_request=0xffffff66 fr.pc=0x00000214313b9954 relative=0x0000000000000214
Event: 418.932 Thread 0x00000214840b9400 Uncommon trap: reason=speculate_class_check action=maybe_recompile pc=0x00000214313b9954 method=sun.security.util.math.intpoly.IntegerPolynomial.multByInt([JJ)V @ 26 c2
Event: 418.932 Thread 0x00000214840b9400 DEOPT PACKING pc=0x00000214313b9954 sp=0x00000050d1bfc9f0
Event: 418.932 Thread 0x00000214840b9400 DEOPT UNPACKING pc=0x0000021430d44402 sp=0x00000050d1bfc8a8 mode 2
Event: 419.052 Thread 0x00000214840b9400 DEOPT PACKING pc=0x0000021429aed341 sp=0x00000050d1bfd4d0
Event: 419.052 Thread 0x00000214840b9400 DEOPT UNPACKING pc=0x0000021430d44b22 sp=0x00000050d1bfc940 mode 0
Event: 593.540 Thread 0x00000214840b9400 Uncommon trap: trap_request=0xffffff45 fr.pc=0x00000214313aae98 relative=0x0000000000000db8
Event: 593.540 Thread 0x00000214840b9400 Uncommon trap: reason=unstable_if action=reinterpret pc=0x00000214313aae98 method=java.awt.Container.findComponentAtImpl(IIZ)Ljava/awt/Component; @ 6 c2
Event: 593.540 Thread 0x00000214840b9400 DEOPT PACKING pc=0x00000214313aae98 sp=0x00000050d1bfc240
Event: 593.540 Thread 0x00000214840b9400 DEOPT UNPACKING pc=0x0000021430d44402 sp=0x00000050d1bfc1f0 mode 2

Classes loaded (20 events):
Event: 34.067 Loading class sun/security/ssl/Alert$AlertConsumer
Event: 34.068 Loading class sun/security/ssl/Alert$AlertConsumer done
Event: 34.068 Loading class sun/security/ssl/Alert$Level
Event: 34.068 Loading class sun/security/ssl/Alert$Level done
Event: 34.069 Loading class jdk/internal/math/FDBigInteger
Event: 34.069 Loading class jdk/internal/math/FDBigInteger done
Event: 34.075 Loading class com/sun/java/swing/plaf/windows/WindowsTextAreaUI
Event: 34.075 Loading class javax/swing/plaf/basic/BasicTextAreaUI
Event: 34.075 Loading class javax/swing/plaf/basic/BasicTextAreaUI done
Event: 34.076 Loading class com/sun/java/swing/plaf/windows/WindowsTextAreaUI done
Event: 34.077 Loading class javax/swing/text/WrappedPlainView
Event: 34.077 Loading class javax/swing/text/WrappedPlainView done
Event: 34.077 Loading class javax/swing/text/WrappedPlainView$WrappedLine
Event: 34.077 Loading class javax/swing/text/WrappedPlainView$WrappedLine done
Event: 37.612 Loading class java/lang/StringIndexOutOfBoundsException
Event: 37.612 Loading class java/lang/StringIndexOutOfBoundsException done
Event: 40.255 Loading class javax/swing/JTable$PrintMode
Event: 40.255 Loading class javax/swing/JTable$PrintMode done
Event: 40.255 Loading class javax/swing/table/DefaultTableCellRenderer$UIResource
Event: 40.256 Loading class javax/swing/table/DefaultTableCellRenderer$UIResource done

Classes unloaded (0 events):
No events

Classes redefined (0 events):
No events

Internal exceptions (20 events):
Event: 0.307 Thread 0x000002141ee4da20 Exception <a 'java/lang/ClassNotFoundException'{0x00000007508fb068}: TreeCell> (0x00000007508fb068) 
thrown [s\open\src\hotspot\share\classfile\systemDictionary.cpp, line 313]
Event: 0.307 Thread 0x000002141ee4da20 Exception <a 'java/lang/ClassNotFoundException'{0x00000007508fb820}: RootPane> (0x00000007508fb820) 
thrown [s\open\src\hotspot\share\classfile\systemDictionary.cpp, line 313]
Event: 0.309 Thread 0x000002141ee4da20 Exception <a 'java/lang/ClassNotFoundException'{0x00000007508fe680}: com/sun/swing/internal/plaf/metal/resources/spi/metalProvider> (0x00000007508fe680) 
thrown [s\open\src\hotspot\share\classfile\systemDictionary.cpp, line 313]
Event: 0.309 Thread 0x000002141ee4da20 Exception <a 'java/lang/ClassNotFoundException'{0x0000000750902390}: com/sun/swing/internal/plaf/basic/resources/spi/basicProvider> (0x0000000750902390) 
thrown [s\open\src\hotspot\share\classfile\systemDictionary.cpp, line 313]
Event: 0.342 Thread 0x00000214840b9400 Exception <a 'java/lang/ClassNotFoundException'{0x000000075097e9a0}: com/sun/swing/internal/plaf/synth/resources/spi/synthProvider> (0x000000075097e9a0) 
thrown [s\open\src\hotspot\share\classfile\systemDictionary.cpp, line 313]
Event: 0.360 Thread 0x00000214840b9400 Exception <a 'java/lang/NoSuchMethodError'{0x000000075060abc0}: 'int java.lang.invoke.Invokers$Holder.invokeExact_MT(java.lang.Object, java.lang.Object)'> (0x000000075060abc0) 
thrown [s\open\src\hotspot\share\interpreter\linkResolver.cpp, line 796]
Event: 0.365 Thread 0x00000214840b9400 Exception <a 'java/lang/NoSuchMethodError'{0x0000000750615988}: 'void java.lang.invoke.DirectMethodHandle$Holder.invokeStaticInit(java.lang.Object)'> (0x0000000750615988) 
thrown [s\open\src\hotspot\share\interpreter\linkResolver.cpp, line 796]
Event: 0.378 Thread 0x00000214840b9400 Exception <a 'java/lang/ClassNotFoundException'{0x0000000750670790}: com/sun/java/swing/plaf/windows/resources/spi/windowsProvider> (0x0000000750670790) 
thrown [s\open\src\hotspot\share\classfile\systemDictionary.cpp, line 313]
Event: 0.383 Thread 0x00000214840b9400 Exception <a 'java/lang/NoSuchMethodError'{0x0000000750679d38}: 'java.lang.Object java.lang.invoke.DirectMethodHandle$Holder.invokeStatic(java.lang.Object, java.lang.Object, int, java.lang.Object)'> (0x0000000750679d38) 
thrown [s\open\src\hotspot\share\interpreter\linkResolver.cpp, line 796]
Event: 0.383 Thread 0x00000214840b9400 Exception <a 'java/lang/NoSuchMethodError'{0x0000000750680298}: 'java.lang.Object java.lang.invoke.DirectMethodHandle$Holder.newInvokeSpecial(java.lang.Object, java.lang.Object, int)'> (0x0000000750680298) 
thrown [s\open\src\hotspot\share\interpreter\linkResolver.cpp, line 796]
Event: 0.417 Thread 0x000002148403f590 Exception <a 'java/lang/NoSuchMethodError'{0x0000000750b74e68}: 'void java.lang.invoke.DirectMethodHandle$Holder.invokeVirtual(java.lang.Object, java.lang.Object)'> (0x0000000750b74e68) 
thrown [s\open\src\hotspot\share\interpreter\linkResolver.cpp, line 796]
Event: 0.528 Thread 0x00000214847753e0 Exception <a 'java/lang/NoSuchMethodError'{0x00000007505114f0}: 'java.lang.Object java.lang.invoke.DirectMethodHandle$Holder.newInvokeSpecial(java.lang.Object, java.lang.Object, java.lang.Object, int, int, int, int, int)'> (0x00000007505114f0) 
thrown [s\open\src\hotspot\share\interpreter\linkResolver.cpp, line 796]
Event: 15.602 Thread 0x00000214840b9400 Exception <a 'java/lang/NoSuchMethodError'{0x0000000750db8130}: 'void java.lang.invoke.DirectMethodHandle$Holder.invokeStatic(java.lang.Object, java.lang.Object)'> (0x0000000750db8130) 
thrown [s\open\src\hotspot\share\interpreter\linkResolver.cpp, line 796]
Event: 15.622 Thread 0x00000214840b9400 Exception <a 'java/lang/NoSuchMethodError'{0x0000000750a637c0}: 'java.lang.Object java.lang.invoke.DirectMethodHandle$Holder.invokeInterface(java.lang.Object, java.lang.Object)'> (0x0000000750a637c0) 
thrown [s\open\src\hotspot\share\interpreter\linkResolver.cpp, line 796]
Event: 15.642 Thread 0x00000214840b9400 Exception <a 'java/lang/NoSuchMethodError'{0x0000000750aeed40}: 'java.lang.Object java.lang.invoke.DirectMethodHandle$Holder.invokeVirtual(java.lang.Object, java.lang.Object, java.lang.Object)'> (0x0000000750aeed40) 
thrown [s\open\src\hotspot\share\interpreter\linkResolver.cpp, line 796]
Event: 21.305 Thread 0x00000214840b9400 Exception <a 'sun/nio/fs/WindowsException'{0x000000075085b570}> (0x000000075085b570) 
thrown [s\open\src\hotspot\share\prims\jni.cpp, line 520]
Event: 21.352 Thread 0x00000214840b9400 Exception <a 'java/lang/NoSuchMethodError'{0x0000000750907330}: 'java.lang.Object java.lang.invoke.DirectMethodHandle$Holder.invokeStaticInit(java.lang.Object, int, int, int, int)'> (0x0000000750907330) 
thrown [s\open\src\hotspot\share\interpreter\linkResolver.cpp, line 796]
Event: 21.367 Thread 0x00000214840b9400 Exception <a 'java/lang/NoSuchMethodError'{0x00000007509589a0}: 'java.lang.Object java.lang.invoke.DirectMethodHandle$Holder.invokeStaticInit(java.lang.Object, java.lang.Object, int, int, int, int)'> (0x00000007509589a0) 
thrown [s\open\src\hotspot\share\interpreter\linkResolver.cpp, line 796]
Event: 40.070 Thread 0x00000214840b9400 Exception <a 'java/lang/NoSuchMethodError'{0x0000000748d9eb48}: 'java.lang.Object java.lang.invoke.DirectMethodHandle$Holder.invokeSpecial(java.lang.Object, java.lang.Object, java.lang.Object, java.lang.Object, java.lang.Object, int)'> (0x0000000748d9eb48) 
thrown [s\open\src\hotspot\share\interpreter\linkResolver.cpp, line 796]
Event: 40.070 Thread 0x00000214840b9400 Exception <a 'java/lang/NoSuchMethodError'{0x0000000748da25e0}: 'java.lang.Object java.lang.invoke.Invokers$Holder.linkToTargetMethod(java.lang.Object, java.lang.Object, java.lang.Object, int, java.lang.Object)'> (0x0000000748da25e0) 
thrown [s\open\src\hotspot\share\interpreter\linkResolver.cpp, line 796]

VM Operations (20 events):
Event: 481.139 Executing VM operation: HandshakeAllThreads (HandshakeForDeflation)
Event: 481.139 Executing VM operation: HandshakeAllThreads (HandshakeForDeflation) done
Event: 481.139 Executing VM operation: RendezvousGCThreads
Event: 481.139 Executing VM operation: RendezvousGCThreads done
Event: 601.245 Executing VM operation: HandshakeAllThreads (HandshakeForDeflation)
Event: 601.245 Executing VM operation: HandshakeAllThreads (HandshakeForDeflation) done
Event: 601.245 Executing VM operation: RendezvousGCThreads
Event: 601.245 Executing VM operation: RendezvousGCThreads done
Event: 49405.360 Executing VM operation: HandshakeAllThreads (HandshakeForDeflation)
Event: 49405.360 Executing VM operation: HandshakeAllThreads (HandshakeForDeflation) done
Event: 49405.360 Executing VM operation: RendezvousGCThreads
Event: 49405.360 Executing VM operation: RendezvousGCThreads done
Event: 53250.886 Executing VM operation: HandshakeAllThreads (HandshakeForDeflation)
Event: 53250.886 Executing VM operation: HandshakeAllThreads (HandshakeForDeflation) done
Event: 53250.887 Executing VM operation: RendezvousGCThreads
Event: 53250.887 Executing VM operation: RendezvousGCThreads done
Event: 57098.191 Executing VM operation: HandshakeAllThreads (HandshakeForDeflation)
Event: 57098.191 Executing VM operation: HandshakeAllThreads (HandshakeForDeflation) done
Event: 57098.191 Executing VM operation: RendezvousGCThreads
Event: 57098.191 Executing VM operation: RendezvousGCThreads done

Memory protections (0 events):
No events

Nmethod flushes (0 events):
No events

Events (20 events):
Event: 5.967 Thread 0x00000214840b9400 Thread added: 0x00000214856da400
Event: 6.025 Thread 0x00000214840b9400 Thread added: 0x00000214844ab480
Event: 10.971 Thread 0x00000214856da400 Thread exited: 0x00000214856da400
Event: 15.603 Thread 0x00000214840b9400 Thread added: 0x0000021484678630
Event: 15.653 Thread 0x000002143e6ea990 Thread added: 0x00000214843094e0
Event: 15.835 Thread 0x00000214843094e0 Thread exited: 0x00000214843094e0
Event: 21.357 Thread 0x000002143e6ea990 Thread added: 0x000002148580bf60
Event: 21.588 Thread 0x000002148580bf60 Thread exited: 0x000002148580bf60
Event: 21.617 Thread 0x000002143e6ea990 Thread added: 0x000002148580bf60
Event: 22.085 Thread 0x000002148580bf60 Thread exited: 0x000002148580bf60
Event: 22.747 Thread 0x000002143e6ea990 Thread added: 0x000002148432e560
Event: 24.022 Thread 0x000002148432e560 Thread exited: 0x000002148432e560
Event: 26.391 Thread 0x000002143e6ea990 Thread added: 0x00000214858e3fd0
Event: 26.468 Thread 0x00000214840b9400 Thread added: 0x00000214858de000
Event: 27.148 Thread 0x00000214858e3fd0 Thread exited: 0x00000214858e3fd0
Event: 31.504 Thread 0x00000214858de000 Thread exited: 0x00000214858de000
Event: 33.171 Thread 0x000002143e6ea990 Thread added: 0x00000214842091b0
Event: 33.284 Thread 0x00000214842091b0 Thread exited: 0x00000214842091b0
Event: 40.318 Thread 0x000002143e6ea990 Thread added: 0x0000021485693620
Event: 45.335 Thread 0x0000021485693620 Thread exited: 0x0000021485693620


Dynamic libraries:
0x00007ff7ad2d0000 - 0x00007ff7ad2e0000 	C:\Program Files\Java\jdk-23\bin\java.exe
0x00007ffde4850000 - 0x00007ffde4a48000 	C:\WINDOWS\SYSTEM32\ntdll.dll
0x00007ffde33b0000 - 0x00007ffde3472000 	C:\WINDOWS\System32\KERNEL32.DLL
0x00007ffde2020000 - 0x00007ffde231e000 	C:\WINDOWS\System32\KERNELBASE.dll
0x00007ffde25a0000 - 0x00007ffde26a0000 	C:\WINDOWS\System32\ucrtbase.dll
0x00007ffdc5f30000 - 0x00007ffdc5f4b000 	C:\Program Files\Java\jdk-23\bin\VCRUNTIME140.dll
0x00007ffdd34e0000 - 0x00007ffdd34f7000 	C:\Program Files\Java\jdk-23\bin\jli.dll
0x00007ffde29d0000 - 0x00007ffde2b6d000 	C:\WINDOWS\System32\USER32.dll
0x00007ffdcefb0000 - 0x00007ffdcf24a000 	C:\WINDOWS\WinSxS\amd64_microsoft.windows.common-controls_6595b64144ccf1df_6.0.19041.4355_none_60b8b9eb71f62e16\COMCTL32.dll
0x00007ffde23e0000 - 0x00007ffde2402000 	C:\WINDOWS\System32\win32u.dll
0x00007ffde3310000 - 0x00007ffde33ae000 	C:\WINDOWS\System32\msvcrt.dll
0x00007ffde2b70000 - 0x00007ffde2b9b000 	C:\WINDOWS\System32\GDI32.dll
0x00007ffde26a0000 - 0x00007ffde27b7000 	C:\WINDOWS\System32\gdi32full.dll
0x00007ffde1f80000 - 0x00007ffde201d000 	C:\WINDOWS\System32\msvcp_win.dll
0x00007ffde3d30000 - 0x00007ffde3d5f000 	C:\WINDOWS\System32\IMM32.DLL
0x00007ffddcd50000 - 0x00007ffddcd5c000 	C:\Program Files\Java\jdk-23\bin\vcruntime140_1.dll
0x00007ffd69310000 - 0x00007ffd6939e000 	C:\Program Files\Java\jdk-23\bin\msvcp140.dll
0x00007ffd48b10000 - 0x00007ffd4985f000 	C:\Program Files\Java\jdk-23\bin\server\jvm.dll
0x00007ffde4230000 - 0x00007ffde42e1000 	C:\WINDOWS\System32\ADVAPI32.dll
0x00007ffde3160000 - 0x00007ffde31ff000 	C:\WINDOWS\System32\sechost.dll
0x00007ffde2f00000 - 0x00007ffde3023000 	C:\WINDOWS\System32\RPCRT4.dll
0x00007ffde2570000 - 0x00007ffde2597000 	C:\WINDOWS\System32\bcrypt.dll
0x00007ffde3090000 - 0x00007ffde30fb000 	C:\WINDOWS\System32\WS2_32.dll
0x00007ffde1480000 - 0x00007ffde14cb000 	C:\WINDOWS\SYSTEM32\POWRPROF.dll
0x00007ffdd8950000 - 0x00007ffdd895a000 	C:\WINDOWS\SYSTEM32\VERSION.dll
0x00007ffdcc630000 - 0x00007ffdcc657000 	C:\WINDOWS\SYSTEM32\WINMM.dll
0x00007ffde12f0000 - 0x00007ffde1302000 	C:\WINDOWS\SYSTEM32\UMPDC.dll
0x00007ffddfad0000 - 0x00007ffddfae2000 	C:\WINDOWS\SYSTEM32\kernel.appcore.dll
0x00007ffdd04a0000 - 0x00007ffdd04aa000 	C:\Program Files\Java\jdk-23\bin\jimage.dll
0x00007ffddc710000 - 0x00007ffddc8f4000 	C:\WINDOWS\SYSTEM32\DBGHELP.DLL
0x00007ffddc400000 - 0x00007ffddc434000 	C:\WINDOWS\SYSTEM32\dbgcore.DLL
0x00007ffde1ef0000 - 0x00007ffde1f72000 	C:\WINDOWS\System32\bcryptPrimitives.dll
0x00007ffdc5e90000 - 0x00007ffdc5eae000 	C:\Program Files\Java\jdk-23\bin\java.dll
0x00007ffde2dd0000 - 0x00007ffde2efb000 	C:\WINDOWS\System32\ole32.dll
0x00007ffde44b0000 - 0x00007ffde4803000 	C:\WINDOWS\System32\combase.dll
0x00007ffde3490000 - 0x00007ffde3bfd000 	C:\WINDOWS\System32\SHELL32.dll
0x00007ffddfdb0000 - 0x00007ffde0554000 	C:\WINDOWS\SYSTEM32\windows.storage.dll
0x00007ffde1920000 - 0x00007ffde194e000 	C:\WINDOWS\SYSTEM32\Wldp.dll
0x00007ffde3c00000 - 0x00007ffde3ccd000 	C:\WINDOWS\System32\OLEAUT32.dll
0x00007ffde2870000 - 0x00007ffde291d000 	C:\WINDOWS\System32\SHCORE.dll
0x00007ffde3cd0000 - 0x00007ffde3d25000 	C:\WINDOWS\System32\shlwapi.dll
0x00007ffde1e20000 - 0x00007ffde1e44000 	C:\WINDOWS\SYSTEM32\profapi.dll
0x00007ffd62270000 - 0x00007ffd62347000 	C:\Program Files\Java\jdk-23\bin\jsvml.dll
0x00007ffdd03e0000 - 0x00007ffdd03f0000 	C:\Program Files\Java\jdk-23\bin\net.dll
0x00007ffde1680000 - 0x00007ffde16ea000 	C:\WINDOWS\system32\mswsock.dll
0x00007ffdc5e50000 - 0x00007ffdc5e66000 	C:\Program Files\Java\jdk-23\bin\nio.dll
0x00007ffdc5c40000 - 0x00007ffdc5c57000 	C:\Program Files\Java\jdk-23\bin\zip.dll
0x00007ffd50fe0000 - 0x00007ffd5116e000 	C:\Program Files\Java\jdk-23\bin\awt.dll
0x00007ffddf310000 - 0x00007ffddf3a4000 	C:\WINDOWS\SYSTEM32\apphelp.dll
0x00007ffddf6e0000 - 0x00007ffddf77e000 	C:\WINDOWS\system32\uxtheme.dll
0x00007ffde2bd0000 - 0x00007ffde2ce5000 	C:\WINDOWS\System32\MSCTF.dll
0x00007ffddfaa0000 - 0x00007ffddfacf000 	C:\WINDOWS\system32\DWMAPI.DLL
0x00007ffd636b0000 - 0x00007ffd63737000 	C:\Program Files\Java\jdk-23\bin\freetype.dll
0x00007ffd62190000 - 0x00007ffd62267000 	C:\Program Files\Java\jdk-23\bin\fontmanager.dll
0x00007ffd7da20000 - 0x00007ffd7db48000 	C:\WINDOWS\system32\opengl32.dll
0x00007ffdd14e0000 - 0x00007ffdd150c000 	C:\WINDOWS\SYSTEM32\GLU32.dll
0x00007ffddce00000 - 0x00007ffddce3b000 	C:\WINDOWS\SYSTEM32\dxcore.dll
0x00007ffde2320000 - 0x00007ffde236e000 	C:\WINDOWS\System32\cfgmgr32.dll
0x00007ffdcd1a0000 - 0x00007ffdcd299000 	C:\WINDOWS\SYSTEM32\textinputframework.dll
0x00007ffddefa0000 - 0x00007ffddf092000 	C:\WINDOWS\System32\CoreMessaging.dll
0x00007ffddec40000 - 0x00007ffddef9b000 	C:\WINDOWS\System32\CoreUIComponents.dll
0x00007ffde1180000 - 0x00007ffde11b3000 	C:\WINDOWS\SYSTEM32\ntmarta.dll
0x00007ffdde400000 - 0x00007ffdde557000 	C:\WINDOWS\SYSTEM32\wintypes.dll
0x00007ffdc1780000 - 0x00007ffdc17e6000 	C:\WINDOWS\system32\Oleacc.dll
0x00007ffde2920000 - 0x00007ffde29c9000 	C:\WINDOWS\System32\clbcatq.dll
0x00007ffddf480000 - 0x00007ffddf634000 	C:\WINDOWS\SYSTEM32\WindowsCodecs.dll
0x00007ffdc1740000 - 0x00007ffdc177e000 	C:\WINDOWS\system32\dataexchange.dll
0x00007ffdde0a0000 - 0x00007ffdde303000 	C:\WINDOWS\system32\d3d11.dll
0x00007ffdde620000 - 0x00007ffdde804000 	C:\WINDOWS\system32\dcomp.dll
0x00007ffde0650000 - 0x00007ffde0746000 	C:\WINDOWS\system32\dxgi.dll
0x00007ffddd200000 - 0x00007ffddd403000 	C:\WINDOWS\system32\twinapi.appcore.dll
0x00007ffdcde60000 - 0x00007ffdcde69000 	C:\Program Files\Java\jdk-23\bin\extnet.dll
0x00007ffde1870000 - 0x00007ffde1888000 	C:\WINDOWS\SYSTEM32\CRYPTSP.dll
0x00007ffde0f30000 - 0x00007ffde0f64000 	C:\WINDOWS\system32\rsaenh.dll
0x00007ffde1da0000 - 0x00007ffde1dce000 	C:\WINDOWS\SYSTEM32\USERENV.dll
0x00007ffde1890000 - 0x00007ffde189c000 	C:\WINDOWS\SYSTEM32\CRYPTBASE.dll
0x00007ffde1310000 - 0x00007ffde134b000 	C:\WINDOWS\SYSTEM32\IPHLPAPI.DLL
0x00007ffde2bc0000 - 0x00007ffde2bc8000 	C:\WINDOWS\System32\NSI.dll
0x00007ffdd6290000 - 0x00007ffdd629e000 	C:\Program Files\Java\jdk-23\bin\sunmscapi.dll
0x00007ffde2410000 - 0x00007ffde256c000 	C:\WINDOWS\System32\CRYPT32.dll
0x00007ffde1990000 - 0x00007ffde19b7000 	C:\WINDOWS\SYSTEM32\ncrypt.dll
0x00007ffde1950000 - 0x00007ffde198b000 	C:\WINDOWS\SYSTEM32\NTASN1.dll
0x00007ffdcfce0000 - 0x00007ffdcfcf0000 	C:\Program Files\Java\jdk-23\bin\verify.dll

dbghelp: loaded successfully - version: 4.0.5 - missing functions: none
symbol engine: initialized successfully - sym options: 0x614 - pdb path: .;C:\Program Files\Java\jdk-23\bin;C:\WINDOWS\SYSTEM32;C:\WINDOWS\WinSxS\amd64_microsoft.windows.common-controls_6595b64144ccf1df_6.0.19041.4355_none_60b8b9eb71f62e16;C:\Program Files\Java\jdk-23\bin\server

VM Arguments:
jvm_args: -Dfile.encoding=UTF-8 
java_command: Inicio.Ordenes
java_class_path (initial): C:\Users\IT\Documents\NetBeansProjects\Angels_Paraiso\lib\Util.jar;C:\Users\IT\Documents\NetBeansProjects\Angels_Paraiso\lib\absolutelayout\AbsoluteLayout.jar;C:\Users\IT\Documents\NetBeansProjects\Angels_Paraiso\lib\mysql-connector-java-8.0.17.jar;C:\Users\IT\Documents\NetBeansProjects\Angels_Paraiso\lib\commons-beanutils-1.8.0.jar;C:\Users\IT\Documents\NetBeansProjects\Angels_Paraiso\lib\commons-digester-2.1.jar;C:\Users\IT\Documents\NetBeansProjects\Angels_Paraiso\lib\commons-javaflow-20060411.jar;C:\Users\IT\Documents\NetBeansProjects\Angels_Paraiso\lib\commons-logging-1.1.1.jar;C:\Users\IT\Documents\NetBeansProjects\Angels_Paraiso\lib\groovy-all-2.0.1.jar;C:\Users\IT\Documents\NetBeansProjects\Angels_Paraiso\lib\iText-2.1.7.js2.jar;C:\Users\IT\Documents\NetBeansProjects\Angels_Paraiso\lib\log4j-1.2.15.jar;C:\Users\IT\Documents\NetBeansProjects\Angels_Paraiso\lib\png-encoder-1.5.jar;C:\Users\IT\Documents\NetBeansProjects\Angels_Paraiso\lib\xalan-2.7.1.jar;C:\Users\IT\Documents\NetBeansProjects\Angels_Paraiso\lib\commons-collections4-4.1.jar;C:\Users\IT\Documents\NetBeansProjects\Angels_Paraiso\lib\jasperreports-6.17.0.jar;C:\Users\IT\Documents\NetBeansProjects\Angels_Paraiso\lib\jcalendar-1.3.3.jar;C:\Users\IT\Documents\NetBeansProjects\Angels_Paraiso\lib\annotations-13.0.jar;C:\Users\IT\Documents\NetBeansProjects\Angels_Paraiso\lib\gson-2.8.6.jar;C:\Users\IT\Documents\NetBeansProjects\Angels_Paraiso\lib\jakarta.ws.rs-api-3.1.0.jar;C:\Users\IT\Documents\NetBeansProjects\Angels_Paraiso\lib\javax.activation-api-1.2.0.jar;C:\Users\IT\Documents\NetBeansProjects\Angels_Paraiso\lib\jaxb-api-2.3.0.jar;C:\Users\IT\Documents\NetBeansProjects\Angels_Paraiso\lib\jersey-client-2.0.1.jar;C:\Users\IT\Documents\NetBeansProjects\Angels_Paraiso\lib\jersey-common-2.0.1.jar;C:\Users\IT\Documents\NetBeansProjects\Angels_Paraiso\lib\json-20180130.jar;C:\Users\IT\Documents\NetBeansProjects\Angels_Paraiso\lib\kotlin-stdlib-1.4.10.jar;C:\Users\IT\Documents\NetBeansProjects\Angels_Paraiso\lib\kotlin-stdlib-common-1.4.0.jar;C:\Users\IT\Documents\NetBeansProjects\Angels_Paraiso\lib\okhttp-4.9.0.jar;C:\Users\IT\Documents\NetBeansProjects\Angels_Paraiso\lib\okio-2.8.0.jar;C:\Users\IT\Documents\NetBeansProjects\Angels_Paraiso\lib\resteasy-client-6.2.7.Final.jar;C:\Users\IT\Documents\NetBeansProjects\Angels_Paraiso\lib\javax.ws.rs-api-2.0.jar;C:\Users\IT\Documents\NetBeansProjects\Angels_Paraiso\lib\asm-all-repackaged-2.1.88.jar;C:\Users\IT\Documents\NetBeansProjects\Angels_Paraiso\lib\cglib-2.1.88.jar;C:\Users\IT\Documents\NetBeansProjects\Angels_Paraiso\lib\guava-14.0.1.jar;C:\Users\IT\Documents\NetBeansProjects\Angels_Paraiso\lib\hk2-api-2.1.88.jar;C:\Users\IT\Documents\NetBeansProjects\Angels_Paraiso\lib\hk2-locator-2.1.88.jar;C:\Users\IT\Documents\NetBeansProjects\Angels_Paraiso\lib\hk2-utils-2.1.88.jar;C:\Users\IT\Documents\NetBeansProjects\Angels_Paraiso\lib\javax.annotation-api-1.2.jar;C:\Users\IT\Documents\NetBeansProjects\Angels_Paraiso\lib\javax.inject-2.1.88.jar;C:\Users\IT\Documents\NetBeansProjects\Angels_Paraiso\lib\osgi-resource-locator-1.0.1.jar;C:\Users\IT\Documents\NetBeansProjects\Angels_Paraiso\lib\serializer-2.7.2.jar;C:\Users\IT\Documents\NetBeansProjects\Angels_Paraiso\build\classes
Launcher Type: SUN_STANDARD

[Global flags]
     intx CICompilerCount                          = 3                                         {product} {ergonomic}
     uint ConcGCThreads                            = 1                                         {product} {ergonomic}
     uint G1ConcRefinementThreads                  = 4                                         {product} {ergonomic}
   size_t G1HeapRegionSize                         = 2097152                                   {product} {ergonomic}
   size_t InitialHeapSize                          = 197132288                                 {product} {ergonomic}
   size_t MarkStackSize                            = 4194304                                   {product} {ergonomic}
   size_t MarkStackSizeMax                         = 536870912                                 {product} {ergonomic}
   size_t MaxHeapSize                              = 3133145088                                {product} {ergonomic}
   size_t MaxNewSize                               = 1879048192                                {product} {ergonomic}
   size_t MinHeapDeltaBytes                        = 2097152                                   {product} {ergonomic}
   size_t MinHeapSize                              = 8388608                                   {product} {ergonomic}
    uintx NonNMethodCodeHeapSize                   = 5832704                                {pd product} {ergonomic}
    uintx NonProfiledCodeHeapSize                  = 122945536                              {pd product} {ergonomic}
    uintx ProfiledCodeHeapSize                     = 122880000                              {pd product} {ergonomic}
    uintx ReservedCodeCacheSize                    = 251658240                              {pd product} {ergonomic}
     bool SegmentedCodeCache                       = true                                      {product} {ergonomic}
   size_t SoftMaxHeapSize                          = 3133145088                             {manageable} {ergonomic}
     bool UseCompressedOops                        = true                           {product lp64_product} {ergonomic}
     bool UseG1GC                                  = true                                      {product} {ergonomic}
     bool UseLargePagesIndividualAllocation        = false                                  {pd product} {ergonomic}

Logging:
Log output configuration:
 #0: stdout all=warning uptime,level,tags foldmultilines=false
 #1: stderr all=off uptime,level,tags foldmultilines=false

Environment Variables:
PATH=C:\Program Files\Common Files\Oracle\Java\javapath;C:\ProgramData\Oracle\Java\javapath;C:\WINDOWS\system32;C:\WINDOWS;C:\WINDOWS\System32\Wbem;C:\WINDOWS\System32\WindowsPowerShell\v1.0\;C:\WINDOWS\System32\OpenSSH\;C:\Program Files (x86)\ZeroTier\One\;C:\Program Files\WireGuard\;C:\Users\IT\AppData\Local\Microsoft\WindowsApps;
USERNAME=it
OS=Windows_NT
PROCESSOR_IDENTIFIER=Intel64 Family 6 Model 60 Stepping 3, GenuineIntel
TMP=C:\Users\IT\AppData\Local\Temp
TEMP=C:\Users\IT\AppData\Local\Temp




Periodic native trim disabled

---------------  S Y S T E M  ---------------

OS:
 Windows 10 , 64 bit Build 19041 (10.0.19041.5198)
OS uptime: 4 days 8:29 hours

CPU: total 4 (initial active 4) (4 cores per cpu, 1 threads per core) family 6 model 60 stepping 3 microcode 0x27, cx8, cmov, fxsr, mmx, sse, sse2, sse3, ssse3, sse4.1, sse4.2, popcnt, lzcnt, tsc, tscinvbit, avx, avx2, aes, erms, clmul, bmi1, bmi2, fma, vzeroupper, clflush, rdtscp, f16c
Processor Information for the first 4 processors :
  Max Mhz: 3001, Current Mhz: 3001, Mhz Limit: 3001

Memory: 4k page, system-wide physical 11947M (2395M free)
TotalPageFile size 18347M (AvailPageFile size 4906M)
current process WorkingSet (physical memory assigned to process): 137M, peak: 138M
current process commit charge ("private bytes"): 190M, peak: 311M

vm_info: Java HotSpot(TM) 64-Bit Server VM (23.0.1+11-39) for windows-amd64 JRE (23.0.1+11-39), built on 2024-09-30T07:20:43Z with MS VC++ 17.6 (VS2022)

END.
