#
# A fatal error has been detected by the Java Runtime Environment:
#
#  EXCEPTION_ACCESS_VIOLATION (0xc0000005) at pc=0x00007ffa3401be01, pid=11712, tid=5076
#
# JRE version: Java(TM) SE Runtime Environment (23.0.1+11) (build 23.0.1+11-39)
# Java VM: Java HotSpot(TM) 64-Bit Server VM (23.0.1+11-39, mixed mode, sharing, tiered, compressed oops, compressed class ptrs, g1 gc, windows-amd64)
# Problematic frame:
# C  [awt.dll+0xdbe01]
#
# No core dump will be written. Minidumps are not enabled by default on client versions of Windows
#
# If you would like to submit a bug report, please visit:
#   https://bugreport.java.com/bugreport/crash.jsp
# The crash happened outside the Java Virtual Machine in native code.
# See problematic frame for where to report the bug.
#

---------------  S U M M A R Y ------------

Command Line: -Dfile.encoding=UTF-8 Inicio.Ordenes

Host: Intel(R) Core(TM) i5-4430 CPU @ 3.00GHz, 4 cores, 11G,  Windows 10 , 64 bit Build 19041 (10.0.19041.4957)
Time: Mon Nov  4 11:55:29 2024 Hora estándar, América Central elapsed time: 1651.210457 seconds (0d 0h 27m 31s)

---------------  T H R E A D  ---------------

Current thread (0x000002b6e40e5c20):  JavaThread "AWT-Windows" daemon [_thread_in_native, id=5076, stack(0x000000f541200000,0x000000f541300000) (1024K)]

Stack: [0x000000f541200000,0x000000f541300000],  sp=0x000000f5412fea70,  free space=1018k
Native frames: (J=compiled Java code, j=interpreted, Vv=VM code, C=native code)
C  [awt.dll+0xdbe01]  (no source info available)
C  [awt.dll+0x9783c]  (no source info available)
C  [awt.dll+0x978e6]  (no source info available)
C  [awt.dll+0x94cb6]  (no source info available)
C  [awt.dll+0xe0f8c]  (no source info available)
C  [awt.dll+0xb0d3d]  (no source info available)
C  [awt.dll+0x97e1d]  (no source info available)
C  [USER32.dll+0xef5c]  (no source info available)
C  [USER32.dll+0xe9de]  (no source info available)
C  [awt.dll+0x161c3]  (no source info available)
C  [COMCTL32.dll+0x89aaa]  (no source info available)
C  [COMCTL32.dll+0x898a7]  (no source info available)
C  [USER32.dll+0xef5c]  (no source info available)
C  [USER32.dll+0xe684]  (no source info available)
C  [awt.dll+0xd530e]  (no source info available)
C  [awt.dll+0xd7242]  (no source info available)
C  0x000002b690fbd207  (no source info available)

The last pc belongs to native method entry point (kind = native) (printed below).
Java frames: (J=compiled Java code, j=interpreted, Vv=VM code)
j  sun.awt.windows.WToolkit.eventLoop()V+0 java.desktop@23.0.1
j  sun.awt.windows.WToolkit.run()V+50 java.desktop@23.0.1
j  java.lang.Thread.runWith(Ljava/lang/Object;Ljava/lang/Runnable;)V+5 java.base@23.0.1
j  java.lang.Thread.run()V+19 java.base@23.0.1
v  ~StubRoutines::call_stub 0x000002b690fb0fcd

siginfo: EXCEPTION_ACCESS_VIOLATION (0xc0000005), reading address 0x00003e74696e6944


Registers:
RAX=0x00003e74696e693c, RBX=0x000002b6e642b0a0, RCX=0x0000000000000000, RDX=0x0000000000000000
RSP=0x000000f5412fea70, RBP=0x000000f5412feb79, RSI=0xffffffffc70123ab, RDI=0x0000000000000000
R8 =0x0000000000000001, R9 =0x000000f5412feb79, R10=0x0000000000000000, R11=0x0000000000000246
R12=0x0000000000000000, R13=0x0000000000000310, R14=0x0000000000000000, R15=0x0000000000000000
RIP=0x00007ffa3401be01, EFLAGS=0x0000000000010246


Register to memory mapping:

RAX=0x00003e74696e693c is an unknown value
RBX=0x000002b6e642b0a0 points into unknown readable memory: 0x000002b6e69f4460 | 60 44 9f e6 b6 02 00 00
RCX=0x0 is null
RDX=0x0 is null
RSP=0x000000f5412fea70 is pointing into the stack for thread: 0x000002b6e40e5c20
RBP=0x000000f5412feb79 is pointing into the stack for thread: 0x000002b6e40e5c20
RSI=0xffffffffc70123ab is an unknown value
RDI=0x0 is null
R8 =0x0000000000000001 is an unknown value
R9 =0x000000f5412feb79 is pointing into the stack for thread: 0x000002b6e40e5c20
R10=0x0 is null
R11=0x0000000000000246 is an unknown value
R12=0x0 is null
R13=0x0000000000000310 is an unknown value
R14=0x0 is null
R15=0x0 is null

Top of Stack: (sp=0x000000f5412fea70)
0x000000f5412fea70:   00007ffa34079838 ffffffffc70123ab
0x000000f5412fea80:   0000000000000000 0000000000000000
0x000000f5412fea90:   0000000000000000 00007ffa33fd783c
0x000000f5412feaa0:   ffffffffc70123ab 000002b6e6359290
0x000000f5412feab0:   000002b6e642b0a0 00007ffa9ef1e9de
0x000000f5412feac0:   0000000000000000 00007ffa33fd78e6
0x000000f5412fead0:   000002b6e6359290 00007ffa33f40000
0x000000f5412feae0:   0000000000000000 0000000000000000
0x000000f5412feaf0:   0000000000000000 00007ffa33fd4cb6
0x000000f5412feb00:   000002b6e6359290 0000000000000000
0x000000f5412feb10:   0000000000000000 000000f5412fee60
0x000000f5412feb20:   000000000000c1da 00007ffa0ad2b48e
0x000000f5412feb30:   0000000000000000 000002b690fbbdc0
0x000000f5412feb40:   0000000000000000 00007ffa7f709aaa
0x000000f5412feb50:   0000000000000000 00007ffa9f109877
0x000000f5412feb60:   000000f5412fec20 000002b6e40e5fe0
0x000000f5412feb70:   000002b6e6359330 0000000000000000
0x000000f5412feb80:   000002b6e40e5c20 00008425a85a6462
0x000000f5412feb90:   0000000000000001 0000000000000000
0x000000f5412feba0:   0000000000000000 0000000000000000
0x000000f5412febb0:   0000000000000000 0000000000000310
0x000000f5412febc0:   0000000000000000 000002b6e6359290
0x000000f5412febd0:   000002b6e6359290 00007ffa34020f8c
0x000000f5412febe0:   0000000000000001 0000000000000000
0x000000f5412febf0:   0000000000000000 000002b69ec9e88a
0x000000f5412fec00:   000000f50000c1da 00007ffa0ada4bf1
0x000000f5412fec10:   0000000000000000 00000000000c12ca
0x000000f5412fec20:   000002b6801a7670 00007ffa9ef20317
0x000000f5412fec30:   0000000000000000 00007ffa9f109993
0x000000f5412fec40:   000000f53f8d1800 00000000ffffffeb
0x000000f5412fec50:   0000000000000000 00008425a85a6482
0x000000f5412fec60:   000000f5412fee60 0000000000000000 

Instructions: (pc=0x00007ffa3401be01)
0x00007ffa3401bd01:   83 ec 28 66 0f 6e c2 0f 5b c0 f3 0f 59 41 48 0f
0x00007ffa3401bd11:   5a c8 f2 0f 10 05 bd 4e 03 00 f2 0f 5c 0d e5 4e
0x00007ffa3401bd21:   01 00 66 0f 2f c1 76 0a b8 00 00 00 80 48 83 c4
0x00007ffa3401bd31:   28 c3 66 0f 2f 0d 65 98 02 00 76 0a b8 ff ff ff
0x00007ffa3401bd41:   7f 48 83 c4 28 c3 0f 28 c1 e8 af 0e 01 00 f2 0f
0x00007ffa3401bd51:   2c c0 48 83 c4 28 c3 cc cc cc cc cc cc cc cc 48
0x00007ffa3401bd61:   83 ec 28 66 0f 6e c2 0f 5b c0 f3 0f 59 41 4c 0f
0x00007ffa3401bd71:   5a c8 f2 0f 10 05 5d 4e 03 00 f2 0f 5c 0d 85 4e
0x00007ffa3401bd81:   01 00 66 0f 2f c1 76 0a b8 00 00 00 80 48 83 c4
0x00007ffa3401bd91:   28 c3 66 0f 2f 0d 05 98 02 00 76 0a b8 ff ff ff
0x00007ffa3401bda1:   7f 48 83 c4 28 c3 0f 28 c1 e8 4f 0e 01 00 f2 0f
0x00007ffa3401bdb1:   2c c0 48 83 c4 28 c3 cc cc cc cc cc cc cc cc 48
0x00007ffa3401bdc1:   8b 49 08 48 85 c9 0f 85 b3 7c fe ff 33 c0 c3 48
0x00007ffa3401bdd1:   89 5c 24 08 48 89 74 24 10 57 48 83 ec 20 8b fa
0x00007ffa3401bde1:   48 8b f1 e8 b7 be f4 ff 48 8b d8 48 89 44 24 40
0x00007ffa3401bdf1:   41 b8 01 00 00 00 8b d7 48 8b c8 e8 1f be f4 ff
0x00007ffa3401be01:   48 8b 48 08 48 85 c9 74 0d 48 8b d6 e8 6e 7c fe
0x00007ffa3401be11:   ff 48 8b f8 eb 02 33 ff 48 8b cb e8 3f c0 f4 ff
0x00007ffa3401be21:   90 48 8b c7 48 8b 5c 24 30 48 8b 74 24 38 48 83
0x00007ffa3401be31:   c4 20 5f c3 cc cc cc cc cc cc cc cc cc cc cc 48
0x00007ffa3401be41:   8b 01 89 10 c3 cc cc cc cc cc cc cc cc cc cc 40
0x00007ffa3401be51:   57 48 83 ec 40 48 83 79 38 00 48 8b f9 0f 84 96
0x00007ffa3401be61:   01 00 00 48 8b 0d b5 9f 06 00 ba 02 00 01 00 48
0x00007ffa3401be71:   89 5c 24 58 48 89 74 24 68 e8 40 d8 00 00 4c 8b
0x00007ffa3401be81:   05 12 a5 06 00 48 8b c8 48 8b 57 38 48 8b d8 4c
0x00007ffa3401be91:   8b 08 41 ff 91 f8 02 00 00 48 8b f0 48 85 c0 0f
0x00007ffa3401bea1:   84 4a 01 00 00 4c 8b 0b 48 8b d0 4c 8b 05 d5 a4
0x00007ffa3401beb1:   06 00 48 8b cb 41 ff 91 00 01 00 00 84 c0 0f 84
0x00007ffa3401bec1:   2b 01 00 00 48 8b 7f 08 48 8b d6 48 8b 03 48 8b
0x00007ffa3401bed1:   cb 4c 8b 05 c7 a4 06 00 48 81 c7 00 04 00 00 48
0x00007ffa3401bee1:   89 6c 24 60 4c 89 64 24 38 ff 90 f8 02 00 00 4c
0x00007ffa3401bef1:   8b 0b 48 8b d6 4c 8b 05 ab a4 06 00 48 8b cb 4c 


Stack slot to memory mapping:

stack at sp + 0 slots: 0x00007ffa34079838 awt.dll
stack at sp + 1 slots: 0xffffffffc70123ab is an unknown value
stack at sp + 2 slots: 0x0 is null
stack at sp + 3 slots: 0x0 is null
stack at sp + 4 slots: 0x0 is null
stack at sp + 5 slots: 0x00007ffa33fd783c awt.dll
stack at sp + 6 slots: 0xffffffffc70123ab is an unknown value
stack at sp + 7 slots: 0x000002b6e6359290 points into unknown readable memory: 0x00007ffa3404c860 | 60 c8 04 34 fa 7f 00 00

Lock stack of current Java thread (top to bottom):

native method entry point (kind = native)  [0x000002b690fbcde0, 0x000002b690fbd938]  2904 bytes
[MachCode]
  0x000002b690fbcde0: 488b 4b08 | 0fb7 492e | 584c 8d74 | ccf8 6800 | 0000 0068 | 0000 0000 | 5055 488b | ec41 5568 
  0x000002b690fbce00: 0000 0000 | 4c8b 6b08 | 4d8d 6d38 | 5348 8b53 | 0848 8b52 | 0848 8b52 | 1848 8b52 | 7048 8b12 
  0x000002b690fbce20: 5248 8b53 | 1048 85d2 | 0f84 0700 | 0000 4881 | c210 0100 | 0052 488b | 5308 488b | 5208 488b 
  0x000002b690fbce40: 5210 5249 | 8bc6 482b | c548 c1e8 | 0350 6800 | 0000 0068 | f7ff ffff | 41c6 8771 | 0400 0001 
  0x000002b690fbce60: 488b 4310 | 4885 c074 | 208b 88cc | 0000 0083 | c102 8988 | cc00 0000 | 2388 e000 | 0000 0f84 
  0x000002b690fbce80: 000a 0000 | e9cf 0000 | 0048 8b43 | 1848 85c0 | 0f85 b000 | 0000 e805 | 0000 00e9 | 9900 0000 
  0x000002b690fbcea0: 488b d348 | 8d44 2408 | 4c89 6dc0 | 498b cfc5 | f877 4989 | afb0 0300 | 0049 8987 | a003 0000 
  0x000002b690fbcec0: 4883 ec20 | 40f6 c40f | 0f84 1900 | 0000 4883 | ec08 48b8 | 9026 d20a | fa7f 0000 | ffd0 4883 
  0x000002b690fbcee0: c408 e90c | 0000 0048 | b890 26d2 | 0afa 7f00 | 00ff d048 | 83c4 2049 | c787 a003 | 0000 0000 
  0x000002b690fbcf00: 0000 49c7 | 87b0 0300 | 0000 0000 | 0049 c787 | a803 0000 | 0000 0000 | c5f8 7749 | 837f 0800 
  0x000002b690fbcf20: 0f84 0500 | 0000 e995 | 3fff ff4c | 8b6d c04c | 8b75 c84e | 8d74 f500 | c348 8b43 | 1848 85c0 
  0x000002b690fbcf40: 0f84 1200 | 0000 8b48 | 0883 c102 | 8948 0823 | 481c 0f84 | 2c09 0000 | 493b a7e8 | 0400 000f 
  0x000002b690fbcf60: 8748 0000 | 0089 8424 | 00f0 ffff | 8984 2400 | e0ff ff89 | 8424 00d0 | ffff 8984 | 2400 c0ff 
  0x000002b690fbcf80: ff89 8424 | 00b0 ffff | 8984 2400 | a0ff ff89 | 8424 0090 | ffff 8984 | 2400 80ff | ff49 3ba7 
  0x000002b690fbcfa0: e004 0000 | 7607 4989 | a7e8 0400 | 0041 c687 | 7104 0000 | 0049 ba41 | ad59 0bfa | 7f00 0041 
  0x000002b690fbcfc0: 803a 000f | 843e 0000 | 0048 8b55 | e849 8bcf | 4883 ec20 | 40f6 c40f | 0f84 1900 | 0000 4883 
  0x000002b690fbcfe0: ec08 48b8 | 10ee 090b | fa7f 0000 | ffd0 4883 | c408 e90c | 0000 0048 | b810 ee09 | 0bfa 7f00 
  0x000002b690fbd000: 00ff d048 | 83c4 2048 | 8b5d e84c | 8b5b 0845 | 0fb7 5b2e | 41c1 e303 | 492b e348 | 83ec 2048 
  0x000002b690fbd020: 83e4 f04c | 8b5b 604d | 85db 0f85 | ab00 0000 | e805 0000 | 00e9 9900 | 0000 488b | d348 8d44 
  0x000002b690fbd040: 2408 4c89 | 6dc0 498b | cfc5 f877 | 4989 afb0 | 0300 0049 | 8987 a003 | 0000 4883 | ec20 40f6 
  0x000002b690fbd060: c40f 0f84 | 1900 0000 | 4883 ec08 | 48b8 f04d | d20a fa7f | 0000 ffd0 | 4883 c408 | e90c 0000 
  0x000002b690fbd080: 0048 b8f0 | 4dd2 0afa | 7f00 00ff | d048 83c4 | 2049 c787 | a003 0000 | 0000 0000 | 49c7 87b0 
  0x000002b690fbd0a0: 0300 0000 | 0000 0049 | c787 a803 | 0000 0000 | 0000 c5f8 | 7749 837f | 0800 0f84 | 0500 0000 
  0x000002b690fbd0c0: e9fb 3dff | ff4c 8b6d | c04c 8b75 | c84e 8d74 | f500 c348 | 8b5d e84c | 8b5b 6041 | ffd3 488b 
  0x000002b690fbd0e0: 5de8 4889 | 4518 448b | 5b28 41f6 | c308 0f84 | 1b00 0000 | 4c8b 5b08 | 4d8b 5b08 | 4d8b 5b18 
  0x000002b690fbd100: 4d8b 5b70 | 4d8b 1b4c | 895d 1048 | 8d55 1048 | 8b43 5849 | ba60 3c0a | 0bfa 7f00 | 0049 3bc2 
  0x000002b690fbd120: 0f85 ab00 | 0000 e805 | 0000 00e9 | 9900 0000 | 488b d348 | 8d44 2408 | 4c89 6dc0 | 498b cfc5 
  0x000002b690fbd140: f877 4989 | afb0 0300 | 0049 8987 | a003 0000 | 4883 ec20 | 40f6 c40f | 0f84 1900 | 0000 4883 
  0x000002b690fbd160: ec08 48b8 | f04d d20a | fa7f 0000 | ffd0 4883 | c408 e90c | 0000 0048 | b8f0 4dd2 | 0afa 7f00 
  0x000002b690fbd180: 00ff d048 | 83c4 2049 | c787 a003 | 0000 0000 | 0000 49c7 | 87b0 0300 | 0000 0000 | 0049 c787 
  0x000002b690fbd1a0: a803 0000 | 0000 0000 | c5f8 7749 | 837f 0800 | 0f84 0500 | 0000 e905 | 3dff ff4c | 8b6d c04c 
  0x000002b690fbd1c0: 8b75 c84e | 8d74 f500 | c348 8b5d | e848 8b43 | 5849 8d8f | c003 0000 | c5f8 7749 | 89af b003 
  0x000002b690fbd1e0: 0000 49ba | d8d1 fb90 | b602 0000 | 4d89 97a8 | 0300 0049 | 89a7 a003 | 0000 41c7 | 8744 0400 
  0x000002b690fbd200: 0004 0000 | 00ff d0c5 | f877 4883 | ec10 c5fb | 1104 2448 | 83ec 1048 | 8904 2448 | c744 2408 
  0x000002b690fbd220: 0000 0000 | 41c7 8744 | 0400 0005 | 0000 00f0 | 8344 24c0 | 0049 3baf | 4804 0000 | 0f87 0e00 
  0x000002b690fbd240: 0000 4183 | bf40 0400 | 0000 0f84 | 2000 0000 | 498b cf4c | 8be4 4883 | ec20 4883 | e4f0 48b8 
  0x000002b690fbd260: 90a9 d30a | fa7f 0000 | ffd0 498b | e44d 33e4 | 41c7 8744 | 0400 0008 | 0000 0049 | c787 a003 
  0x000002b690fbd280: 0000 0000 | 0000 49c7 | 87b0 0300 | 0000 0000 | 0049 c787 | a803 0000 | 0000 0000 | c5f8 774d 
  0x000002b690fbd2a0: 8b9f 3004 | 0000 41c7 | 8300 0100 | 0000 0000 | 0049 bbda | a5fb 90b6 | 0200 004c | 3b5d 180f 
  0x000002b690fbd2c0: 8524 0200 | 0048 8b04 | 2448 83c4 | 1048 85c0 | 0f84 fe01 | 0000 a803 | 0f85 0800 | 0000 488b 
  0x000002b690fbd2e0: 00e9 ee01 | 0000 a801 | 0f85 0900 | 0000 488b | 40fe e9dd | 0100 0048 | 8b40 ff41 | 807f 3800 
  0x000002b690fbd300: 0f84 ce01 | 0000 4883 | f800 0f84 | c401 0000 | 4d8b 5f28 | 4983 fb00 | 0f84 1400 | 0000 4983 
  0x000002b690fbd320: eb08 4d89 | 5f28 4d03 | 5f30 4989 | 03e9 a201 | 0000 4881 | ecd0 0000 | 0048 8904 | 2448 894c 
  0x000002b690fbd340: 2408 4889 | 5424 1048 | 8974 2418 | 4889 7c24 | 204c 8944 | 2428 4c89 | 4c24 304c | 8954 2438 
  0x000002b690fbd360: 4c89 5c24 | 40c5 fb11 | 4424 50c5 | fb11 4c24 | 58c5 fb11 | 5424 60c5 | fb11 5c24 | 68c5 fb11 
  0x000002b690fbd380: 6424 70c5 | fb11 6c24 | 78c5 fb11 | b424 8000 | 0000 c5fb | 11bc 2488 | 0000 00c5 | 7b11 8424 
  0x000002b690fbd3a0: 9000 0000 | c57b 118c | 2498 0000 | 00c5 7b11 | 9424 a000 | 0000 c57b | 119c 24a8 | 0000 00c5 
  0x000002b690fbd3c0: 7b11 a424 | b000 0000 | c57b 11ac | 24b8 0000 | 00c5 7b11 | b424 c000 | 0000 c57b | 11bc 24c8 
  0x000002b690fbd3e0: 0000 0049 | 8bd7 488b | c848 83ec | 2040 f6c4 | 0f0f 8419 | 0000 0048 | 83ec 0848 | b8e0 07c7 
  0x000002b690fbd400: 0afa 7f00 | 00ff d048 | 83c4 08e9 | 0c00 0000 | 48b8 e007 | c70a fa7f | 0000 ffd0 | 4883 c420 
  0x000002b690fbd420: c57b 10bc | 24c8 0000 | 00c5 7b10 | b424 c000 | 0000 c57b | 10ac 24b8 | 0000 00c5 | 7b10 a424 
  0x000002b690fbd440: b000 0000 | c57b 109c | 24a8 0000 | 00c5 7b10 | 9424 a000 | 0000 c57b | 108c 2498 | 0000 00c5 
  0x000002b690fbd460: 7b10 8424 | 9000 0000 | c5fb 10bc | 2488 0000 | 00c5 fb10 | b424 8000 | 0000 c5fb | 106c 2478 
  0x000002b690fbd480: c5fb 1064 | 2470 c5fb | 105c 2468 | c5fb 1054 | 2460 c5fb | 104c 2458 | c5fb 1044 | 2450 4c8b 
  0x000002b690fbd4a0: 5c24 404c | 8b54 2438 | 4c8b 4c24 | 304c 8b44 | 2428 488b | 7c24 2048 | 8b74 2418 | 488b 5424 
  0x000002b690fbd4c0: 1048 8b4c | 2408 488b | 0424 4881 | c4d0 0000 | 00c5 f877 | 4889 4510 | 4883 ec10 | 4889 0424 
  0x000002b690fbd4e0: 48c7 4424 | 0800 0000 | 0041 83bf | c804 0000 | 020f 85bf | 0000 0048 | 81ec 8000 | 0000 4889 
  0x000002b690fbd500: 4424 7848 | 894c 2470 | 4889 5424 | 6848 895c | 2460 4889 | 6c24 5048 | 8974 2448 | 4889 7c24 
  0x000002b690fbd520: 404c 8944 | 2438 4c89 | 4c24 304c | 8954 2428 | 4c89 5c24 | 204c 8964 | 2418 4c89 | 6c24 104c 
  0x000002b690fbd540: 8974 2408 | 4c89 3c24 | 4c8b e448 | 83ec 2048 | 83e4 f048 | b8c0 220a | 0bfa 7f00 | 00ff d049 
  0x000002b690fbd560: 8be4 4c8b | 3c24 4c8b | 7424 084c | 8b6c 2410 | 4c8b 6424 | 184c 8b5c | 2420 4c8b | 5424 284c 
  0x000002b690fbd580: 8b4c 2430 | 4c8b 4424 | 3848 8b7c | 2440 488b | 7424 4848 | 8b6c 2450 | 488b 5c24 | 6048 8b54 
  0x000002b690fbd5a0: 2468 488b | 4c24 7048 | 8b44 2478 | 4881 c480 | 0000 004d | 33e4 488b | 5de8 4c8b | 6b08 4d8d 
  0x000002b690fbd5c0: 6d38 4983 | 7f08 000f | 84bb 0000 | 00e8 0500 | 0000 e996 | 0000 0048 | 8d44 2408 | 4c89 6dc0 
  0x000002b690fbd5e0: 498b cfc5 | f877 4989 | afb0 0300 | 0049 8987 | a003 0000 | 4883 ec20 | 40f6 c40f | 0f84 1900 
  0x000002b690fbd600: 0000 4883 | ec08 48b8 | 006c d20a | fa7f 0000 | ffd0 4883 | c408 e90c | 0000 0048 | b800 6cd2 
  0x000002b690fbd620: 0afa 7f00 | 00ff d048 | 83c4 2049 | c787 a003 | 0000 0000 | 0000 49c7 | 87b0 0300 | 0000 0000 
  0x000002b690fbd640: 0049 c787 | a803 0000 | 0000 0000 | c5f8 7749 | 837f 0800 | 0f84 0500 | 0000 e961 | 38ff ff4c 
  0x000002b690fbd660: 8b6d c04c | 8b75 c84e | 8d74 f500 | c348 b940 | d531 0bfa | 7f00 0048 | 83e4 f048 | b870 4af8 
  0x000002b690fbd680: 0afa 7f00 | 00ff d0f4 | 448b 5b28 | 41f6 c320 | 0f84 7901 | 0000 488d | 55a8 4c8b | 5a08 4d85 
  0x000002b690fbd6a0: db0f 85bb | 0000 00e8 | 0500 0000 | e996 0000 | 0048 8d44 | 2408 4c89 | 6dc0 498b | cfc5 f877 
  0x000002b690fbd6c0: 4989 afb0 | 0300 0049 | 8987 a003 | 0000 4883 | ec20 40f6 | c40f 0f84 | 1900 0000 | 4883 ec08 
  0x000002b690fbd6e0: 48b8 306b | d20a fa7f | 0000 ffd0 | 4883 c408 | e90c 0000 | 0048 b830 | 6bd2 0afa | 7f00 00ff 
  0x000002b690fbd700: d048 83c4 | 2049 c787 | a003 0000 | 0000 0000 | 49c7 87b0 | 0300 0000 | 0000 0049 | c787 a803 
  0x000002b690fbd720: 0000 0000 | 0000 c5f8 | 7749 837f | 0800 0f84 | 0500 0000 | e987 37ff | ff4c 8b6d | c04c 8b75 
  0x000002b690fbd740: c84e 8d74 | f500 c348 | b940 d531 | 0bfa 7f00 | 0048 83e4 | f048 b870 | 4af8 0afa | 7f00 00ff 
  0x000002b690fbd760: d0f4 4c89 | 6dc0 4c8b | 4a08 48c7 | 4208 0000 | 0000 458b | 8718 0600 | 004f 3b4c | 07f8 0f85 
  0x000002b690fbd780: 4900 0000 | 4183 af18 | 0600 0008 | 4f3b 4c07 | f00f 842a | 0000 0049 | 8b01 a802 | 0f85 1200 
  0x000002b690fbd7a0: 0000 4c8b | c049 83c8 | 01f0 4d0f | b101 0f84 | 0d00 0000 | 4183 8718 | 0600 0008 | e90c 0000 
  0x000002b690fbd7c0: 0049 ff8f | 5005 0000 | e93e 0000 | 004c 894a | 0848 8bca | 4883 ec20 | 40f6 c40f | 0f84 1900 
  0x000002b690fbd7e0: 0000 4883 | ec08 48b8 | f03d d20a | fa7f 0000 | ffd0 4883 | c408 e90c | 0000 0048 | b8f0 3dd2 
  0x000002b690fbd800: 0afa 7f00 | 00ff d048 | 83c4 204c | 8b6d c049 | ba41 ad59 | 0bfa 7f00 | 0041 803a | 000f 843e 
  0x000002b690fbd820: 0000 0048 | 8b55 e849 | 8bcf 4883 | ec20 40f6 | c40f 0f84 | 1900 0000 | 4883 ec08 | 48b8 10ee 
  0x000002b690fbd840: 090b fa7f | 0000 ffd0 | 4883 c408 | e90c 0000 | 0048 b810 | ee09 0bfa | 7f00 00ff | d048 83c4 
  0x000002b690fbd860: 2048 8b04 | 2448 83c4 | 10c5 fb10 | 0424 4883 | c410 4c8b | 5d18 41ff | d34c 8b5d | f8c9 5f49 
  0x000002b690fbd880: 8be3 ffe7 | ba00 0000 | 00e8 0500 | 0000 e996 | 0000 0048 | 8d44 2408 | 4c89 6dc0 | 498b cfc5 
  0x000002b690fbd8a0: f877 4989 | afb0 0300 | 0049 8987 | a003 0000 | 4883 ec20 | 40f6 c40f | 0f84 1900 | 0000 4883 
  0x000002b690fbd8c0: ec08 48b8 | a031 d20a | fa7f 0000 | ffd0 4883 | c408 e90c | 0000 0048 | b8a0 31d2 | 0afa 7f00 
  0x000002b690fbd8e0: 00ff d048 | 83c4 2049 | c787 a003 | 0000 0000 | 0000 49c7 | 87b0 0300 | 0000 0000 | 0049 c787 
  0x000002b690fbd900: a803 0000 | 0000 0000 | c5f8 7749 | 837f 0800 | 0f84 0500 | 0000 e9a5 | 35ff ff4c | 8b6d c04c 
  0x000002b690fbd920: 8b75 c84e | 8d74 f500 | c348 8b5d | e8e9 26f6 | ffff 660f | 1f44 0000 
[/MachCode]

---------------  P R O C E S S  ---------------

Threads class SMR info:
_java_thread_list=0x000002b6e6cbcda0, length=19, elements={
0x000002b69ecb0ec0, 0x000002b69ecb3df0, 0x000002b69ecb8e30, 0x000002b69ecb9890,
0x000002b69ecba2f0, 0x000002b69ecbcd60, 0x000002b69ecc9000, 0x000002b69ecebad0,
0x000002b6e40e34c0, 0x000002b6e40e3b50, 0x000002b6e40e41e0, 0x000002b6e40e4870,
0x000002b6e40e5c20, 0x000002b6e40e4f00, 0x000002b6e40e5590, 0x000002b6e40e2e30,
0x000002b6e430dca0, 0x000002b6e430e330, 0x000002b6e4310a90
}

Java Threads: ( => current thread )
  0x000002b69ecb0ec0 JavaThread "Reference Handler"          daemon [_thread_blocked, id=11280, stack(0x000000f540500000,0x000000f540600000) (1024K)]
  0x000002b69ecb3df0 JavaThread "Finalizer"                  daemon [_thread_blocked, id=972, stack(0x000000f540600000,0x000000f540700000) (1024K)]
  0x000002b69ecb8e30 JavaThread "Signal Dispatcher"          daemon [_thread_blocked, id=12816, stack(0x000000f540700000,0x000000f540800000) (1024K)]
  0x000002b69ecb9890 JavaThread "Attach Listener"            daemon [_thread_blocked, id=2176, stack(0x000000f540800000,0x000000f540900000) (1024K)]
  0x000002b69ecba2f0 JavaThread "Service Thread"             daemon [_thread_blocked, id=9504, stack(0x000000f540900000,0x000000f540a00000) (1024K)]
  0x000002b69ecbcd60 JavaThread "Monitor Deflation Thread"   daemon [_thread_blocked, id=13708, stack(0x000000f540a00000,0x000000f540b00000) (1024K)]
  0x000002b69ecc9000 JavaThread "C2 CompilerThread0"         daemon [_thread_blocked, id=5084, stack(0x000000f540b00000,0x000000f540c00000) (1024K)]
  0x000002b69ecebad0 JavaThread "C1 CompilerThread0"         daemon [_thread_blocked, id=14080, stack(0x000000f540c00000,0x000000f540d00000) (1024K)]
  0x000002b6e40e34c0 JavaThread "Notification Thread"        daemon [_thread_blocked, id=11656, stack(0x000000f540d00000,0x000000f540e00000) (1024K)]
  0x000002b6e40e3b50 JavaThread "Common-Cleaner"             daemon [_thread_blocked, id=5004, stack(0x000000f540e00000,0x000000f540f00000) (1024K)]
  0x000002b6e40e41e0 JavaThread "Java2D Disposer"            daemon [_thread_blocked, id=10588, stack(0x000000f541000000,0x000000f541100000) (1024K)]
  0x000002b6e40e4870 JavaThread "AWT-Shutdown"                      [_thread_blocked, id=7752, stack(0x000000f541100000,0x000000f541200000) (1024K)]
=>0x000002b6e40e5c20 JavaThread "AWT-Windows"                daemon [_thread_in_native, id=5076, stack(0x000000f541200000,0x000000f541300000) (1024K)]
  0x000002b6e40e4f00 JavaThread "AWT-EventQueue-0"                  [_thread_in_native, id=14040, stack(0x000000f541300000,0x000000f541400000) (1024K)]
  0x000002b6e40e5590 JavaThread "DestroyJavaVM"                     [_thread_blocked, id=13956, stack(0x000000f53fd00000,0x000000f53fe00000) (1024K)]
  0x000002b6e40e2e30 JavaThread "TimerQueue"                 daemon [_thread_blocked, id=9432, stack(0x000000f541a00000,0x000000f541b00000) (1024K)]
  0x000002b6e430dca0 JavaThread "mysql-cj-abandoned-connection-cleanup" daemon [_thread_blocked, id=10752, stack(0x000000f541400000,0x000000f541500000) (1024K)]
  0x000002b6e430e330 JavaThread "PrinterListener"            daemon [_thread_in_native, id=12356, stack(0x000000f541b00000,0x000000f541c00000) (1024K)]
  0x000002b6e4310a90 JavaThread "RemotePrinterListener"      daemon [_thread_in_native, id=12368, stack(0x000000f541c00000,0x000000f541d00000) (1024K)]
Total: 19

Other Threads:
  0x000002b69ec99940 VMThread "VM Thread"                           [id=1428, stack(0x000000f540400000,0x000000f540500000) (1024K)]
  0x000002b69ec86090 WatcherThread "VM Periodic Task Thread"        [id=10980, stack(0x000000f540300000,0x000000f540400000) (1024K)]
  0x000002b6ffad2ac0 WorkerThread "GC Thread#0"                     [id=12024, stack(0x000000f53fe00000,0x000000f53ff00000) (1024K)]
  0x000002b69ec99cf0 WorkerThread "GC Thread#1"                     [id=13720, stack(0x000000f541500000,0x000000f541600000) (1024K)]
  0x000002b69ec99590 WorkerThread "GC Thread#2"                     [id=12416, stack(0x000000f541600000,0x000000f541700000) (1024K)]
  0x000002b69ec9a0a0 WorkerThread "GC Thread#3"                     [id=1224, stack(0x000000f541700000,0x000000f541800000) (1024K)]
  0x000002b6ffae3550 ConcurrentGCThread "G1 Main Marker"            [id=5232, stack(0x000000f53ff00000,0x000000f540000000) (1024K)]
  0x000002b6ffae48c0 WorkerThread "G1 Conc#0"                       [id=6588, stack(0x000000f540000000,0x000000f540100000) (1024K)]
  0x000002b6ffb45240 ConcurrentGCThread "G1 Refine#0"               [id=9480, stack(0x000000f540100000,0x000000f540200000) (1024K)]
  0x000002b69eb610a0 ConcurrentGCThread "G1 Service"                [id=10848, stack(0x000000f540200000,0x000000f540300000) (1024K)]
Total: 10

Threads with active compile tasks:
Total: 0

VM state: not at safepoint (normal execution)

VM Mutex/Monitor currently owned by a thread: None

Heap address: 0x0000000745400000, size: 2988 MB, Compressed Oops mode: Zero based, Oop shift amount: 3

CDS archive(s) mapped at: [0x000002b69f000000-0x000002b69fd70000-0x000002b69fd70000), size 14090240, SharedBaseAddress: 0x000002b69f000000, ArchiveRelocationMode: 1.
Compressed class space mapped at: 0x000002b6a0000000-0x000002b6e0000000, reserved size: 1073741824
Narrow klass base: 0x000002b69f000000, Narrow klass shift: 0, Narrow klass range: 0x41000000

GC Precious Log:
 CardTable entry size: 512
 Card Set container configuration: InlinePtr #cards 4 size 8 Array Of Cards #cards 16 size 48 Howl #buckets 8 coarsen threshold 3686 Howl Bitmap #cards 512 size 80 coarsen threshold 460 Card regions per heap region 1 cards per card region 4096
 CPUs: 4 total, 4 available
 Memory: 11947M
 Large Page Support: Disabled
 NUMA Support: Disabled
 Compressed Oops: Enabled (Zero based)
 Heap Region Size: 2M
 Heap Min Capacity: 8M
 Heap Initial Capacity: 188M
 Heap Max Capacity: 2988M
 Pre-touch: Disabled
 Parallel Workers: 4
 Concurrent Workers: 1
 Concurrent Refinement Workers: 4
 Periodic GC: Disabled

Heap:
 garbage-first heap   total reserved 3059712K, committed 81920K, used 66790K [0x0000000745400000, 0x0000000800000000)
  region size 2048K, 10 young (20480K), 1 survivors (2048K)
 Metaspace       used 36474K, committed 37056K, reserved 1114112K
  class space    used 4329K, committed 4608K, reserved 1048576K

Heap Regions: E=young(eden), S=young(survivor), O=old, HS=humongous(starts), HC=humongous(continues), CS=collection set, F=free, TAMS=top-at-mark-start, PB=parsable bottom
|   0|0x0000000745400000, 0x00000007454f9fa0, 0x0000000745600000| 48%| O|  |TAMS 0x0000000745400000| PB 0x0000000745400000| Untracked |  0
|   1|0x0000000745600000, 0x0000000745800000, 0x0000000745800000|100%| O|  |TAMS 0x0000000745600000| PB 0x0000000745600000| Untracked |  0
|   2|0x0000000745800000, 0x0000000745a00000, 0x0000000745a00000|100%| O|  |TAMS 0x0000000745800000| PB 0x0000000745800000| Untracked |  0
|   3|0x0000000745a00000, 0x0000000745a00000, 0x0000000745c00000|  0%| F|  |TAMS 0x0000000745a00000| PB 0x0000000745a00000| Untracked |  0
|   4|0x0000000745c00000, 0x0000000745c00000, 0x0000000745e00000|  0%| F|  |TAMS 0x0000000745c00000| PB 0x0000000745c00000| Untracked |  0
|   5|0x0000000745e00000, 0x0000000746000000, 0x0000000746000000|100%| O|  |TAMS 0x0000000745e00000| PB 0x0000000745e00000| Untracked |  0
|   6|0x0000000746000000, 0x0000000746000000, 0x0000000746200000|  0%| F|  |TAMS 0x0000000746000000| PB 0x0000000746000000| Untracked |  0
|   7|0x0000000746200000, 0x0000000746400000, 0x0000000746400000|100%|HS|  |TAMS 0x0000000746200000| PB 0x0000000746200000| Complete |  0
|   8|0x0000000746400000, 0x0000000746600000, 0x0000000746600000|100%|HC|  |TAMS 0x0000000746400000| PB 0x0000000746400000| Complete |  0
|   9|0x0000000746600000, 0x0000000746800000, 0x0000000746800000|100%| O|  |TAMS 0x0000000746600000| PB 0x0000000746600000| Untracked |  0
|  10|0x0000000746800000, 0x0000000746800000, 0x0000000746a00000|  0%| F|  |TAMS 0x0000000746800000| PB 0x0000000746800000| Untracked |  0
|  11|0x0000000746a00000, 0x0000000746a00000, 0x0000000746c00000|  0%| F|  |TAMS 0x0000000746a00000| PB 0x0000000746a00000| Untracked |  0
|  12|0x0000000746c00000, 0x0000000746e00000, 0x0000000746e00000|100%| O|  |TAMS 0x0000000746c00000| PB 0x0000000746c00000| Untracked |  0
|  13|0x0000000746e00000, 0x0000000747000000, 0x0000000747000000|100%| O|  |TAMS 0x0000000746e00000| PB 0x0000000746e00000| Untracked |  0
|  14|0x0000000747000000, 0x0000000747200000, 0x0000000747200000|100%| O|  |TAMS 0x0000000747000000| PB 0x0000000747000000| Untracked |  0
|  15|0x0000000747200000, 0x0000000747400000, 0x0000000747400000|100%| O|  |TAMS 0x0000000747200000| PB 0x0000000747200000| Untracked |  0
|  16|0x0000000747400000, 0x0000000747600000, 0x0000000747600000|100%|HS|  |TAMS 0x0000000747400000| PB 0x0000000747400000| Complete |  0
|  17|0x0000000747600000, 0x0000000747800000, 0x0000000747800000|100%|HC|  |TAMS 0x0000000747600000| PB 0x0000000747600000| Complete |  0
|  18|0x0000000747800000, 0x0000000747a00000, 0x0000000747a00000|100%|HC|  |TAMS 0x0000000747800000| PB 0x0000000747800000| Complete |  0
|  19|0x0000000747a00000, 0x0000000747c00000, 0x0000000747c00000|100%|HC|  |TAMS 0x0000000747a00000| PB 0x0000000747a00000| Complete |  0
|  20|0x0000000747c00000, 0x0000000747e00000, 0x0000000747e00000|100%|HC|  |TAMS 0x0000000747c00000| PB 0x0000000747c00000| Complete |  0
|  21|0x0000000747e00000, 0x0000000748000000, 0x0000000748000000|100%|HC|  |TAMS 0x0000000747e00000| PB 0x0000000747e00000| Complete |  0
|  22|0x0000000748000000, 0x0000000748200000, 0x0000000748200000|100%|HC|  |TAMS 0x0000000748000000| PB 0x0000000748000000| Complete |  0
|  23|0x0000000748200000, 0x00000007482f28a8, 0x0000000748400000| 47%| E|  |TAMS 0x0000000748200000| PB 0x0000000748200000| Complete |  0
|  24|0x0000000748400000, 0x0000000748600000, 0x0000000748600000|100%| E|CS|TAMS 0x0000000748400000| PB 0x0000000748400000| Complete |  0
|  25|0x0000000748600000, 0x0000000748800000, 0x0000000748800000|100%| E|CS|TAMS 0x0000000748600000| PB 0x0000000748600000| Complete |  0
|  26|0x0000000748800000, 0x0000000748a00000, 0x0000000748a00000|100%| E|CS|TAMS 0x0000000748800000| PB 0x0000000748800000| Complete |  0
|  27|0x0000000748a00000, 0x0000000748c00000, 0x0000000748c00000|100%| E|CS|TAMS 0x0000000748a00000| PB 0x0000000748a00000| Complete |  0
|  28|0x0000000748c00000, 0x0000000748e00000, 0x0000000748e00000|100%| E|CS|TAMS 0x0000000748c00000| PB 0x0000000748c00000| Complete |  0
|  29|0x0000000748e00000, 0x0000000749000000, 0x0000000749000000|100%|HS|  |TAMS 0x0000000748e00000| PB 0x0000000748e00000| Complete |  0
|  30|0x0000000749000000, 0x0000000749200000, 0x0000000749200000|100%|HC|  |TAMS 0x0000000749000000| PB 0x0000000749000000| Complete |  0
|  31|0x0000000749200000, 0x0000000749400000, 0x0000000749400000|100%|HC|  |TAMS 0x0000000749200000| PB 0x0000000749200000| Complete |  0
|  32|0x0000000749400000, 0x0000000749600000, 0x0000000749600000|100%|HC|  |TAMS 0x0000000749400000| PB 0x0000000749400000| Complete |  0
|  33|0x0000000749600000, 0x0000000749800000, 0x0000000749800000|100%|HC|  |TAMS 0x0000000749600000| PB 0x0000000749600000| Complete |  0
|  34|0x0000000749800000, 0x0000000749a00000, 0x0000000749a00000|100%|HC|  |TAMS 0x0000000749800000| PB 0x0000000749800000| Complete |  0
|  35|0x0000000749a00000, 0x0000000749c00000, 0x0000000749c00000|100%|HC|  |TAMS 0x0000000749a00000| PB 0x0000000749a00000| Complete |  0
|  36|0x0000000749c00000, 0x0000000749c3f900, 0x0000000749e00000| 12%| S|CS|TAMS 0x0000000749c00000| PB 0x0000000749c00000| Complete |  0
|  86|0x0000000750000000, 0x0000000750200000, 0x0000000750200000|100%| E|CS|TAMS 0x0000000750000000| PB 0x0000000750000000| Complete |  0
|  87|0x0000000750200000, 0x0000000750400000, 0x0000000750400000|100%| E|CS|TAMS 0x0000000750200000| PB 0x0000000750200000| Complete |  0
|  93|0x0000000750e00000, 0x0000000751000000, 0x0000000751000000|100%| E|CS|TAMS 0x0000000750e00000| PB 0x0000000750e00000| Complete |  0

Card table byte_map: [0x000002b699280000,0x000002b699860000] _byte_map_base: 0x000002b695856000

Marking Bits: (CMBitMap*) 0x000002b6ffad40f0
 Bits: [0x000002b699860000, 0x000002b69c710000)

Polling page: 0x000002b6ff500000

Metaspace:

Usage:
  Non-class:     31.39 MB used.
      Class:      4.23 MB used.
       Both:     35.62 MB used.

Virtual space:
  Non-class space:       64.00 MB reserved,      31.69 MB ( 50%) committed,  1 nodes.
      Class space:        1.00 GB reserved,       4.50 MB ( <1%) committed,  1 nodes.
             Both:        1.06 GB reserved,      36.19 MB (  3%) committed. 

Chunk freelists:
   Non-Class:  128.00 KB
       Class:  11.51 MB
        Both:  11.63 MB

MaxMetaspaceSize: unlimited
CompressedClassSpaceSize: 1.00 GB
Initial GC threshold: 21.00 MB
Current GC threshold: 59.19 MB
CDS: on
 - commit_granule_bytes: 65536.
 - commit_granule_words: 8192.
 - virtual_space_node_default_size: 8388608.
 - enlarge_chunks_in_place: 1.
 - use_allocation_guard: 0.


Internal statistics:

num_allocs_failed_limit: 9.
num_arena_births: 804.
num_arena_deaths: 0.
num_vsnodes_births: 2.
num_vsnodes_deaths: 0.
num_space_committed: 579.
num_space_uncommitted: 0.
num_chunks_returned_to_freelist: 9.
num_chunks_taken_from_freelist: 1325.
num_chunk_merges: 0.
num_chunk_splits: 848.
num_chunks_enlarged: 484.
num_inconsistent_stats: 0.

CodeHeap 'non-profiled nmethods': size=120064Kb used=2336Kb max_used=2336Kb free=117727Kb
 bounds [0x000002b691540000, 0x000002b6917b0000, 0x000002b698a80000]
CodeHeap 'profiled nmethods': size=120000Kb used=9495Kb max_used=9495Kb free=110504Kb
 bounds [0x000002b689a80000, 0x000002b68a3d0000, 0x000002b690fb0000]
CodeHeap 'non-nmethods': size=5696Kb used=1986Kb max_used=2023Kb free=3709Kb
 bounds [0x000002b690fb0000, 0x000002b691220000, 0x000002b691540000]
CodeCache: size=245760Kb, used=13817Kb, max_used=13854Kb, free=231940Kb
 total_blobs=7399, nmethods=6405, adapters=887, full_count=0
Compilation: enabled, stopped_count=0, restarted_count=0

Compilation events (20 events):
Event: 1229.398 Thread 0x000002b69ecebad0 nmethod 6676 0x000002b68a3bf888 code [0x000002b68a3bf9a0, 0x000002b68a3bfb70]
Event: 1274.448 Thread 0x000002b69ecebad0 6677   !   3       com.mysql.cj.jdbc.AbandonedConnectionCleanupThread::checkThreadContextClassLoader (20 bytes)
Event: 1274.450 Thread 0x000002b69ecebad0 nmethod 6677 0x000002b68a3bfc08 code [0x000002b68a3bfd80, 0x000002b68a3c03d0]
Event: 1274.450 Thread 0x000002b69ecebad0 6678       3       java.util.jar.JarFile$JarFileEntry::getRealName (5 bytes)
Event: 1274.450 Thread 0x000002b69ecebad0 nmethod 6678 0x000002b68a3c0488 code [0x000002b68a3c05a0, 0x000002b68a3c06c8]
Event: 1650.713 Thread 0x000002b69ecebad0 6679   !   3       java.awt.Toolkit::setDesktopProperty (81 bytes)
Event: 1650.715 Thread 0x000002b69ecebad0 nmethod 6679 0x000002b68a3c0788 code [0x000002b68a3c0920, 0x000002b68a3c11c0]
Event: 1650.841 Thread 0x000002b69ecebad0 6680       3       java.awt.Color::<init> (72 bytes)
Event: 1650.841 Thread 0x000002b69ecebad0 nmethod 6680 0x000002b68a3c1208 code [0x000002b68a3c1340, 0x000002b68a3c15b8]
Event: 1650.841 Thread 0x000002b69ecebad0 6681       3       java.awt.Color::testColorValueRange (121 bytes)
Event: 1650.842 Thread 0x000002b69ecebad0 nmethod 6681 0x000002b68a3c1608 code [0x000002b68a3c17a0, 0x000002b68a3c1d68]
Event: 1650.848 Thread 0x000002b69ecebad0 6682       3       java.util.ComparableTimSort::binarySort (223 bytes)
Event: 1650.849 Thread 0x000002b69ecebad0 nmethod 6682 0x000002b68a3c1d88 code [0x000002b68a3c1f20, 0x000002b68a3c2a88]
Event: 1650.908 Thread 0x000002b69ecebad0 6683       3       java.awt.Color::<init> (11 bytes)
Event: 1650.908 Thread 0x000002b69ecebad0 nmethod 6683 0x000002b68a3c2b08 code [0x000002b68a3c2c20, 0x000002b68a3c2d60]
Event: 1651.193 Thread 0x000002b69ecebad0 6684       3       java.lang.invoke.MethodHandles::constant (88 bytes)
Event: 1651.195 Thread 0x000002b69ecebad0 nmethod 6684 0x000002b68a3c2e08 code [0x000002b68a3c30a0, 0x000002b68a3c3f98]
Event: 1651.196 Thread 0x000002b69ecebad0 6685       3       java.lang.invoke.MethodHandles::makeIdentity (23 bytes)
Event: 1651.197 Thread 0x000002b69ecebad0 nmethod 6685 0x000002b68a3c4008 code [0x000002b68a3c4200, 0x000002b68a3c4bd0]
Event: 1651.204 Thread 0x000002b69ecebad0 6686       3       java.util.HashMap::putMapEntries (170 bytes)

GC Heap History (18 events):
Event: 0.614 GC heap before
{Heap before GC invocations=0 (full 0):
 garbage-first heap   total reserved 3059712K, committed 192512K, used 12288K [0x0000000745400000, 0x0000000800000000)
  region size 2048K, 7 young (14336K), 0 survivors (0K)
 Metaspace       used 8784K, committed 9024K, reserved 1114112K
  class space    used 1018K, committed 1152K, reserved 1048576K
}
Event: 0.619 GC heap after
{Heap after GC invocations=1 (full 0):
 garbage-first heap   total reserved 3059712K, committed 192512K, used 7558K [0x0000000745400000, 0x0000000800000000)
  region size 2048K, 1 young (2048K), 1 survivors (2048K)
 Metaspace       used 8784K, committed 9024K, reserved 1114112K
  class space    used 1018K, committed 1152K, reserved 1048576K
}
Event: 7.738 GC heap before
{Heap before GC invocations=1 (full 0):
 garbage-first heap   total reserved 3059712K, committed 192512K, used 19846K [0x0000000745400000, 0x0000000800000000)
  region size 2048K, 6 young (12288K), 1 survivors (2048K)
 Metaspace       used 15634K, committed 15872K, reserved 1114112K
  class space    used 1773K, committed 1856K, reserved 1048576K
}
Event: 7.742 GC heap after
{Heap after GC invocations=2 (full 0):
 garbage-first heap   total reserved 3059712K, committed 192512K, used 14469K [0x0000000745400000, 0x0000000800000000)
  region size 2048K, 1 young (2048K), 1 survivors (2048K)
 Metaspace       used 15634K, committed 15872K, reserved 1114112K
  class space    used 1773K, committed 1856K, reserved 1048576K
}
Event: 12.929 GC heap before
{Heap before GC invocations=2 (full 0):
 garbage-first heap   total reserved 3059712K, committed 192512K, used 22661K [0x0000000745400000, 0x0000000800000000)
  region size 2048K, 6 young (12288K), 1 survivors (2048K)
 Metaspace       used 21256K, committed 21504K, reserved 1114112K
  class space    used 2433K, committed 2560K, reserved 1048576K
}
Event: 12.938 GC heap after
{Heap after GC invocations=3 (full 0):
 garbage-first heap   total reserved 3059712K, committed 192512K, used 16406K [0x0000000745400000, 0x0000000800000000)
  region size 2048K, 2 young (4096K), 2 survivors (4096K)
 Metaspace       used 21256K, committed 21504K, reserved 1114112K
  class space    used 2433K, committed 2560K, reserved 1048576K
}
Event: 31.840 GC heap before
{Heap before GC invocations=4 (full 0):
 garbage-first heap   total reserved 3059712K, committed 61440K, used 53270K [0x0000000745400000, 0x0000000800000000)
  region size 2048K, 18 young (36864K), 2 survivors (4096K)
 Metaspace       used 30270K, committed 30592K, reserved 1114112K
  class space    used 3577K, committed 3712K, reserved 1048576K
}
Event: 31.846 GC heap after
{Heap after GC invocations=5 (full 0):
 garbage-first heap   total reserved 3059712K, committed 63488K, used 24428K [0x0000000745400000, 0x0000000800000000)
  region size 2048K, 3 young (6144K), 3 survivors (6144K)
 Metaspace       used 30270K, committed 30592K, reserved 1114112K
  class space    used 3577K, committed 3712K, reserved 1048576K
}
Event: 42.324 GC heap before
{Heap before GC invocations=5 (full 0):
 garbage-first heap   total reserved 3059712K, committed 63488K, used 36716K [0x0000000745400000, 0x0000000800000000)
  region size 2048K, 11 young (22528K), 3 survivors (6144K)
 Metaspace       used 35367K, committed 35968K, reserved 1114112K
  class space    used 4283K, committed 4544K, reserved 1048576K
}
Event: 42.330 GC heap after
{Heap after GC invocations=6 (full 0):
 garbage-first heap   total reserved 3059712K, committed 63488K, used 26086K [0x0000000745400000, 0x0000000800000000)
  region size 2048K, 2 young (4096K), 2 survivors (4096K)
 Metaspace       used 35367K, committed 35968K, reserved 1114112K
  class space    used 4283K, committed 4544K, reserved 1048576K
}
Event: 42.345 GC heap before
{Heap before GC invocations=6 (full 0):
 garbage-first heap   total reserved 3059712K, committed 63488K, used 26086K [0x0000000745400000, 0x0000000800000000)
  region size 2048K, 3 young (6144K), 2 survivors (4096K)
 Metaspace       used 35619K, committed 36224K, reserved 1114112K
  class space    used 4314K, committed 4544K, reserved 1048576K
}
Event: 42.347 GC heap after
{Heap after GC invocations=7 (full 0):
 garbage-first heap   total reserved 3059712K, committed 63488K, used 25792K [0x0000000745400000, 0x0000000800000000)
  region size 2048K, 1 young (2048K), 1 survivors (2048K)
 Metaspace       used 35619K, committed 36224K, reserved 1114112K
  class space    used 4314K, committed 4544K, reserved 1048576K
}
Event: 42.508 GC heap before
{Heap before GC invocations=7 (full 0):
 garbage-first heap   total reserved 3059712K, committed 63488K, used 54464K [0x0000000745400000, 0x0000000800000000)
  region size 2048K, 9 young (18432K), 1 survivors (2048K)
 Metaspace       used 35736K, committed 36288K, reserved 1114112K
  class space    used 4321K, committed 4544K, reserved 1048576K
}
Event: 42.510 GC heap after
{Heap after GC invocations=8 (full 0):
 garbage-first heap   total reserved 3059712K, committed 63488K, used 40108K [0x0000000745400000, 0x0000000800000000)
  region size 2048K, 1 young (2048K), 1 survivors (2048K)
 Metaspace       used 35736K, committed 36288K, reserved 1114112K
  class space    used 4321K, committed 4544K, reserved 1048576K
}
Event: 42.997 GC heap before
{Heap before GC invocations=9 (full 0):
 garbage-first heap   total reserved 3059712K, committed 79872K, used 62636K [0x0000000745400000, 0x0000000800000000)
  region size 2048K, 7 young (14336K), 1 survivors (2048K)
 Metaspace       used 36198K, committed 36864K, reserved 1114112K
  class space    used 4327K, committed 4608K, reserved 1048576K
}
Event: 42.999 GC heap after
{Heap after GC invocations=10 (full 0):
 garbage-first heap   total reserved 3059712K, committed 79872K, used 36216K [0x0000000745400000, 0x0000000800000000)
  region size 2048K, 1 young (2048K), 1 survivors (2048K)
 Metaspace       used 36198K, committed 36864K, reserved 1114112K
  class space    used 4327K, committed 4608K, reserved 1048576K
}
Event: 230.583 GC heap before
{Heap before GC invocations=10 (full 0):
 garbage-first heap   total reserved 3059712K, committed 79872K, used 75128K [0x0000000745400000, 0x0000000800000000)
  region size 2048K, 13 young (26624K), 1 survivors (2048K)
 Metaspace       used 36446K, committed 37056K, reserved 1114112K
  class space    used 4328K, committed 4608K, reserved 1048576K
}
Event: 230.586 GC heap after
{Heap after GC invocations=11 (full 0):
 garbage-first heap   total reserved 3059712K, committed 81920K, used 50406K [0x0000000745400000, 0x0000000800000000)
  region size 2048K, 1 young (2048K), 1 survivors (2048K)
 Metaspace       used 36446K, committed 37056K, reserved 1114112K
  class space    used 4328K, committed 4608K, reserved 1048576K
}

Dll operation events (16 events):
Event: 0.008 Loaded shared library C:\Program Files\Java\jdk-23\bin\java.dll
Event: 0.038 Loaded shared library C:\Program Files\Java\jdk-23\bin\jsvml.dll
Event: 0.071 Loaded shared library C:\Program Files\Java\jdk-23\bin\net.dll
Event: 0.073 Loaded shared library C:\Program Files\Java\jdk-23\bin\nio.dll
Event: 0.076 Loaded shared library C:\Program Files\Java\jdk-23\bin\zip.dll
Event: 0.119 Loaded shared library C:\Program Files\Java\jdk-23\bin\jimage.dll
Event: 0.148 Loaded shared library C:\Program Files\Java\jdk-23\bin\awt.dll
Event: 0.270 Loaded shared library C:\Program Files\Java\jdk-23\bin\freetype.dll
Event: 0.271 Loaded shared library C:\Program Files\Java\jdk-23\bin\fontmanager.dll
Event: 7.312 Loaded shared library C:\Program Files\Java\jdk-23\bin\extnet.dll
Event: 7.873 Loaded shared library C:\Program Files\Java\jdk-23\bin\sunmscapi.dll
Event: 18.118 Loaded shared library C:\Program Files\Java\jdk-23\bin\verify.dll
Event: 32.172 Loaded shared library C:\Windows\System32\ucrtbase.dll
Event: 32.173 Loaded shared library C:\Program Files\Java\jdk-23\bin\syslookup.dll
Event: 42.335 Loaded shared library C:\Program Files\Java\jdk-23\bin\javajpeg.dll
Event: 42.340 Loaded shared library C:\Program Files\Java\jdk-23\bin\lcms.dll

Deoptimization events (20 events):
Event: 42.953 Thread 0x000002b6e40e4f00 Uncommon trap: trap_request=0xffffffde fr.pc=0x000002b691613a38 relative=0x0000000000000098
Event: 42.953 Thread 0x000002b6e40e4f00 Uncommon trap: reason=class_check action=maybe_recompile pc=0x000002b691613a38 method=java.lang.Character.toLowerCase(I)I @ 5 c2
Event: 42.953 Thread 0x000002b6e40e4f00 DEOPT PACKING pc=0x000002b691613a38 sp=0x000000f5413fd5d0
Event: 42.953 Thread 0x000002b6e40e4f00 DEOPT UNPACKING pc=0x000002b691004402 sp=0x000000f5413fd508 mode 2
Event: 43.115 Thread 0x000002b6e40e4f00 Uncommon trap: trap_request=0xffffff45 fr.pc=0x000002b691722f44 relative=0x00000000000003e4
Event: 43.115 Thread 0x000002b6e40e4f00 Uncommon trap: reason=unstable_if action=reinterpret pc=0x000002b691722f44 method=java.awt.geom.AffineTransform.transform([DI[DII)V @ 2 c2
Event: 43.115 Thread 0x000002b6e40e4f00 DEOPT PACKING pc=0x000002b691722f44 sp=0x000000f5413fd190
Event: 43.115 Thread 0x000002b6e40e4f00 DEOPT UNPACKING pc=0x000002b691004402 sp=0x000000f5413fd0c8 mode 2
Event: 43.139 Thread 0x000002b6e40e4f00 Uncommon trap: trap_request=0xffffff45 fr.pc=0x000002b691655e48 relative=0x0000000000001c48
Event: 43.139 Thread 0x000002b6e40e4f00 Uncommon trap: reason=unstable_if action=reinterpret pc=0x000002b691655e48 method=java.awt.font.FontRenderContext.hashCode()I @ 4 c2
Event: 43.139 Thread 0x000002b6e40e4f00 DEOPT PACKING pc=0x000002b691655e48 sp=0x000000f5413fce70
Event: 43.139 Thread 0x000002b6e40e4f00 DEOPT UNPACKING pc=0x000002b691004402 sp=0x000000f5413fcd20 mode 2
Event: 43.143 Thread 0x000002b6e40e4f00 Uncommon trap: trap_request=0xffffff45 fr.pc=0x000002b6916461bc relative=0x000000000000035c
Event: 43.143 Thread 0x000002b6e40e4f00 Uncommon trap: reason=unstable_if action=reinterpret pc=0x000002b6916461bc method=java.awt.Font.equals(Ljava/lang/Object;)Z @ 93 c2
Event: 43.143 Thread 0x000002b6e40e4f00 DEOPT PACKING pc=0x000002b6916461bc sp=0x000000f5413fcdb0
Event: 43.143 Thread 0x000002b6e40e4f00 DEOPT UNPACKING pc=0x000002b691004402 sp=0x000000f5413fcce0 mode 2
Event: 212.879 Thread 0x000002b6e40e4f00 Uncommon trap: trap_request=0xffffff6e fr.pc=0x000002b691777438 relative=0x00000000000005b8
Event: 212.879 Thread 0x000002b6e40e4f00 Uncommon trap: reason=loop_limit_check action=maybe_recompile pc=0x000002b691777438 method=java.awt.EventDispatchThread.filterAndCheckEvent(Ljava/awt/AWTEvent;)Z @ 22 c2
Event: 212.879 Thread 0x000002b6e40e4f00 DEOPT PACKING pc=0x000002b691777438 sp=0x000000f5413ff450
Event: 212.879 Thread 0x000002b6e40e4f00 DEOPT UNPACKING pc=0x000002b691004402 sp=0x000000f5413ff3f0 mode 2

Classes loaded (20 events):
Event: 42.349 Loading class java/awt/image/RasterOp done
Event: 42.349 Loading class java/awt/image/ColorConvertOp done
Event: 42.349 Loading class sun/java2d/cmm/lcms/LCMSImageLayout$BandOrder
Event: 42.349 Loading class sun/java2d/cmm/lcms/LCMSImageLayout$BandOrder done
Event: 42.936 Loading class sun/awt/windows/WPathGraphics
Event: 42.936 Loading class sun/print/PathGraphics
Event: 42.936 Loading class sun/print/ProxyGraphics2D
Event: 42.937 Loading class sun/print/ProxyGraphics2D done
Event: 42.937 Loading class sun/print/PathGraphics done
Event: 42.937 Loading class sun/awt/windows/WPathGraphics done
Event: 42.949 Loading class java/lang/FdLibm$Atan2
Event: 42.949 Loading class java/lang/FdLibm$Atan2 done
Event: 42.949 Loading class java/lang/FdLibm
Event: 42.949 Loading class java/lang/FdLibm done
Event: 42.949 Loading class java/lang/FdLibm$Atan
Event: 42.949 Loading class java/lang/FdLibm$Atan done
Event: 43.115 Loading class java/awt/geom/Path2D$Double$TxIterator
Event: 43.115 Loading class java/awt/geom/Path2D$Double$TxIterator done
Event: 203.835 Loading class java/security/DomainCombiner
Event: 203.835 Loading class java/security/DomainCombiner done

Classes unloaded (0 events):
No events

Classes redefined (0 events):
No events

Internal exceptions (20 events):
Event: 32.287 Thread 0x000002b6e40e4f00 Exception <a 'java/lang/NoSuchMethodError'{0x0000000748773480}: 'int java.lang.invoke.DirectMethodHandle$Holder.invokeStatic(java.lang.Object, java.lang.Object, int, java.lang.Object)'> (0x0000000748773480) 
thrown [s\open\src\hotspot\share\interpreter\linkResolver.cpp, line 796]
Event: 32.287 Thread 0x000002b6e40e4f00 Exception <a 'java/lang/NoSuchMethodError'{0x00000007487774e0}: 'int java.lang.invoke.DirectMethodHandle$Holder.invokeSpecial(java.lang.Object, java.lang.Object, java.lang.Object, int, java.lang.Object)'> (0x00000007487774e0) 
thrown [s\open\src\hotspot\share\interpreter\linkResolver.cpp, line 796]
Event: 32.288 Thread 0x000002b6e40e4f00 Exception <a 'java/lang/NoSuchMethodError'{0x000000074877aca0}: 'int java.lang.invoke.DelegatingMethodHandle$Holder.reinvoke_L(java.lang.Object, java.lang.Object, int, java.lang.Object)'> (0x000000074877aca0) 
thrown [s\open\src\hotspot\share\interpreter\linkResolver.cpp, line 796]
Event: 32.290 Thread 0x000002b6e40e4f00 Exception <a 'java/lang/NoSuchMethodError'{0x0000000748793618}: 'int java.lang.invoke.DelegatingMethodHandle$Holder.reinvoke_L(java.lang.Object, java.lang.Object, int, long)'> (0x0000000748793618) 
thrown [s\open\src\hotspot\share\interpreter\linkResolver.cpp, line 796]
Event: 32.290 Thread 0x000002b6e40e4f00 Exception <a 'java/lang/NoSuchMethodError'{0x000000074879a550}: 'int java.lang.invoke.DirectMethodHandle$Holder.invokeSpecial(java.lang.Object, java.lang.Object, int, long)'> (0x000000074879a550) 
thrown [s\open\src\hotspot\share\interpreter\linkResolver.cpp, line 796]
Event: 32.291 Thread 0x000002b6e40e4f00 Exception <a 'java/lang/NoSuchMethodError'{0x000000074879db40}: 'int java.lang.invoke.Invokers$Holder.exactInvoker(java.lang.Object, java.lang.Object, int, long)'> (0x000000074879db40) 
thrown [s\open\src\hotspot\share\interpreter\linkResolver.cpp, line 796]
Event: 32.291 Thread 0x000002b6e40e4f00 Exception <a 'java/lang/NoSuchMethodError'{0x00000007487a16c8}: 'int java.lang.invoke.DelegatingMethodHandle$Holder.delegate(java.lang.Object, java.lang.Object, int, long)'> (0x00000007487a16c8) 
thrown [s\open\src\hotspot\share\interpreter\linkResolver.cpp, line 796]
Event: 32.295 Thread 0x000002b6e40e4f00 Exception <a 'java/lang/NoSuchMethodError'{0x00000007487c1118}: 'void java.lang.invoke.DirectMethodHandle$Holder.invokeSpecial(java.lang.Object, java.lang.Object, float, java.lang.Object, java.lang.Object, java.lang.Object, int, int, int, int, int, float, float, int, int, java.lang.Object, java.lang.Object)'> (0x00000007487c1118) 
thrown [s\open\src\hotspot\share\interpreter\linkResolver.cpp, line 796]
Event: 32.296 Thread 0x000002b6e40e4f00 Exception <a 'java/lang/NoSuchMethodError'{0x00000007487d1118}: 'int java.lang.invoke.DirectMethodHandle$Holder.invokeSpecial(java.lang.Object, java.lang.Object, int, java.lang.Object)'> (0x00000007487d1118) 
thrown [s\open\src\hotspot\share\interpreter\linkResolver.cpp, line 796]
Event: 32.296 Thread 0x000002b6e40e4f00 Exception <a 'java/lang/NoSuchMethodError'{0x00000007487d4748}: 'int java.lang.invoke.Invokers$Holder.invokeExact_MT(java.lang.Object, int, java.lang.Object, java.lang.Object)'> (0x00000007487d4748) 
thrown [s\open\src\hotspot\share\interpreter\linkResolver.cpp, line 796]
Event: 32.297 Thread 0x000002b6e40e4f00 Exception <a 'java/lang/NoSuchMethodError'{0x00000007487d8280}: 'java.lang.Object java.lang.invoke.Invokers$Holder.invokeExact_MT(java.lang.Object, long, java.lang.Object)'> (0x00000007487d8280) 
thrown [s\open\src\hotspot\share\interpreter\linkResolver.cpp, line 796]
Event: 32.299 Thread 0x000002b6e40e4f00 Exception <a 'java/lang/NoSuchMethodError'{0x00000007487ec2b8}: 'java.lang.Object java.lang.invoke.DelegatingMethodHandle$Holder.reinvoke_L(java.lang.Object, long, long, long)'> (0x00000007487ec2b8) 
thrown [s\open\src\hotspot\share\interpreter\linkResolver.cpp, line 796]
Event: 32.301 Thread 0x000002b6e40e4f00 Exception <a 'java/lang/NoSuchMethodError'{0x0000000748402948}: 'java.lang.Object java.lang.invoke.DirectMethodHandle$Holder.invokeStatic(java.lang.Object, java.lang.Object, java.lang.Object, java.lang.Object, long, long)'> (0x0000000748402948) 
thrown [s\open\src\hotspot\share\interpreter\linkResolver.cpp, line 796]
Event: 32.305 Thread 0x000002b6e40e4f00 Exception <a 'java/lang/NoSuchMethodError'{0x000000074842def0}: 'void java.lang.invoke.DelegatingMethodHandle$Holder.reinvoke_L(java.lang.Object, java.lang.Object, java.lang.Object, long, long)'> (0x000000074842def0) 
thrown [s\open\src\hotspot\share\interpreter\linkResolver.cpp, line 796]
Event: 32.305 Thread 0x000002b6e40e4f00 Exception <a 'java/lang/NoSuchMethodError'{0x00000007484396f8}: 'void java.lang.invoke.DirectMethodHandle$Holder.invokeSpecial(java.lang.Object, java.lang.Object, java.lang.Object, long)'> (0x00000007484396f8) 
thrown [s\open\src\hotspot\share\interpreter\linkResolver.cpp, line 796]
Event: 32.309 Thread 0x000002b6e40e4f00 Exception <a 'java/lang/NoSuchMethodError'{0x00000007484809c8}: 'void java.lang.invoke.DelegatingMethodHandle$Holder.reinvoke_L(java.lang.Object, java.lang.Object, java.lang.Object, long, int)'> (0x00000007484809c8) 
thrown [s\open\src\hotspot\share\interpreter\linkResolver.cpp, line 796]
Event: 32.310 Thread 0x000002b6e40e4f00 Exception <a 'java/lang/NoSuchMethodError'{0x0000000748494980}: 'int java.lang.invoke.Invokers$Holder.invokeExact_MT(java.lang.Object, java.lang.Object, java.lang.Object, int, java.lang.Object, java.lang.Object)'> (0x0000000748494980) 
thrown [s\open\src\hotspot\share\interpreter\linkResolver.cpp, line 796]
Event: 32.312 Thread 0x000002b6e40e4f00 Exception <a 'java/lang/NoSuchMethodError'{0x00000007484a90a8}: 'int java.lang.invoke.DelegatingMethodHandle$Holder.reinvoke_L(java.lang.Object, java.lang.Object, java.lang.Object, long)'> (0x00000007484a90a8) 
thrown [s\open\src\hotspot\share\interpreter\linkResolver.cpp, line 796]
Event: 32.314 Thread 0x000002b6e40e4f00 Exception <a 'java/lang/NoSuchMethodError'{0x00000007484ca010}: 'java.lang.Object java.lang.invoke.DirectMethodHandle$Holder.invokeStatic(java.lang.Object, java.lang.Object, java.lang.Object, java.lang.Object, java.lang.Object, java.lang.Object, java.lang.Object, long)'> (0x00000007484ca010) 
thrown [s\open\src\hotspot\share\interpreter\linkResolver.cpp, line 796]
Event: 32.354 Thread 0x000002b6e40e4f00 Exception <a 'java/lang/ClassNotFoundException'{0x00000007485c5620}: sun/net/www/protocol/c/Handler> (0x00000007485c5620) 
thrown [s\open\src\hotspot\share\classfile\systemDictionary.cpp, line 313]

VM Operations (20 events):
Event: 42.345 Executing VM operation: G1TryInitiateConcMark (G1 Humongous Allocation)
Event: 42.347 Executing VM operation: G1TryInitiateConcMark (G1 Humongous Allocation) done
Event: 42.508 Executing VM operation: CollectForMetadataAllocation (Metadata GC Threshold)
Event: 42.510 Executing VM operation: CollectForMetadataAllocation (Metadata GC Threshold) done
Event: 42.530 Executing VM operation: G1PauseRemark
Event: 42.533 Executing VM operation: G1PauseRemark done
Event: 42.539 Executing VM operation: G1PauseCleanup
Event: 42.539 Executing VM operation: G1PauseCleanup done
Event: 42.997 Executing VM operation: G1CollectForAllocation (G1 Evacuation Pause)
Event: 42.999 Executing VM operation: G1CollectForAllocation (G1 Evacuation Pause) done
Event: 60.029 Executing VM operation: HandshakeAllThreads (HandshakeForDeflation)
Event: 60.029 Executing VM operation: HandshakeAllThreads (HandshakeForDeflation) done
Event: 60.029 Executing VM operation: RendezvousGCThreads
Event: 60.029 Executing VM operation: RendezvousGCThreads done
Event: 230.583 Executing VM operation: G1CollectForAllocation (G1 Evacuation Pause)
Event: 230.586 Executing VM operation: G1CollectForAllocation (G1 Evacuation Pause) done
Event: 420.588 Executing VM operation: HandshakeAllThreads (HandshakeForDeflation)
Event: 420.588 Executing VM operation: HandshakeAllThreads (HandshakeForDeflation) done
Event: 420.588 Executing VM operation: RendezvousGCThreads
Event: 420.588 Executing VM operation: RendezvousGCThreads done

Memory protections (0 events):
No events

Nmethod flushes (20 events):
Event: 42.532 Thread 0x000002b69ec99940 flushing  nmethod 0x000002b689b81908
Event: 42.532 Thread 0x000002b69ec99940 flushing  nmethod 0x000002b689b82208
Event: 42.532 Thread 0x000002b69ec99940 flushing  nmethod 0x000002b689c02588
Event: 42.532 Thread 0x000002b69ec99940 flushing  nmethod 0x000002b689c02c08
Event: 42.532 Thread 0x000002b69ec99940 flushing  nmethod 0x000002b689c03f08
Event: 42.532 Thread 0x000002b69ec99940 flushing  nmethod 0x000002b689c25f08
Event: 42.532 Thread 0x000002b69ec99940 flushing  nmethod 0x000002b689c39208
Event: 42.532 Thread 0x000002b69ec99940 flushing  nmethod 0x000002b689cd4c88
Event: 42.532 Thread 0x000002b69ec99940 flushing  nmethod 0x000002b689ceba08
Event: 42.532 Thread 0x000002b69ec99940 flushing  nmethod 0x000002b689cec408
Event: 42.532 Thread 0x000002b69ec99940 flushing  nmethod 0x000002b689ced108
Event: 42.532 Thread 0x000002b69ec99940 flushing  nmethod 0x000002b689cedf08
Event: 42.532 Thread 0x000002b69ec99940 flushing  nmethod 0x000002b689cefc88
Event: 42.532 Thread 0x000002b69ec99940 flushing  nmethod 0x000002b689cf0088
Event: 42.532 Thread 0x000002b69ec99940 flushing  nmethod 0x000002b689d01a88
Event: 42.532 Thread 0x000002b69ec99940 flushing  nmethod 0x000002b689d36f08
Event: 42.532 Thread 0x000002b69ec99940 flushing  nmethod 0x000002b689d4e088
Event: 42.532 Thread 0x000002b69ec99940 flushing  nmethod 0x000002b689d4f988
Event: 42.532 Thread 0x000002b69ec99940 flushing  nmethod 0x000002b689d5e408
Event: 42.532 Thread 0x000002b69ec99940 flushing  nmethod 0x000002b689d5e708

Events (20 events):
Event: 8.113 Thread 0x000002b69ecebad0 Thread added: 0x000002b6e62ef1a0
Event: 8.389 Thread 0x000002b6e62ef1a0 Thread exited: 0x000002b6e62ef1a0
Event: 15.642 Thread 0x000002b69ecebad0 Thread added: 0x000002b6e465dff0
Event: 16.229 Thread 0x000002b6e465dff0 Thread exited: 0x000002b6e465dff0
Event: 18.139 Thread 0x000002b69ecebad0 Thread added: 0x000002b6e4630830
Event: 18.191 Thread 0x000002b6e40e4f00 Thread added: 0x000002b6e4313880
Event: 18.629 Thread 0x000002b6e4630830 Thread exited: 0x000002b6e4630830
Event: 23.268 Thread 0x000002b6e4313880 Thread exited: 0x000002b6e4313880
Event: 32.234 Thread 0x000002b69ecebad0 Thread added: 0x000002b6e67b0690
Event: 32.389 Thread 0x000002b6e40e4f00 Thread added: 0x000002b6e4311e40
Event: 32.590 Thread 0x000002b6e67b0690 Thread exited: 0x000002b6e67b0690
Event: 32.617 Thread 0x000002b6e4311e40 Thread exited: 0x000002b6e4311e40
Event: 32.630 Thread 0x000002b6e40e4f00 Thread added: 0x000002b6e430e330
Event: 32.630 Thread 0x000002b6e40e4f00 Thread added: 0x000002b6e4310a90
Event: 33.208 Thread 0x000002b6e40e4f00 Thread added: 0x000002b6e4313880
Event: 36.911 Thread 0x000002b6e4313880 Thread exited: 0x000002b6e4313880
Event: 42.546 Thread 0x000002b69ecebad0 Thread added: 0x000002b6e69f3a40
Event: 42.938 Thread 0x000002b6e69f3a40 Thread exited: 0x000002b6e69f3a40
Event: 42.941 Thread 0x000002b69ecebad0 Thread added: 0x000002b6e69f3a40
Event: 44.325 Thread 0x000002b6e69f3a40 Thread exited: 0x000002b6e69f3a40


Dynamic libraries:
0x00007ff788800000 - 0x00007ff788810000 	C:\Program Files\Java\jdk-23\bin\java.exe
0x00007ffa9f0f0000 - 0x00007ffa9f2e8000 	C:\WINDOWS\SYSTEM32\ntdll.dll
0x00007ffa9e890000 - 0x00007ffa9e952000 	C:\WINDOWS\System32\KERNEL32.DLL
0x00007ffa9c9f0000 - 0x00007ffa9ccee000 	C:\WINDOWS\System32\KERNELBASE.dll
0x00007ffa9c8f0000 - 0x00007ffa9c9f0000 	C:\WINDOWS\System32\ucrtbase.dll
0x00007ffa86370000 - 0x00007ffa8638b000 	C:\Program Files\Java\jdk-23\bin\VCRUNTIME140.dll
0x00007ffa86240000 - 0x00007ffa86257000 	C:\Program Files\Java\jdk-23\bin\jli.dll
0x00007ffa9ef10000 - 0x00007ffa9f0ad000 	C:\WINDOWS\System32\USER32.dll
0x00007ffa9cfb0000 - 0x00007ffa9cfd2000 	C:\WINDOWS\System32\win32u.dll
0x00007ffa7f680000 - 0x00007ffa7f91a000 	C:\WINDOWS\WinSxS\amd64_microsoft.windows.common-controls_6595b64144ccf1df_6.0.19041.4355_none_60b8b9eb71f62e16\COMCTL32.dll
0x00007ffa9e6e0000 - 0x00007ffa9e70b000 	C:\WINDOWS\System32\GDI32.dll
0x00007ffa9da90000 - 0x00007ffa9db2e000 	C:\WINDOWS\System32\msvcrt.dll
0x00007ffa9ce90000 - 0x00007ffa9cfa7000 	C:\WINDOWS\System32\gdi32full.dll
0x00007ffa9cdf0000 - 0x00007ffa9ce8d000 	C:\WINDOWS\System32\msvcp_win.dll
0x00007ffa9e850000 - 0x00007ffa9e87f000 	C:\WINDOWS\System32\IMM32.DLL
0x00007ffa99720000 - 0x00007ffa9972c000 	C:\Program Files\Java\jdk-23\bin\vcruntime140_1.dll
0x00007ffa825f0000 - 0x00007ffa8267e000 	C:\Program Files\Java\jdk-23\bin\msvcp140.dll
0x00007ffa0a950000 - 0x00007ffa0b69f000 	C:\Program Files\Java\jdk-23\bin\server\jvm.dll
0x00007ffa9dda0000 - 0x00007ffa9de52000 	C:\WINDOWS\System32\ADVAPI32.dll
0x00007ffa9e7b0000 - 0x00007ffa9e850000 	C:\WINDOWS\System32\sechost.dll
0x00007ffa9db30000 - 0x00007ffa9dc53000 	C:\WINDOWS\System32\RPCRT4.dll
0x00007ffa9d0e0000 - 0x00007ffa9d107000 	C:\WINDOWS\System32\bcrypt.dll
0x00007ffa9de60000 - 0x00007ffa9decb000 	C:\WINDOWS\System32\WS2_32.dll
0x00007ffa9bcd0000 - 0x00007ffa9bd1b000 	C:\WINDOWS\SYSTEM32\POWRPROF.dll
0x00007ffa92cc0000 - 0x00007ffa92cca000 	C:\WINDOWS\SYSTEM32\VERSION.dll
0x00007ffa7df70000 - 0x00007ffa7df97000 	C:\WINDOWS\SYSTEM32\WINMM.dll
0x00007ffa9bb90000 - 0x00007ffa9bba2000 	C:\WINDOWS\SYSTEM32\UMPDC.dll
0x00007ffa9a450000 - 0x00007ffa9a462000 	C:\WINDOWS\SYSTEM32\kernel.appcore.dll
0x00007ffa8ed10000 - 0x00007ffa8ed1a000 	C:\Program Files\Java\jdk-23\bin\jimage.dll
0x00007ffa85210000 - 0x00007ffa853f4000 	C:\WINDOWS\SYSTEM32\DBGHELP.DLL
0x00007ffa87c80000 - 0x00007ffa87cb4000 	C:\WINDOWS\SYSTEM32\dbgcore.DLL
0x00007ffa9cd60000 - 0x00007ffa9cde2000 	C:\WINDOWS\System32\bcryptPrimitives.dll
0x00007ffa86330000 - 0x00007ffa8634e000 	C:\Program Files\Java\jdk-23\bin\java.dll
0x00007ffa9d960000 - 0x00007ffa9da8b000 	C:\WINDOWS\System32\ole32.dll
0x00007ffa9ea30000 - 0x00007ffa9ed83000 	C:\WINDOWS\System32\combase.dll
0x00007ffa9d170000 - 0x00007ffa9d8df000 	C:\WINDOWS\System32\SHELL32.dll
0x00007ffa9a650000 - 0x00007ffa9adf4000 	C:\WINDOWS\SYSTEM32\windows.storage.dll
0x00007ffa9c1c0000 - 0x00007ffa9c1ee000 	C:\WINDOWS\SYSTEM32\Wldp.dll
0x00007ffa9e610000 - 0x00007ffa9e6dd000 	C:\WINDOWS\System32\OLEAUT32.dll
0x00007ffa9e980000 - 0x00007ffa9ea2d000 	C:\WINDOWS\System32\SHCORE.dll
0x00007ffa9e080000 - 0x00007ffa9e0d5000 	C:\WINDOWS\System32\shlwapi.dll
0x00007ffa9c6c0000 - 0x00007ffa9c6e4000 	C:\WINDOWS\SYSTEM32\profapi.dll
0x00007ffa82920000 - 0x00007ffa829f7000 	C:\Program Files\Java\jdk-23\bin\jsvml.dll
0x00007ffa8e470000 - 0x00007ffa8e480000 	C:\Program Files\Java\jdk-23\bin\net.dll
0x00007ffa9bf20000 - 0x00007ffa9bf8a000 	C:\WINDOWS\system32\mswsock.dll
0x00007ffa86280000 - 0x00007ffa86296000 	C:\Program Files\Java\jdk-23\bin\nio.dll
0x00007ffa860c0000 - 0x00007ffa860d7000 	C:\Program Files\Java\jdk-23\bin\zip.dll
0x00007ffa33f40000 - 0x00007ffa340ce000 	C:\Program Files\Java\jdk-23\bin\awt.dll
0x00007ffa99610000 - 0x00007ffa996a4000 	C:\WINDOWS\SYSTEM32\apphelp.dll
0x00007ffa99f60000 - 0x00007ffa99ffe000 	C:\WINDOWS\system32\uxtheme.dll
0x00007ffa9edf0000 - 0x00007ffa9ef05000 	C:\WINDOWS\System32\MSCTF.dll
0x00007ffa9a270000 - 0x00007ffa9a29f000 	C:\WINDOWS\system32\DWMAPI.DLL
0x00007ffa821a0000 - 0x00007ffa82227000 	C:\Program Files\Java\jdk-23\bin\freetype.dll
0x00007ffa81c80000 - 0x00007ffa81d57000 	C:\Program Files\Java\jdk-23\bin\fontmanager.dll
0x00007ffa52880000 - 0x00007ffa529a8000 	C:\WINDOWS\system32\opengl32.dll
0x00007ffa85be0000 - 0x00007ffa85c0c000 	C:\WINDOWS\SYSTEM32\GLU32.dll
0x00007ffa96f70000 - 0x00007ffa96fab000 	C:\WINDOWS\SYSTEM32\dxcore.dll
0x00007ffa9cfe0000 - 0x00007ffa9d02e000 	C:\WINDOWS\System32\cfgmgr32.dll
0x00007ffa8ccc0000 - 0x00007ffa8cdb9000 	C:\WINDOWS\SYSTEM32\textinputframework.dll
0x00007ffa98940000 - 0x00007ffa98c9b000 	C:\WINDOWS\System32\CoreUIComponents.dll
0x00007ffa98e90000 - 0x00007ffa98f82000 	C:\WINDOWS\System32\CoreMessaging.dll
0x00007ffa9ba20000 - 0x00007ffa9ba53000 	C:\WINDOWS\SYSTEM32\ntmarta.dll
0x00007ffa97b50000 - 0x00007ffa97ca7000 	C:\WINDOWS\SYSTEM32\wintypes.dll
0x00007ffa9e0e0000 - 0x00007ffa9e189000 	C:\WINDOWS\System32\clbcatq.dll
0x00007ffa99d20000 - 0x00007ffa99ed6000 	C:\WINDOWS\SYSTEM32\WindowsCodecs.dll
0x00007ffa7d280000 - 0x00007ffa7d2be000 	C:\WINDOWS\system32\dataexchange.dll
0x00007ffa98ca0000 - 0x00007ffa98e84000 	C:\WINDOWS\system32\dcomp.dll
0x00007ffa986d0000 - 0x00007ffa98933000 	C:\WINDOWS\system32\d3d11.dll
0x00007ffa9aef0000 - 0x00007ffa9afe6000 	C:\WINDOWS\system32\dxgi.dll
0x00007ffa95ac0000 - 0x00007ffa95cc3000 	C:\WINDOWS\system32\twinapi.appcore.dll
0x00007ffa8a660000 - 0x00007ffa8a669000 	C:\Program Files\Java\jdk-23\bin\extnet.dll
0x00007ffa9c110000 - 0x00007ffa9c128000 	C:\WINDOWS\SYSTEM32\CRYPTSP.dll
0x00007ffa9b7d0000 - 0x00007ffa9b804000 	C:\WINDOWS\system32\rsaenh.dll
0x00007ffa9c680000 - 0x00007ffa9c6ae000 	C:\WINDOWS\SYSTEM32\USERENV.dll
0x00007ffa9c130000 - 0x00007ffa9c13c000 	C:\WINDOWS\SYSTEM32\CRYPTBASE.dll
0x00007ffa9bbb0000 - 0x00007ffa9bbeb000 	C:\WINDOWS\SYSTEM32\IPHLPAPI.DLL
0x00007ffa9e880000 - 0x00007ffa9e888000 	C:\WINDOWS\System32\NSI.dll
0x00007ffa86310000 - 0x00007ffa8631e000 	C:\Program Files\Java\jdk-23\bin\sunmscapi.dll
0x00007ffa9c790000 - 0x00007ffa9c8ec000 	C:\WINDOWS\System32\CRYPT32.dll
0x00007ffa9c230000 - 0x00007ffa9c257000 	C:\WINDOWS\SYSTEM32\ncrypt.dll
0x00007ffa9c1f0000 - 0x00007ffa9c22b000 	C:\WINDOWS\SYSTEM32\NTASN1.dll
0x00007ffa92240000 - 0x00007ffa922f0000 	C:\WINDOWS\WinSxS\amd64_microsoft.windows.common-controls_6595b64144ccf1df_5.82.19041.4355_none_792ecafd2442822f\comctl32.dll
0x00007ffa8c5f0000 - 0x00007ffa8c600000 	C:\Program Files\Java\jdk-23\bin\verify.dll
0x00007ffa86360000 - 0x00007ffa86369000 	C:\Program Files\Java\jdk-23\bin\syslookup.dll
0x00007ffa8f7a0000 - 0x00007ffa8f844000 	C:\WINDOWS\SYSTEM32\WINSPOOL.DRV
0x00007ffa7d220000 - 0x00007ffa7d24f000 	C:\WINDOWS\system32\spool\DRIVERS\x64\3\tsprint.dll
0x00007ffa9b680000 - 0x00007ffa9b6db000 	C:\WINDOWS\SYSTEM32\WINSTA.dll
0x00007ffa996b0000 - 0x00007ffa996c4000 	C:\WINDOWS\SYSTEM32\WTSAPI32.dll
0x00007ffa83970000 - 0x00007ffa83a41000 	C:\WINDOWS\system32\spool\DRIVERS\x64\3\mxdwdrv.dll
0x00007ffa97a60000 - 0x00007ffa97a96000 	C:\WINDOWS\SYSTEM32\XmlLite.dll
0x00007ffa8a000000 - 0x00007ffa8a27f000 	C:\WINDOWS\SYSTEM32\DWrite.dll
0x00007ffa67540000 - 0x00007ffa6775d000 	C:\WINDOWS\SYSTEM32\opcservices.dll
0x00007ffa83ff0000 - 0x00007ffa84050000 	C:\WINDOWS\SYSTEM32\XpsPushLayer.dll
0x00007ffa363a0000 - 0x00007ffa3665c000 	C:\WINDOWS\SYSTEM32\xpsservices.dll
0x00007ffa8ee60000 - 0x00007ffa8f04c000 	C:\WINDOWS\SYSTEM32\urlmon.dll
0x00007ffa8e710000 - 0x00007ffa8e9ce000 	C:\WINDOWS\SYSTEM32\iertutil.dll
0x00007ffa9b3c0000 - 0x00007ffa9b3e8000 	C:\WINDOWS\SYSTEM32\srvcli.dll
0x00007ffa9bbf0000 - 0x00007ffa9bbfc000 	C:\WINDOWS\SYSTEM32\netutils.dll
0x00007ffa90600000 - 0x00007ffa9085f000 	C:\Windows\System32\msxml6.dll
0x00007ffa8fa60000 - 0x00007ffa8ff38000 	C:\WINDOWS\SYSTEM32\WININET.dll
0x00007ffa35db0000 - 0x00007ffa35e81000 	C:\WINDOWS\System32\DriverStore\FileRepository\ntprint.inf_amd64_3c5b87ca6a561f32\Amd64\mxdwdrv.dll
0x00007ffa840e0000 - 0x00007ffa84495000 	C:\WINDOWS\System32\DriverStore\FileRepository\prnms003.inf_amd64_4f97089abe958608\Amd64\PrintConfig.dll
0x00007ffa8c540000 - 0x00007ffa8c572000 	C:\WINDOWS\SYSTEM32\prntvpt.dll
0x00007ffa491e0000 - 0x00007ffa492b6000 	C:\Windows\System32\jscript.dll
0x00007ffa8f940000 - 0x00007ffa8f9c3000 	C:\ProgramData\Microsoft\Windows Defender\Platform\4.18.24090.11-0\MpOav.dll
0x00007ffa9c590000 - 0x00007ffa9c632000 	C:\WINDOWS\SYSTEM32\sxs.dll
0x00007ffa86210000 - 0x00007ffa86233000 	C:\WINDOWS\system32\FontSub.dll
0x00007ffa9dc60000 - 0x00007ffa9dd3a000 	C:\WINDOWS\System32\COMDLG32.dll
0x00007ffa97a00000 - 0x00007ffa97a17000 	C:\WINDOWS\SYSTEM32\dhcpcsvc6.DLL
0x00007ffa979e0000 - 0x00007ffa979fd000 	C:\WINDOWS\SYSTEM32\dhcpcsvc.DLL
0x00007ffa9bc00000 - 0x00007ffa9bcca000 	C:\WINDOWS\SYSTEM32\DNSAPI.dll
0x00007ffa8a690000 - 0x00007ffa8a73e000 	C:\WINDOWS\SYSTEM32\TextShaping.dll
0x00007ffa96810000 - 0x00007ffa96906000 	C:\WINDOWS\SYSTEM32\PROPSYS.dll
0x00007ffa8a5c0000 - 0x00007ffa8a5e4000 	C:\WINDOWS\SYSTEM32\edputil.dll
0x00007ffa83790000 - 0x00007ffa8393e000 	C:\WINDOWS\SYSTEM32\DUI70.dll
0x00007ffa84990000 - 0x00007ffa84a25000 	C:\WINDOWS\SYSTEM32\DUser.dll
0x00007ffa7bc60000 - 0x00007ffa7beb7000 	C:\WINDOWS\system32\explorerframe.dll
0x00007ffa98110000 - 0x00007ffa986d0000 	C:\WINDOWS\system32\d2d1.dll
0x00007ffa97220000 - 0x00007ffa972c1000 	C:\WINDOWS\SYSTEM32\policymanager.dll
0x00007ffa9b860000 - 0x00007ffa9b8ea000 	C:\WINDOWS\SYSTEM32\msvcp110_win.dll
0x00007ffa7c890000 - 0x00007ffa7c8f6000 	C:\WINDOWS\system32\OLEACC.dll
0x00007ffa78940000 - 0x00007ffa78c35000 	C:\Windows\System32\uiautomationcore.dll
0x00007ffa7ac00000 - 0x00007ffa7ac0d000 	C:\WINDOWS\SYSTEM32\atlthunk.dll
0x00007ffa8d920000 - 0x00007ffa8d9c6000 	C:\WINDOWS\System32\StructuredQuery.dll
0x00007ffa85400000 - 0x00007ffa8540d000 	C:\WINDOWS\SYSTEM32\LINKINFO.dll
0x00007ffa7b3f0000 - 0x00007ffa7b46d000 	C:\WINDOWS\SYSTEM32\ntshrui.dll
0x00007ffa9c640000 - 0x00007ffa9c672000 	C:\WINDOWS\SYSTEM32\SspiCli.dll
0x00007ffa8c7e0000 - 0x00007ffa8c7f2000 	C:\WINDOWS\SYSTEM32\cscapi.dll

dbghelp: loaded successfully - version: 4.0.5 - missing functions: none
symbol engine: initialized successfully - sym options: 0x614 - pdb path: .;C:\Program Files\Java\jdk-23\bin;C:\WINDOWS\SYSTEM32;C:\WINDOWS\WinSxS\amd64_microsoft.windows.common-controls_6595b64144ccf1df_6.0.19041.4355_none_60b8b9eb71f62e16;C:\Program Files\Java\jdk-23\bin\server;C:\WINDOWS\WinSxS\amd64_microsoft.windows.common-controls_6595b64144ccf1df_5.82.19041.4355_none_792ecafd2442822f;C:\WINDOWS\system32\spool\DRIVERS\x64\3;C:\PROGRA~1\COMMON~1\MICROS~1\OFFICE12;C:\WINDOWS\WinSxS\amd64_microsoft.vc80.crt_1fc8b3b9a1e18e3b_8.0.50727.9672_none_88e266cb2fac7c0d;C:\WINDOWS\System32\DriverStore\FileRepository\ntprint.inf_amd64_3c5b87ca6a561f32\Amd64;C:\WINDOWS\System32\DriverStore\FileRepository\prnms003.inf_amd64_4f97089abe958608\Amd64;C:\ProgramData\Microsoft\Windows Defender\Platform\4.18.24090.11-0;C:\Users\IT\AppData\Local\Microsoft\OneDrive\24.196.0929.0005;C:\WINDOWS\WinSxS\amd64_microsoft.windows.gdiplus_6595b64144ccf1df_1.1.19041.4597_none_91a78020cc854124

VM Arguments:
jvm_args: -Dfile.encoding=UTF-8 
java_command: Inicio.Ordenes
java_class_path (initial): C:\Users\IT\Documents\NetBeansProjects\Angels_Paraiso\lib\Util.jar;C:\Users\IT\Documents\NetBeansProjects\Angels_Paraiso\lib\absolutelayout\AbsoluteLayout.jar;C:\Users\IT\Documents\NetBeansProjects\Angels_Paraiso\lib\mysql-connector-java-8.0.17.jar;C:\Users\IT\Documents\NetBeansProjects\Angels_Paraiso\lib\commons-beanutils-1.8.0.jar;C:\Users\IT\Documents\NetBeansProjects\Angels_Paraiso\lib\commons-digester-2.1.jar;C:\Users\IT\Documents\NetBeansProjects\Angels_Paraiso\lib\commons-javaflow-20060411.jar;C:\Users\IT\Documents\NetBeansProjects\Angels_Paraiso\lib\commons-logging-1.1.1.jar;C:\Users\IT\Documents\NetBeansProjects\Angels_Paraiso\lib\groovy-all-2.0.1.jar;C:\Users\IT\Documents\NetBeansProjects\Angels_Paraiso\lib\iText-2.1.7.js2.jar;C:\Users\IT\Documents\NetBeansProjects\Angels_Paraiso\lib\log4j-1.2.15.jar;C:\Users\IT\Documents\NetBeansProjects\Angels_Paraiso\lib\png-encoder-1.5.jar;C:\Users\IT\Documents\NetBeansProjects\Angels_Paraiso\lib\xalan-2.7.1.jar;C:\Users\IT\Documents\NetBeansProjects\Angels_Paraiso\lib\commons-collections4-4.1.jar;C:\Users\IT\Documents\NetBeansProjects\Angels_Paraiso\lib\jasperreports-6.17.0.jar;C:\Users\IT\Documents\NetBeansProjects\Angels_Paraiso\lib\jcalendar-1.3.3.jar;C:\Users\IT\Documents\NetBeansProjects\Angels_Paraiso\lib\annotations-13.0.jar;C:\Users\IT\Documents\NetBeansProjects\Angels_Paraiso\lib\gson-2.8.6.jar;C:\Users\IT\Documents\NetBeansProjects\Angels_Paraiso\lib\jakarta.ws.rs-api-3.1.0.jar;C:\Users\IT\Documents\NetBeansProjects\Angels_Paraiso\lib\javax.activation-api-1.2.0.jar;C:\Users\IT\Documents\NetBeansProjects\Angels_Paraiso\lib\jaxb-api-2.3.0.jar;C:\Users\IT\Documents\NetBeansProjects\Angels_Paraiso\lib\jersey-client-2.0.1.jar;C:\Users\IT\Documents\NetBeansProjects\Angels_Paraiso\lib\jersey-common-2.0.1.jar;C:\Users\IT\Documents\NetBeansProjects\Angels_Paraiso\lib\json-20180130.jar;C:\Users\IT\Documents\NetBeansProjects\Angels_Paraiso\lib\kotlin-stdlib-1.4.10.jar;C:\Users\IT\Documents\NetBeansProjects\Angels_Paraiso\lib\kotlin-stdlib-common-1.4.0.jar;C:\Users\IT\Documents\NetBeansProjects\Angels_Paraiso\lib\okhttp-4.9.0.jar;C:\Users\IT\Documents\NetBeansProjects\Angels_Paraiso\lib\okio-2.8.0.jar;C:\Users\IT\Documents\NetBeansProjects\Angels_Paraiso\lib\resteasy-client-6.2.7.Final.jar;C:\Users\IT\Documents\NetBeansProjects\Angels_Paraiso\lib\javax.ws.rs-api-2.0.jar;C:\Users\IT\Documents\NetBeansProjects\Angels_Paraiso\lib\asm-all-repackaged-2.1.88.jar;C:\Users\IT\Documents\NetBeansProjects\Angels_Paraiso\lib\cglib-2.1.88.jar;C:\Users\IT\Documents\NetBeansProjects\Angels_Paraiso\lib\guava-14.0.1.jar;C:\Users\IT\Documents\NetBeansProjects\Angels_Paraiso\lib\hk2-api-2.1.88.jar;C:\Users\IT\Documents\NetBeansProjects\Angels_Paraiso\lib\hk2-locator-2.1.88.jar;C:\Users\IT\Documents\NetBeansProjects\Angels_Paraiso\lib\hk2-utils-2.1.88.jar;C:\Users\IT\Documents\NetBeansProjects\Angels_Paraiso\lib\javax.annotation-api-1.2.jar;C:\Users\IT\Documents\NetBeansProjects\Angels_Paraiso\lib\javax.inject-2.1.88.jar;C:\Users\IT\Documents\NetBeansProjects\Angels_Paraiso\lib\osgi-resource-locator-1.0.1.jar;C:\Users\IT\Documents\NetBeansProjects\Angels_Paraiso\lib\serializer-2.7.2.jar;C:\Users\IT\Documents\NetBeansProjects\Angels_Paraiso\build\classes
Launcher Type: SUN_STANDARD

[Global flags]
     intx CICompilerCount                          = 3                                         {product} {ergonomic}
     uint ConcGCThreads                            = 1                                         {product} {ergonomic}
     uint G1ConcRefinementThreads                  = 4                                         {product} {ergonomic}
   size_t G1HeapRegionSize                         = 2097152                                   {product} {ergonomic}
   size_t InitialHeapSize                          = 197132288                                 {product} {ergonomic}
   size_t MarkStackSize                            = 4194304                                   {product} {ergonomic}
   size_t MarkStackSizeMax                         = 536870912                                 {product} {ergonomic}
   size_t MaxHeapSize                              = 3133145088                                {product} {ergonomic}
   size_t MaxNewSize                               = 1879048192                                {product} {ergonomic}
   size_t MinHeapDeltaBytes                        = 2097152                                   {product} {ergonomic}
   size_t MinHeapSize                              = 8388608                                   {product} {ergonomic}
    uintx NonNMethodCodeHeapSize                   = 5832704                                {pd product} {ergonomic}
    uintx NonProfiledCodeHeapSize                  = 122945536                              {pd product} {ergonomic}
    uintx ProfiledCodeHeapSize                     = 122880000                              {pd product} {ergonomic}
    uintx ReservedCodeCacheSize                    = 251658240                              {pd product} {ergonomic}
     bool SegmentedCodeCache                       = true                                      {product} {ergonomic}
   size_t SoftMaxHeapSize                          = 3133145088                             {manageable} {ergonomic}
     bool UseCompressedOops                        = true                           {product lp64_product} {ergonomic}
     bool UseG1GC                                  = true                                      {product} {ergonomic}
     bool UseLargePagesIndividualAllocation        = false                                  {pd product} {ergonomic}

Logging:
Log output configuration:
 #0: stdout all=warning uptime,level,tags foldmultilines=false
 #1: stderr all=off uptime,level,tags foldmultilines=false

Environment Variables:
PATH=C:\Program Files\Common Files\Oracle\Java\javapath;C:\ProgramData\Oracle\Java\javapath;C:\WINDOWS\system32;C:\WINDOWS;C:\WINDOWS\System32\Wbem;C:\WINDOWS\System32\WindowsPowerShell\v1.0\;C:\WINDOWS\System32\OpenSSH\;C:\Program Files (x86)\ZeroTier\One\;C:\Users\IT\AppData\Local\Microsoft\WindowsApps;
USERNAME=it
OS=Windows_NT
PROCESSOR_IDENTIFIER=Intel64 Family 6 Model 60 Stepping 3, GenuineIntel
TMP=C:\Users\IT\AppData\Local\Temp
TEMP=C:\Users\IT\AppData\Local\Temp




Periodic native trim disabled

---------------  S Y S T E M  ---------------

OS:
 Windows 10 , 64 bit Build 19041 (10.0.19041.4957)
OS uptime: 2 days 20:11 hours

CPU: total 4 (initial active 4) (4 cores per cpu, 1 threads per core) family 6 model 60 stepping 3 microcode 0x27, cx8, cmov, fxsr, mmx, sse, sse2, sse3, ssse3, sse4.1, sse4.2, popcnt, lzcnt, tsc, tscinvbit, avx, avx2, aes, erms, clmul, bmi1, bmi2, fma, vzeroupper, clflush, rdtscp, f16c
Processor Information for the first 4 processors :
  Max Mhz: 3001, Current Mhz: 3001, Mhz Limit: 3001

Memory: 4k page, system-wide physical 11947M (4442M free)
TotalPageFile size 13739M (AvailPageFile size 4449M)
current process WorkingSet (physical memory assigned to process): 229M, peak: 274M
current process commit charge ("private bytes"): 239M, peak: 311M

vm_info: Java HotSpot(TM) 64-Bit Server VM (23.0.1+11-39) for windows-amd64 JRE (23.0.1+11-39), built on 2024-09-30T07:20:43Z with MS VC++ 17.6 (VS2022)

END.
