#
# A fatal error has been detected by the Java Runtime Environment:
#
#  EXCEPTION_ACCESS_VIOLATION (0xc0000005) at pc=0x00007ffdad8cbe01, pid=9664, tid=12644
#
# JRE version: Java(TM) SE Runtime Environment (23.0.1+11) (build 23.0.1+11-39)
# Java VM: Java HotSpot(TM) 64-Bit Server VM (23.0.1+11-39, mixed mode, sharing, tiered, compressed oops, compressed class ptrs, g1 gc, windows-amd64)
# Problematic frame:
# C  [awt.dll+0xdbe01]
#
# No core dump will be written. Minidumps are not enabled by default on client versions of Windows
#
# If you would like to submit a bug report, please visit:
#   https://bugreport.java.com/bugreport/crash.jsp
# The crash happened outside the Java Virtual Machine in native code.
# See problematic frame for where to report the bug.
#

---------------  S U M M A R Y ------------

Command Line: -Dfile.encoding=UTF-8 Inicio.Ordenes

Host: Intel(R) Core(TM) i5-4430 CPU @ 3.00GHz, 4 cores, 11G,  Windows 10 , 64 bit Build 19041 (10.0.19041.5072)
Time: Mon Nov 25 17:33:53 2024 Hora estándar, América Central elapsed time: 230.134770 seconds (0d 0h 3m 50s)

---------------  T H R E A D  ---------------

Current thread (0x00000196d26e05b0):  JavaThread "AWT-Windows" daemon [_thread_in_native, id=12644, stack(0x0000006ad4200000,0x0000006ad4300000) (1024K)]

Stack: [0x0000006ad4200000,0x0000006ad4300000],  sp=0x0000006ad42fee00,  free space=1019k
Native frames: (J=compiled Java code, j=interpreted, Vv=VM code, C=native code)
C  [awt.dll+0xdbe01]  (no source info available)
C  [awt.dll+0x9783c]  (no source info available)
C  [awt.dll+0x978e6]  (no source info available)
C  [awt.dll+0x94cb6]  (no source info available)
C  [awt.dll+0xe0f8c]  (no source info available)
C  [awt.dll+0xb0d3d]  (no source info available)
C  [awt.dll+0x97e1d]  (no source info available)
C  [USER32.dll+0xef5c]  (no source info available)
C  [USER32.dll+0xe9de]  (no source info available)
C  [awt.dll+0x161c3]  (no source info available)
C  [COMCTL32.dll+0x89aaa]  (no source info available)
C  [COMCTL32.dll+0x898a7]  (no source info available)
C  [USER32.dll+0xef5c]  (no source info available)
C  [USER32.dll+0xe684]  (no source info available)
C  [awt.dll+0xd530e]  (no source info available)
C  [awt.dll+0xd7242]  (no source info available)
C  0x00000196c46ad207  (no source info available)

The last pc belongs to native method entry point (kind = native) (printed below).
Java frames: (J=compiled Java code, j=interpreted, Vv=VM code)
j  sun.awt.windows.WToolkit.eventLoop()V+0 java.desktop@23.0.1
j  sun.awt.windows.WToolkit.run()V+50 java.desktop@23.0.1
j  java.lang.Thread.runWith(Ljava/lang/Object;Ljava/lang/Runnable;)V+5 java.base@23.0.1
j  java.lang.Thread.run()V+19 java.base@23.0.1
v  ~StubRoutines::call_stub 0x00000196c46a0fcd

siginfo: EXCEPTION_ACCESS_VIOLATION (0xc0000005), reading address 0x00003e7400000039


Registers:
RAX=0x00003e7400000031, RBX=0x0000019719ca6fb0, RCX=0x0000000000000000, RDX=0x0000000000000000
RSP=0x0000006ad42fee00, RBP=0x0000006ad42fef09, RSI=0x0000000075011a95, RDI=0x0000000000000000
R8 =0x0000000000000001, R9 =0x0000006ad42fef09, R10=0x0000000000000000, R11=0x0000000000000246
R12=0x0000000000000000, R13=0x0000000000000310, R14=0x0000000000000000, R15=0x0000000000000000
RIP=0x00007ffdad8cbe01, EFLAGS=0x0000000000010246


Register to memory mapping:

RAX=0x00003e7400000031 is an unknown value
RBX=0x0000019719ca6fb0 points into unknown readable memory: 0x0000019719329710 | 10 97 32 19 97 01 00 00
RCX=0x0 is null
RDX=0x0 is null
RSP=0x0000006ad42fee00 is pointing into the stack for thread: 0x00000196d26e05b0
RBP=0x0000006ad42fef09 is pointing into the stack for thread: 0x00000196d26e05b0
RSI=0x0000000075011a95 is an unknown value
RDI=0x0 is null
R8 =0x0000000000000001 is an unknown value
R9 =0x0000006ad42fef09 is pointing into the stack for thread: 0x00000196d26e05b0
R10=0x0 is null
R11=0x0000000000000246 is an unknown value
R12=0x0 is null
R13=0x0000000000000310 is an unknown value
R14=0x0 is null
R15=0x0 is null

Top of Stack: (sp=0x0000006ad42fee00)
0x0000006ad42fee00:   00007ffdad929838 0000000075011a95
0x0000006ad42fee10:   0000000000000000 0000000000000000
0x0000006ad42fee20:   0000000000000000 00007ffdad88783c
0x0000006ad42fee30:   0000000075011a95 00000196d29285b0
0x0000006ad42fee40:   0000019719ca6fb0 00007ffdd7f1e9de
0x0000006ad42fee50:   0000000000000000 00007ffdad8878e6
0x0000006ad42fee60:   00000196d29285b0 00007ffdad7f0000
0x0000006ad42fee70:   0000000000000000 0000000000000000
0x0000006ad42fee80:   0000000000000000 00007ffdad884cb6
0x0000006ad42fee90:   00000196d29285b0 0000000000000000
0x0000006ad42feea0:   0000000000000000 0000006ad42ff1f0
0x0000006ad42feeb0:   000000000000c217 00007ffd93df5e7c
0x0000006ad42feec0:   0000000000000000 0000006ad42fef81
0x0000006ad42feed0:   0000000000000000 00007ffdc0c99aaa
0x0000006ad42feee0:   0000000000000000 00007ffdd93c9877
0x0000006ad42feef0:   0000006ad42fefb0 00000196d26e0970
0x0000006ad42fef00:   00000196d2928650 0000000000000000
0x0000006ad42fef10:   0000000000000048 000013289490138e
0x0000006ad42fef20:   0000000000000001 0000000000000000
0x0000006ad42fef30:   0000000000000000 0000000000000000
0x0000006ad42fef40:   0000000000000000 0000000000000310
0x0000006ad42fef50:   0000000000000000 00000196d29285b0
0x0000006ad42fef60:   00000196d29285b0 00007ffdad8d0f8c
0x0000006ad42fef70:   0000000000000001 0000000000000000
0x0000006ad42fef80:   0000000000000000 00007ffdd9401910
0x0000006ad42fef90:   000082850000c217 00007ffd9406ffc7
0x0000006ad42fefa0:   0000000000000000 0000000000371f68
0x0000006ad42fefb0:   00000196b2d87850 00007ffdd7f20317
0x0000006ad42fefc0:   0000000000000000 00007ffdd93c9993
0x0000006ad42fefd0:   0000006ad2844800 00000000ffffffeb
0x0000006ad42fefe0:   0000000000000000 000013289490126e
0x0000006ad42feff0:   0000006ad42ff1f0 0000000000000000 

Instructions: (pc=0x00007ffdad8cbe01)
0x00007ffdad8cbd01:   83 ec 28 66 0f 6e c2 0f 5b c0 f3 0f 59 41 48 0f
0x00007ffdad8cbd11:   5a c8 f2 0f 10 05 bd 4e 03 00 f2 0f 5c 0d e5 4e
0x00007ffdad8cbd21:   01 00 66 0f 2f c1 76 0a b8 00 00 00 80 48 83 c4
0x00007ffdad8cbd31:   28 c3 66 0f 2f 0d 65 98 02 00 76 0a b8 ff ff ff
0x00007ffdad8cbd41:   7f 48 83 c4 28 c3 0f 28 c1 e8 af 0e 01 00 f2 0f
0x00007ffdad8cbd51:   2c c0 48 83 c4 28 c3 cc cc cc cc cc cc cc cc 48
0x00007ffdad8cbd61:   83 ec 28 66 0f 6e c2 0f 5b c0 f3 0f 59 41 4c 0f
0x00007ffdad8cbd71:   5a c8 f2 0f 10 05 5d 4e 03 00 f2 0f 5c 0d 85 4e
0x00007ffdad8cbd81:   01 00 66 0f 2f c1 76 0a b8 00 00 00 80 48 83 c4
0x00007ffdad8cbd91:   28 c3 66 0f 2f 0d 05 98 02 00 76 0a b8 ff ff ff
0x00007ffdad8cbda1:   7f 48 83 c4 28 c3 0f 28 c1 e8 4f 0e 01 00 f2 0f
0x00007ffdad8cbdb1:   2c c0 48 83 c4 28 c3 cc cc cc cc cc cc cc cc 48
0x00007ffdad8cbdc1:   8b 49 08 48 85 c9 0f 85 b3 7c fe ff 33 c0 c3 48
0x00007ffdad8cbdd1:   89 5c 24 08 48 89 74 24 10 57 48 83 ec 20 8b fa
0x00007ffdad8cbde1:   48 8b f1 e8 b7 be f4 ff 48 8b d8 48 89 44 24 40
0x00007ffdad8cbdf1:   41 b8 01 00 00 00 8b d7 48 8b c8 e8 1f be f4 ff
0x00007ffdad8cbe01:   48 8b 48 08 48 85 c9 74 0d 48 8b d6 e8 6e 7c fe
0x00007ffdad8cbe11:   ff 48 8b f8 eb 02 33 ff 48 8b cb e8 3f c0 f4 ff
0x00007ffdad8cbe21:   90 48 8b c7 48 8b 5c 24 30 48 8b 74 24 38 48 83
0x00007ffdad8cbe31:   c4 20 5f c3 cc cc cc cc cc cc cc cc cc cc cc 48
0x00007ffdad8cbe41:   8b 01 89 10 c3 cc cc cc cc cc cc cc cc cc cc 40
0x00007ffdad8cbe51:   57 48 83 ec 40 48 83 79 38 00 48 8b f9 0f 84 96
0x00007ffdad8cbe61:   01 00 00 48 8b 0d b5 9f 06 00 ba 02 00 01 00 48
0x00007ffdad8cbe71:   89 5c 24 58 48 89 74 24 68 e8 40 d8 00 00 4c 8b
0x00007ffdad8cbe81:   05 12 a5 06 00 48 8b c8 48 8b 57 38 48 8b d8 4c
0x00007ffdad8cbe91:   8b 08 41 ff 91 f8 02 00 00 48 8b f0 48 85 c0 0f
0x00007ffdad8cbea1:   84 4a 01 00 00 4c 8b 0b 48 8b d0 4c 8b 05 d5 a4
0x00007ffdad8cbeb1:   06 00 48 8b cb 41 ff 91 00 01 00 00 84 c0 0f 84
0x00007ffdad8cbec1:   2b 01 00 00 48 8b 7f 08 48 8b d6 48 8b 03 48 8b
0x00007ffdad8cbed1:   cb 4c 8b 05 c7 a4 06 00 48 81 c7 00 04 00 00 48
0x00007ffdad8cbee1:   89 6c 24 60 4c 89 64 24 38 ff 90 f8 02 00 00 4c
0x00007ffdad8cbef1:   8b 0b 48 8b d6 4c 8b 05 ab a4 06 00 48 8b cb 4c 


Stack slot to memory mapping:

stack at sp + 0 slots: 0x00007ffdad929838 awt.dll
stack at sp + 1 slots: 0x0000000075011a95 is an unknown value
stack at sp + 2 slots: 0x0 is null
stack at sp + 3 slots: 0x0 is null
stack at sp + 4 slots: 0x0 is null
stack at sp + 5 slots: 0x00007ffdad88783c awt.dll
stack at sp + 6 slots: 0x0000000075011a95 is an unknown value
stack at sp + 7 slots: 0x00000196d29285b0 points into unknown readable memory: 0x00007ffdad8fc860 | 60 c8 8f ad fd 7f 00 00

Lock stack of current Java thread (top to bottom):

native method entry point (kind = native)  [0x00000196c46acde0, 0x00000196c46ad938]  2904 bytes
[MachCode]
  0x00000196c46acde0: 488b 4b08 | 0fb7 492e | 584c 8d74 | ccf8 6800 | 0000 0068 | 0000 0000 | 5055 488b | ec41 5568 
  0x00000196c46ace00: 0000 0000 | 4c8b 6b08 | 4d8d 6d38 | 5348 8b53 | 0848 8b52 | 0848 8b52 | 1848 8b52 | 7048 8b12 
  0x00000196c46ace20: 5248 8b53 | 1048 85d2 | 0f84 0700 | 0000 4881 | c210 0100 | 0052 488b | 5308 488b | 5208 488b 
  0x00000196c46ace40: 5210 5249 | 8bc6 482b | c548 c1e8 | 0350 6800 | 0000 0068 | f7ff ffff | 41c6 8771 | 0400 0001 
  0x00000196c46ace60: 488b 4310 | 4885 c074 | 208b 88cc | 0000 0083 | c102 8988 | cc00 0000 | 2388 e000 | 0000 0f84 
  0x00000196c46ace80: 000a 0000 | e9cf 0000 | 0048 8b43 | 1848 85c0 | 0f85 b000 | 0000 e805 | 0000 00e9 | 9900 0000 
  0x00000196c46acea0: 488b d348 | 8d44 2408 | 4c89 6dc0 | 498b cfc5 | f877 4989 | afb0 0300 | 0049 8987 | a003 0000 
  0x00000196c46acec0: 4883 ec20 | 40f6 c40f | 0f84 1900 | 0000 4883 | ec08 48b8 | 9026 d793 | fd7f 0000 | ffd0 4883 
  0x00000196c46acee0: c408 e90c | 0000 0048 | b890 26d7 | 93fd 7f00 | 00ff d048 | 83c4 2049 | c787 a003 | 0000 0000 
  0x00000196c46acf00: 0000 49c7 | 87b0 0300 | 0000 0000 | 0049 c787 | a803 0000 | 0000 0000 | c5f8 7749 | 837f 0800 
  0x00000196c46acf20: 0f84 0500 | 0000 e995 | 3fff ff4c | 8b6d c04c | 8b75 c84e | 8d74 f500 | c348 8b43 | 1848 85c0 
  0x00000196c46acf40: 0f84 1200 | 0000 8b48 | 0883 c102 | 8948 0823 | 481c 0f84 | 2c09 0000 | 493b a7e8 | 0400 000f 
  0x00000196c46acf60: 8748 0000 | 0089 8424 | 00f0 ffff | 8984 2400 | e0ff ff89 | 8424 00d0 | ffff 8984 | 2400 c0ff 
  0x00000196c46acf80: ff89 8424 | 00b0 ffff | 8984 2400 | a0ff ff89 | 8424 0090 | ffff 8984 | 2400 80ff | ff49 3ba7 
  0x00000196c46acfa0: e004 0000 | 7607 4989 | a7e8 0400 | 0041 c687 | 7104 0000 | 0049 ba41 | ad5e 94fd | 7f00 0041 
  0x00000196c46acfc0: 803a 000f | 843e 0000 | 0048 8b55 | e849 8bcf | 4883 ec20 | 40f6 c40f | 0f84 1900 | 0000 4883 
  0x00000196c46acfe0: ec08 48b8 | 10ee 0e94 | fd7f 0000 | ffd0 4883 | c408 e90c | 0000 0048 | b810 ee0e | 94fd 7f00 
  0x00000196c46ad000: 00ff d048 | 83c4 2048 | 8b5d e84c | 8b5b 0845 | 0fb7 5b2e | 41c1 e303 | 492b e348 | 83ec 2048 
  0x00000196c46ad020: 83e4 f04c | 8b5b 604d | 85db 0f85 | ab00 0000 | e805 0000 | 00e9 9900 | 0000 488b | d348 8d44 
  0x00000196c46ad040: 2408 4c89 | 6dc0 498b | cfc5 f877 | 4989 afb0 | 0300 0049 | 8987 a003 | 0000 4883 | ec20 40f6 
  0x00000196c46ad060: c40f 0f84 | 1900 0000 | 4883 ec08 | 48b8 f04d | d793 fd7f | 0000 ffd0 | 4883 c408 | e90c 0000 
  0x00000196c46ad080: 0048 b8f0 | 4dd7 93fd | 7f00 00ff | d048 83c4 | 2049 c787 | a003 0000 | 0000 0000 | 49c7 87b0 
  0x00000196c46ad0a0: 0300 0000 | 0000 0049 | c787 a803 | 0000 0000 | 0000 c5f8 | 7749 837f | 0800 0f84 | 0500 0000 
  0x00000196c46ad0c0: e9fb 3dff | ff4c 8b6d | c04c 8b75 | c84e 8d74 | f500 c348 | 8b5d e84c | 8b5b 6041 | ffd3 488b 
  0x00000196c46ad0e0: 5de8 4889 | 4518 448b | 5b28 41f6 | c308 0f84 | 1b00 0000 | 4c8b 5b08 | 4d8b 5b08 | 4d8b 5b18 
  0x00000196c46ad100: 4d8b 5b70 | 4d8b 1b4c | 895d 1048 | 8d55 1048 | 8b43 5849 | ba60 3c0f | 94fd 7f00 | 0049 3bc2 
  0x00000196c46ad120: 0f85 ab00 | 0000 e805 | 0000 00e9 | 9900 0000 | 488b d348 | 8d44 2408 | 4c89 6dc0 | 498b cfc5 
  0x00000196c46ad140: f877 4989 | afb0 0300 | 0049 8987 | a003 0000 | 4883 ec20 | 40f6 c40f | 0f84 1900 | 0000 4883 
  0x00000196c46ad160: ec08 48b8 | f04d d793 | fd7f 0000 | ffd0 4883 | c408 e90c | 0000 0048 | b8f0 4dd7 | 93fd 7f00 
  0x00000196c46ad180: 00ff d048 | 83c4 2049 | c787 a003 | 0000 0000 | 0000 49c7 | 87b0 0300 | 0000 0000 | 0049 c787 
  0x00000196c46ad1a0: a803 0000 | 0000 0000 | c5f8 7749 | 837f 0800 | 0f84 0500 | 0000 e905 | 3dff ff4c | 8b6d c04c 
  0x00000196c46ad1c0: 8b75 c84e | 8d74 f500 | c348 8b5d | e848 8b43 | 5849 8d8f | c003 0000 | c5f8 7749 | 89af b003 
  0x00000196c46ad1e0: 0000 49ba | d8d1 6ac4 | 9601 0000 | 4d89 97a8 | 0300 0049 | 89a7 a003 | 0000 41c7 | 8744 0400 
  0x00000196c46ad200: 0004 0000 | 00ff d0c5 | f877 4883 | ec10 c5fb | 1104 2448 | 83ec 1048 | 8904 2448 | c744 2408 
  0x00000196c46ad220: 0000 0000 | 41c7 8744 | 0400 0005 | 0000 00f0 | 8344 24c0 | 0049 3baf | 4804 0000 | 0f87 0e00 
  0x00000196c46ad240: 0000 4183 | bf40 0400 | 0000 0f84 | 2000 0000 | 498b cf4c | 8be4 4883 | ec20 4883 | e4f0 48b8 
  0x00000196c46ad260: 90a9 d893 | fd7f 0000 | ffd0 498b | e44d 33e4 | 41c7 8744 | 0400 0008 | 0000 0049 | c787 a003 
  0x00000196c46ad280: 0000 0000 | 0000 49c7 | 87b0 0300 | 0000 0000 | 0049 c787 | a803 0000 | 0000 0000 | c5f8 774d 
  0x00000196c46ad2a0: 8b9f 3004 | 0000 41c7 | 8300 0100 | 0000 0000 | 0049 bbda | a56a c496 | 0100 004c | 3b5d 180f 
  0x00000196c46ad2c0: 8524 0200 | 0048 8b04 | 2448 83c4 | 1048 85c0 | 0f84 fe01 | 0000 a803 | 0f85 0800 | 0000 488b 
  0x00000196c46ad2e0: 00e9 ee01 | 0000 a801 | 0f85 0900 | 0000 488b | 40fe e9dd | 0100 0048 | 8b40 ff41 | 807f 3800 
  0x00000196c46ad300: 0f84 ce01 | 0000 4883 | f800 0f84 | c401 0000 | 4d8b 5f28 | 4983 fb00 | 0f84 1400 | 0000 4983 
  0x00000196c46ad320: eb08 4d89 | 5f28 4d03 | 5f30 4989 | 03e9 a201 | 0000 4881 | ecd0 0000 | 0048 8904 | 2448 894c 
  0x00000196c46ad340: 2408 4889 | 5424 1048 | 8974 2418 | 4889 7c24 | 204c 8944 | 2428 4c89 | 4c24 304c | 8954 2438 
  0x00000196c46ad360: 4c89 5c24 | 40c5 fb11 | 4424 50c5 | fb11 4c24 | 58c5 fb11 | 5424 60c5 | fb11 5c24 | 68c5 fb11 
  0x00000196c46ad380: 6424 70c5 | fb11 6c24 | 78c5 fb11 | b424 8000 | 0000 c5fb | 11bc 2488 | 0000 00c5 | 7b11 8424 
  0x00000196c46ad3a0: 9000 0000 | c57b 118c | 2498 0000 | 00c5 7b11 | 9424 a000 | 0000 c57b | 119c 24a8 | 0000 00c5 
  0x00000196c46ad3c0: 7b11 a424 | b000 0000 | c57b 11ac | 24b8 0000 | 00c5 7b11 | b424 c000 | 0000 c57b | 11bc 24c8 
  0x00000196c46ad3e0: 0000 0049 | 8bd7 488b | c848 83ec | 2040 f6c4 | 0f0f 8419 | 0000 0048 | 83ec 0848 | b8e0 07cc 
  0x00000196c46ad400: 93fd 7f00 | 00ff d048 | 83c4 08e9 | 0c00 0000 | 48b8 e007 | cc93 fd7f | 0000 ffd0 | 4883 c420 
  0x00000196c46ad420: c57b 10bc | 24c8 0000 | 00c5 7b10 | b424 c000 | 0000 c57b | 10ac 24b8 | 0000 00c5 | 7b10 a424 
  0x00000196c46ad440: b000 0000 | c57b 109c | 24a8 0000 | 00c5 7b10 | 9424 a000 | 0000 c57b | 108c 2498 | 0000 00c5 
  0x00000196c46ad460: 7b10 8424 | 9000 0000 | c5fb 10bc | 2488 0000 | 00c5 fb10 | b424 8000 | 0000 c5fb | 106c 2478 
  0x00000196c46ad480: c5fb 1064 | 2470 c5fb | 105c 2468 | c5fb 1054 | 2460 c5fb | 104c 2458 | c5fb 1044 | 2450 4c8b 
  0x00000196c46ad4a0: 5c24 404c | 8b54 2438 | 4c8b 4c24 | 304c 8b44 | 2428 488b | 7c24 2048 | 8b74 2418 | 488b 5424 
  0x00000196c46ad4c0: 1048 8b4c | 2408 488b | 0424 4881 | c4d0 0000 | 00c5 f877 | 4889 4510 | 4883 ec10 | 4889 0424 
  0x00000196c46ad4e0: 48c7 4424 | 0800 0000 | 0041 83bf | c804 0000 | 020f 85bf | 0000 0048 | 81ec 8000 | 0000 4889 
  0x00000196c46ad500: 4424 7848 | 894c 2470 | 4889 5424 | 6848 895c | 2460 4889 | 6c24 5048 | 8974 2448 | 4889 7c24 
  0x00000196c46ad520: 404c 8944 | 2438 4c89 | 4c24 304c | 8954 2428 | 4c89 5c24 | 204c 8964 | 2418 4c89 | 6c24 104c 
  0x00000196c46ad540: 8974 2408 | 4c89 3c24 | 4c8b e448 | 83ec 2048 | 83e4 f048 | b8c0 220f | 94fd 7f00 | 00ff d049 
  0x00000196c46ad560: 8be4 4c8b | 3c24 4c8b | 7424 084c | 8b6c 2410 | 4c8b 6424 | 184c 8b5c | 2420 4c8b | 5424 284c 
  0x00000196c46ad580: 8b4c 2430 | 4c8b 4424 | 3848 8b7c | 2440 488b | 7424 4848 | 8b6c 2450 | 488b 5c24 | 6048 8b54 
  0x00000196c46ad5a0: 2468 488b | 4c24 7048 | 8b44 2478 | 4881 c480 | 0000 004d | 33e4 488b | 5de8 4c8b | 6b08 4d8d 
  0x00000196c46ad5c0: 6d38 4983 | 7f08 000f | 84bb 0000 | 00e8 0500 | 0000 e996 | 0000 0048 | 8d44 2408 | 4c89 6dc0 
  0x00000196c46ad5e0: 498b cfc5 | f877 4989 | afb0 0300 | 0049 8987 | a003 0000 | 4883 ec20 | 40f6 c40f | 0f84 1900 
  0x00000196c46ad600: 0000 4883 | ec08 48b8 | 006c d793 | fd7f 0000 | ffd0 4883 | c408 e90c | 0000 0048 | b800 6cd7 
  0x00000196c46ad620: 93fd 7f00 | 00ff d048 | 83c4 2049 | c787 a003 | 0000 0000 | 0000 49c7 | 87b0 0300 | 0000 0000 
  0x00000196c46ad640: 0049 c787 | a803 0000 | 0000 0000 | c5f8 7749 | 837f 0800 | 0f84 0500 | 0000 e961 | 38ff ff4c 
  0x00000196c46ad660: 8b6d c04c | 8b75 c84e | 8d74 f500 | c348 b940 | d536 94fd | 7f00 0048 | 83e4 f048 | b870 4afd 
  0x00000196c46ad680: 93fd 7f00 | 00ff d0f4 | 448b 5b28 | 41f6 c320 | 0f84 7901 | 0000 488d | 55a8 4c8b | 5a08 4d85 
  0x00000196c46ad6a0: db0f 85bb | 0000 00e8 | 0500 0000 | e996 0000 | 0048 8d44 | 2408 4c89 | 6dc0 498b | cfc5 f877 
  0x00000196c46ad6c0: 4989 afb0 | 0300 0049 | 8987 a003 | 0000 4883 | ec20 40f6 | c40f 0f84 | 1900 0000 | 4883 ec08 
  0x00000196c46ad6e0: 48b8 306b | d793 fd7f | 0000 ffd0 | 4883 c408 | e90c 0000 | 0048 b830 | 6bd7 93fd | 7f00 00ff 
  0x00000196c46ad700: d048 83c4 | 2049 c787 | a003 0000 | 0000 0000 | 49c7 87b0 | 0300 0000 | 0000 0049 | c787 a803 
  0x00000196c46ad720: 0000 0000 | 0000 c5f8 | 7749 837f | 0800 0f84 | 0500 0000 | e987 37ff | ff4c 8b6d | c04c 8b75 
  0x00000196c46ad740: c84e 8d74 | f500 c348 | b940 d536 | 94fd 7f00 | 0048 83e4 | f048 b870 | 4afd 93fd | 7f00 00ff 
  0x00000196c46ad760: d0f4 4c89 | 6dc0 4c8b | 4a08 48c7 | 4208 0000 | 0000 458b | 8718 0600 | 004f 3b4c | 07f8 0f85 
  0x00000196c46ad780: 4900 0000 | 4183 af18 | 0600 0008 | 4f3b 4c07 | f00f 842a | 0000 0049 | 8b01 a802 | 0f85 1200 
  0x00000196c46ad7a0: 0000 4c8b | c049 83c8 | 01f0 4d0f | b101 0f84 | 0d00 0000 | 4183 8718 | 0600 0008 | e90c 0000 
  0x00000196c46ad7c0: 0049 ff8f | 5005 0000 | e93e 0000 | 004c 894a | 0848 8bca | 4883 ec20 | 40f6 c40f | 0f84 1900 
  0x00000196c46ad7e0: 0000 4883 | ec08 48b8 | f03d d793 | fd7f 0000 | ffd0 4883 | c408 e90c | 0000 0048 | b8f0 3dd7 
  0x00000196c46ad800: 93fd 7f00 | 00ff d048 | 83c4 204c | 8b6d c049 | ba41 ad5e | 94fd 7f00 | 0041 803a | 000f 843e 
  0x00000196c46ad820: 0000 0048 | 8b55 e849 | 8bcf 4883 | ec20 40f6 | c40f 0f84 | 1900 0000 | 4883 ec08 | 48b8 10ee 
  0x00000196c46ad840: 0e94 fd7f | 0000 ffd0 | 4883 c408 | e90c 0000 | 0048 b810 | ee0e 94fd | 7f00 00ff | d048 83c4 
  0x00000196c46ad860: 2048 8b04 | 2448 83c4 | 10c5 fb10 | 0424 4883 | c410 4c8b | 5d18 41ff | d34c 8b5d | f8c9 5f49 
  0x00000196c46ad880: 8be3 ffe7 | ba00 0000 | 00e8 0500 | 0000 e996 | 0000 0048 | 8d44 2408 | 4c89 6dc0 | 498b cfc5 
  0x00000196c46ad8a0: f877 4989 | afb0 0300 | 0049 8987 | a003 0000 | 4883 ec20 | 40f6 c40f | 0f84 1900 | 0000 4883 
  0x00000196c46ad8c0: ec08 48b8 | a031 d793 | fd7f 0000 | ffd0 4883 | c408 e90c | 0000 0048 | b8a0 31d7 | 93fd 7f00 
  0x00000196c46ad8e0: 00ff d048 | 83c4 2049 | c787 a003 | 0000 0000 | 0000 49c7 | 87b0 0300 | 0000 0000 | 0049 c787 
  0x00000196c46ad900: a803 0000 | 0000 0000 | c5f8 7749 | 837f 0800 | 0f84 0500 | 0000 e9a5 | 35ff ff4c | 8b6d c04c 
  0x00000196c46ad920: 8b75 c84e | 8d74 f500 | c348 8b5d | e8e9 26f6 | ffff 660f | 1f44 0000 
[/MachCode]

---------------  P R O C E S S  ---------------

Threads class SMR info:
_java_thread_list=0x00000196d2905e80, length=17, elements={
0x00000196d206c5d0, 0x00000196d206f500, 0x00000196d20790f0, 0x00000196d2079b50,
0x00000196d207a5b0, 0x00000196d207b010, 0x00000196d207f2a0, 0x00000196d2083d70,
0x00000196d21c3590, 0x00000196d21c4a20, 0x00000196d26c5b20, 0x00000196d26df490,
0x00000196d26e05b0, 0x00000196d2747ed0, 0x00000196b284b5c0, 0x0000019718e15700,
0x00000196d2d32450
}

Java Threads: ( => current thread )
  0x00000196d206c5d0 JavaThread "Reference Handler"          daemon [_thread_blocked, id=17732, stack(0x0000006ad3600000,0x0000006ad3700000) (1024K)]
  0x00000196d206f500 JavaThread "Finalizer"                  daemon [_thread_blocked, id=17792, stack(0x0000006ad3700000,0x0000006ad3800000) (1024K)]
  0x00000196d20790f0 JavaThread "Signal Dispatcher"          daemon [_thread_blocked, id=18464, stack(0x0000006ad3800000,0x0000006ad3900000) (1024K)]
  0x00000196d2079b50 JavaThread "Attach Listener"            daemon [_thread_blocked, id=10660, stack(0x0000006ad3900000,0x0000006ad3a00000) (1024K)]
  0x00000196d207a5b0 JavaThread "Service Thread"             daemon [_thread_blocked, id=13272, stack(0x0000006ad3a00000,0x0000006ad3b00000) (1024K)]
  0x00000196d207b010 JavaThread "Monitor Deflation Thread"   daemon [_thread_blocked, id=19088, stack(0x0000006ad3b00000,0x0000006ad3c00000) (1024K)]
  0x00000196d207f2a0 JavaThread "C2 CompilerThread0"         daemon [_thread_blocked, id=16436, stack(0x0000006ad3c00000,0x0000006ad3d00000) (1024K)]
  0x00000196d2083d70 JavaThread "C1 CompilerThread0"         daemon [_thread_blocked, id=15336, stack(0x0000006ad3d00000,0x0000006ad3e00000) (1024K)]
  0x00000196d21c3590 JavaThread "Notification Thread"        daemon [_thread_blocked, id=13216, stack(0x0000006ad3e00000,0x0000006ad3f00000) (1024K)]
  0x00000196d21c4a20 JavaThread "Common-Cleaner"             daemon [_thread_blocked, id=956, stack(0x0000006ad3f00000,0x0000006ad4000000) (1024K)]
  0x00000196d26c5b20 JavaThread "Java2D Disposer"            daemon [_thread_blocked, id=10552, stack(0x0000006ad4000000,0x0000006ad4100000) (1024K)]
  0x00000196d26df490 JavaThread "AWT-Shutdown"                      [_thread_blocked, id=2588, stack(0x0000006ad4100000,0x0000006ad4200000) (1024K)]
=>0x00000196d26e05b0 JavaThread "AWT-Windows"                daemon [_thread_in_native, id=12644, stack(0x0000006ad4200000,0x0000006ad4300000) (1024K)]
  0x00000196d2747ed0 JavaThread "AWT-EventQueue-0"                  [_thread_in_native, id=7508, stack(0x0000006ad4300000,0x0000006ad4400000) (1024K)]
  0x00000196b284b5c0 JavaThread "DestroyJavaVM"                     [_thread_blocked, id=17180, stack(0x0000006ad2e00000,0x0000006ad2f00000) (1024K)]
  0x0000019718e15700 JavaThread "TimerQueue"                 daemon [_thread_blocked, id=4112, stack(0x0000006ad4c00000,0x0000006ad4d00000) (1024K)]
  0x00000196d2d32450 JavaThread "mysql-cj-abandoned-connection-cleanup" daemon [_thread_blocked, id=6636, stack(0x0000006ad4400000,0x0000006ad4500000) (1024K)]
Total: 17

Other Threads:
  0x00000196d2057600 VMThread "VM Thread"                           [id=18664, stack(0x0000006ad3500000,0x0000006ad3600000) (1024K)]
  0x00000196d20437f0 WatcherThread "VM Periodic Task Thread"        [id=11860, stack(0x0000006ad3400000,0x0000006ad3500000) (1024K)]
  0x00000196b4a83d40 WorkerThread "GC Thread#0"                     [id=15384, stack(0x0000006ad2f00000,0x0000006ad3000000) (1024K)]
  0x00000196d2d62bf0 WorkerThread "GC Thread#1"                     [id=14460, stack(0x0000006ad4700000,0x0000006ad4800000) (1024K)]
  0x00000197190e68c0 WorkerThread "GC Thread#2"                     [id=10892, stack(0x0000006ad4800000,0x0000006ad4900000) (1024K)]
  0x00000196d2dfe780 WorkerThread "GC Thread#3"                     [id=18780, stack(0x0000006ad4900000,0x0000006ad4a00000) (1024K)]
  0x00000196b4a94cc0 ConcurrentGCThread "G1 Main Marker"            [id=18860, stack(0x0000006ad3000000,0x0000006ad3100000) (1024K)]
  0x00000196b4a95f70 WorkerThread "G1 Conc#0"                       [id=15968, stack(0x0000006ad3100000,0x0000006ad3200000) (1024K)]
  0x00000196d1f210a0 ConcurrentGCThread "G1 Refine#0"               [id=12484, stack(0x0000006ad3200000,0x0000006ad3300000) (1024K)]
  0x00000196d1f218d0 ConcurrentGCThread "G1 Service"                [id=3612, stack(0x0000006ad3300000,0x0000006ad3400000) (1024K)]
Total: 10

Threads with active compile tasks:
Total: 0

VM state: not at safepoint (normal execution)

VM Mutex/Monitor currently owned by a thread: None

Heap address: 0x0000000745400000, size: 2988 MB, Compressed Oops mode: Zero based, Oop shift amount: 3

CDS archive(s) mapped at: [0x00000196d3000000-0x00000196d3d70000-0x00000196d3d70000), size 14090240, SharedBaseAddress: 0x00000196d3000000, ArchiveRelocationMode: 1.
Compressed class space mapped at: 0x00000196d4000000-0x0000019714000000, reserved size: 1073741824
Narrow klass base: 0x00000196d3000000, Narrow klass shift: 0, Narrow klass range: 0x41000000

GC Precious Log:
 CardTable entry size: 512
 Card Set container configuration: InlinePtr #cards 4 size 8 Array Of Cards #cards 16 size 48 Howl #buckets 8 coarsen threshold 3686 Howl Bitmap #cards 512 size 80 coarsen threshold 460 Card regions per heap region 1 cards per card region 4096
 CPUs: 4 total, 4 available
 Memory: 11947M
 Large Page Support: Disabled
 NUMA Support: Disabled
 Compressed Oops: Enabled (Zero based)
 Heap Region Size: 2M
 Heap Min Capacity: 8M
 Heap Initial Capacity: 188M
 Heap Max Capacity: 2988M
 Pre-touch: Disabled
 Parallel Workers: 4
 Concurrent Workers: 1
 Concurrent Refinement Workers: 4
 Periodic GC: Disabled

Heap:
 garbage-first heap   total reserved 3059712K, committed 59392K, used 56564K [0x0000000745400000, 0x0000000800000000)
  region size 2048K, 15 young (30720K), 2 survivors (4096K)
 Metaspace       used 24750K, committed 25024K, reserved 1114112K
  class space    used 2844K, committed 2944K, reserved 1048576K

Heap Regions: E=young(eden), S=young(survivor), O=old, HS=humongous(starts), HC=humongous(continues), CS=collection set, F=free, TAMS=top-at-mark-start, PB=parsable bottom
|   0|0x0000000745400000, 0x0000000745600000, 0x0000000745600000|100%| O|Cm|TAMS 0x0000000745400000| PB 0x0000000745400000| Complete |  0
|   1|0x0000000745600000, 0x0000000745800000, 0x0000000745800000|100%| O|  |TAMS 0x0000000745600000| PB 0x0000000745600000| Untracked |  0
|   2|0x0000000745800000, 0x0000000745a00000, 0x0000000745a00000|100%| O|  |TAMS 0x0000000745800000| PB 0x0000000745800000| Untracked |  0
|   3|0x0000000745a00000, 0x0000000745c00000, 0x0000000745c00000|100%|HS|  |TAMS 0x0000000745a00000| PB 0x0000000745a00000| Complete |  0
|   4|0x0000000745c00000, 0x0000000745e00000, 0x0000000745e00000|100%|HC|  |TAMS 0x0000000745c00000| PB 0x0000000745c00000| Complete |  0
|   5|0x0000000745e00000, 0x0000000745f4cd20, 0x0000000746000000| 65%| O|  |TAMS 0x0000000745e00000| PB 0x0000000745e00000| Untracked |  0
|   6|0x0000000746000000, 0x0000000746200000, 0x0000000746200000|100%|HS|  |TAMS 0x0000000746000000| PB 0x0000000746000000| Complete |  0
|   7|0x0000000746200000, 0x0000000746400000, 0x0000000746400000|100%|HC|  |TAMS 0x0000000746200000| PB 0x0000000746200000| Complete |  0
|   8|0x0000000746400000, 0x0000000746600000, 0x0000000746600000|100%|HS|  |TAMS 0x0000000746400000| PB 0x0000000746400000| Complete |  0
|   9|0x0000000746600000, 0x0000000746800000, 0x0000000746800000|100%|HS|  |TAMS 0x0000000746600000| PB 0x0000000746600000| Complete |  0
|  10|0x0000000746800000, 0x0000000746a00000, 0x0000000746a00000|100%|HC|  |TAMS 0x0000000746800000| PB 0x0000000746800000| Complete |  0
|  11|0x0000000746a00000, 0x0000000746c00000, 0x0000000746c00000|100%|HS|  |TAMS 0x0000000746a00000| PB 0x0000000746a00000| Complete |  0
|  12|0x0000000746c00000, 0x0000000746c4fcc8, 0x0000000746e00000| 15%| E|  |TAMS 0x0000000746c00000| PB 0x0000000746c00000| Complete |  0
|  13|0x0000000746e00000, 0x0000000747000000, 0x0000000747000000|100%| E|CS|TAMS 0x0000000746e00000| PB 0x0000000746e00000| Complete |  0
|  14|0x0000000747000000, 0x0000000747200000, 0x0000000747200000|100%| E|CS|TAMS 0x0000000747000000| PB 0x0000000747000000| Complete |  0
|  15|0x0000000747200000, 0x0000000747400000, 0x0000000747400000|100%| E|CS|TAMS 0x0000000747200000| PB 0x0000000747200000| Complete |  0
|  16|0x0000000747400000, 0x0000000747600000, 0x0000000747600000|100%| E|CS|TAMS 0x0000000747400000| PB 0x0000000747400000| Complete |  0
|  17|0x0000000747600000, 0x0000000747800000, 0x0000000747800000|100%| E|CS|TAMS 0x0000000747600000| PB 0x0000000747600000| Complete |  0
|  18|0x0000000747800000, 0x0000000747a00000, 0x0000000747a00000|100%| E|CS|TAMS 0x0000000747800000| PB 0x0000000747800000| Complete |  0
|  19|0x0000000747a00000, 0x0000000747c00000, 0x0000000747c00000|100%| E|CS|TAMS 0x0000000747a00000| PB 0x0000000747a00000| Complete |  0
|  20|0x0000000747c00000, 0x0000000747e00000, 0x0000000747e00000|100%| E|CS|TAMS 0x0000000747c00000| PB 0x0000000747c00000| Complete |  0
|  21|0x0000000747e00000, 0x0000000748000000, 0x0000000748000000|100%| E|CS|TAMS 0x0000000747e00000| PB 0x0000000747e00000| Complete |  0
|  22|0x0000000748000000, 0x0000000748200000, 0x0000000748200000|100%| E|CS|TAMS 0x0000000748000000| PB 0x0000000748000000| Complete |  0
|  23|0x0000000748200000, 0x0000000748400000, 0x0000000748400000|100%| E|CS|TAMS 0x0000000748200000| PB 0x0000000748200000| Complete |  0
|  24|0x0000000748400000, 0x0000000748600000, 0x0000000748600000|100%|HS|  |TAMS 0x0000000748400000| PB 0x0000000748400000| Complete |  0
|  25|0x0000000748600000, 0x0000000748800000, 0x0000000748800000|100%|HC|  |TAMS 0x0000000748600000| PB 0x0000000748600000| Complete |  0
|  86|0x0000000750000000, 0x00000007501f02e0, 0x0000000750200000| 96%| S|CS|TAMS 0x0000000750000000| PB 0x0000000750000000| Complete |  0
|  87|0x0000000750200000, 0x0000000750400000, 0x0000000750400000|100%| S|CS|TAMS 0x0000000750200000| PB 0x0000000750200000| Complete |  0
|  93|0x0000000750e00000, 0x0000000751000000, 0x0000000751000000|100%| E|CS|TAMS 0x0000000750e00000| PB 0x0000000750e00000| Complete |  0

Card table byte_map: [0x00000196cc750000,0x00000196ccd30000] _byte_map_base: 0x00000196c8d26000

Marking Bits: (CMBitMap*) 0x00000196b4a84450
 Bits: [0x00000196ccd30000, 0x00000196cfbe0000)

Polling page: 0x00000196b27b0000

Metaspace:

Usage:
  Non-class:     21.39 MB used.
      Class:      2.78 MB used.
       Both:     24.17 MB used.

Virtual space:
  Non-class space:       64.00 MB reserved,      21.56 MB ( 34%) committed,  1 nodes.
      Class space:        1.00 GB reserved,       2.88 MB ( <1%) committed,  1 nodes.
             Both:        1.06 GB reserved,      24.44 MB (  2%) committed. 

Chunk freelists:
   Non-Class:  10.22 MB
       Class:  13.13 MB
        Both:  23.35 MB

MaxMetaspaceSize: unlimited
CompressedClassSpaceSize: 1.00 GB
Initial GC threshold: 21.00 MB
Current GC threshold: 35.12 MB
CDS: on
 - commit_granule_bytes: 65536.
 - commit_granule_words: 8192.
 - virtual_space_node_default_size: 8388608.
 - enlarge_chunks_in_place: 1.
 - use_allocation_guard: 0.


Internal statistics:

num_allocs_failed_limit: 3.
num_arena_births: 224.
num_arena_deaths: 0.
num_vsnodes_births: 2.
num_vsnodes_deaths: 0.
num_space_committed: 391.
num_space_uncommitted: 0.
num_chunks_returned_to_freelist: 3.
num_chunks_taken_from_freelist: 451.
num_chunk_merges: 0.
num_chunk_splits: 269.
num_chunks_enlarged: 156.
num_inconsistent_stats: 0.

CodeHeap 'non-profiled nmethods': size=120064Kb used=1491Kb max_used=1491Kb free=118572Kb
 bounds [0x00000196c4c30000, 0x00000196c4ea0000, 0x00000196cc170000]
CodeHeap 'profiled nmethods': size=120000Kb used=7063Kb max_used=7063Kb free=112936Kb
 bounds [0x00000196bd170000, 0x00000196bd860000, 0x00000196c46a0000]
CodeHeap 'non-nmethods': size=5696Kb used=1800Kb max_used=1845Kb free=3895Kb
 bounds [0x00000196c46a0000, 0x00000196c4910000, 0x00000196c4c30000]
CodeCache: size=245760Kb, used=10354Kb, max_used=10399Kb, free=235403Kb
 total_blobs=5370, nmethods=4532, adapters=740, full_count=0
Compilation: enabled, stopped_count=0, restarted_count=0

Compilation events (20 events):
Event: 230.029 Thread 0x00000196d2083d70 4523       1       javax.swing.JRootPane::getDefaultButton (5 bytes)
Event: 230.029 Thread 0x00000196d2083d70 nmethod 4523 0x00000196c4da4b08 code [0x00000196c4da4c20, 0x00000196c4da4cf0]
Event: 230.029 Thread 0x00000196d2083d70 4524   !   3       javax.swing.JComponent::fetchRectangle (58 bytes)
Event: 230.030 Thread 0x00000196d2083d70 nmethod 4524 0x00000196bd851608 code [0x00000196bd851780, 0x00000196bd851ed8]
Event: 230.030 Thread 0x00000196d2083d70 4525       3       java.awt.LightweightDispatcher::enableEvents (11 bytes)
Event: 230.030 Thread 0x00000196d2083d70 nmethod 4525 0x00000196bd851f08 code [0x00000196bd852020, 0x00000196bd852138]
Event: 230.030 Thread 0x00000196d2083d70 4526   !   3       sun.swing.CachedPainter::getCache (70 bytes)
Event: 230.031 Thread 0x00000196d2083d70 nmethod 4526 0x00000196bd852208 code [0x00000196bd8523e0, 0x00000196bd8531a0]
Event: 230.031 Thread 0x00000196d2083d70 4527       3       java.util.concurrent.locks.ReentrantReadWriteLock$Sync::tryAcquireShared (177 bytes)
Event: 230.031 Thread 0x00000196d2083d70 nmethod 4527 0x00000196bd853208 code [0x00000196bd853420, 0x00000196bd854288]
Event: 230.031 Thread 0x00000196d2083d70 4528       3       java.util.concurrent.locks.ReentrantReadWriteLock$Sync::sharedCount (5 bytes)
Event: 230.031 Thread 0x00000196d2083d70 nmethod 4528 0x00000196bd854308 code [0x00000196bd854420, 0x00000196bd854510]
Event: 230.031 Thread 0x00000196d2083d70 4529       3       java.util.concurrent.locks.ReentrantReadWriteLock$NonfairSync::readerShouldBlock (5 bytes)
Event: 230.031 Thread 0x00000196d2083d70 nmethod 4529 0x00000196bd854608 code [0x00000196bd854720, 0x00000196bd854858]
Event: 230.031 Thread 0x00000196d2083d70 4530       3       java.util.concurrent.locks.AbstractQueuedSynchronizer::apparentlyFirstQueuedIsExclusive (38 bytes)
Event: 230.032 Thread 0x00000196d2083d70 nmethod 4530 0x00000196bd854908 code [0x00000196bd854a40, 0x00000196bd854d50]
Event: 230.086 Thread 0x00000196d2083d70 4531       3       java.util.concurrent.locks.AbstractQueuedSynchronizer::acquireShared (20 bytes)
Event: 230.087 Thread 0x00000196d2083d70 nmethod 4531 0x00000196bd854d88 code [0x00000196bd854ec0, 0x00000196bd855130]
Event: 230.087 Thread 0x00000196d2083d70 4532       3       sun.java2d.loops.Blit::getFromCache (102 bytes)
Event: 230.087 Thread 0x00000196d2083d70 nmethod 4532 0x00000196bd855188 code [0x00000196bd8553c0, 0x00000196bd855e10]

GC Heap History (6 events):
Event: 0.647 GC heap before
{Heap before GC invocations=0 (full 0):
 garbage-first heap   total reserved 3059712K, committed 192512K, used 12288K [0x0000000745400000, 0x0000000800000000)
  region size 2048K, 7 young (14336K), 0 survivors (0K)
 Metaspace       used 8791K, committed 9024K, reserved 1114112K
  class space    used 1018K, committed 1152K, reserved 1048576K
}
Event: 0.652 GC heap after
{Heap after GC invocations=1 (full 0):
 garbage-first heap   total reserved 3059712K, committed 192512K, used 6920K [0x0000000745400000, 0x0000000800000000)
  region size 2048K, 1 young (2048K), 1 survivors (2048K)
 Metaspace       used 8791K, committed 9024K, reserved 1114112K
  class space    used 1018K, committed 1152K, reserved 1048576K
}
Event: 16.750 GC heap before
{Heap before GC invocations=1 (full 0):
 garbage-first heap   total reserved 3059712K, committed 192512K, used 19208K [0x0000000745400000, 0x0000000800000000)
  region size 2048K, 6 young (12288K), 1 survivors (2048K)
 Metaspace       used 15597K, committed 15872K, reserved 1114112K
  class space    used 1768K, committed 1856K, reserved 1048576K
}
Event: 16.756 GC heap after
{Heap after GC invocations=2 (full 0):
 garbage-first heap   total reserved 3059712K, committed 192512K, used 13619K [0x0000000745400000, 0x0000000800000000)
  region size 2048K, 1 young (2048K), 1 survivors (2048K)
 Metaspace       used 15597K, committed 15872K, reserved 1114112K
  class space    used 1768K, committed 1856K, reserved 1048576K
}
Event: 37.278 GC heap before
{Heap before GC invocations=2 (full 0):
 garbage-first heap   total reserved 3059712K, committed 192512K, used 21811K [0x0000000745400000, 0x0000000800000000)
  region size 2048K, 6 young (12288K), 1 survivors (2048K)
 Metaspace       used 21258K, committed 21504K, reserved 1114112K
  class space    used 2429K, committed 2560K, reserved 1048576K
}
Event: 37.288 GC heap after
{Heap after GC invocations=3 (full 0):
 garbage-first heap   total reserved 3059712K, committed 192512K, used 15604K [0x0000000745400000, 0x0000000800000000)
  region size 2048K, 2 young (4096K), 2 survivors (4096K)
 Metaspace       used 21258K, committed 21504K, reserved 1114112K
  class space    used 2429K, committed 2560K, reserved 1048576K
}

Dll operation events (12 events):
Event: 0.008 Loaded shared library C:\Program Files\Java\jdk-23\bin\java.dll
Event: 0.037 Loaded shared library C:\Program Files\Java\jdk-23\bin\jsvml.dll
Event: 0.072 Loaded shared library C:\Program Files\Java\jdk-23\bin\net.dll
Event: 0.074 Loaded shared library C:\Program Files\Java\jdk-23\bin\nio.dll
Event: 0.078 Loaded shared library C:\Program Files\Java\jdk-23\bin\zip.dll
Event: 0.121 Loaded shared library C:\Program Files\Java\jdk-23\bin\jimage.dll
Event: 0.152 Loaded shared library C:\Program Files\Java\jdk-23\bin\awt.dll
Event: 0.284 Loaded shared library C:\Program Files\Java\jdk-23\bin\freetype.dll
Event: 0.285 Loaded shared library C:\Program Files\Java\jdk-23\bin\fontmanager.dll
Event: 16.446 Loaded shared library C:\Program Files\Java\jdk-23\bin\extnet.dll
Event: 16.884 Loaded shared library C:\Program Files\Java\jdk-23\bin\sunmscapi.dll
Event: 67.260 Loaded shared library C:\Program Files\Java\jdk-23\bin\verify.dll

Deoptimization events (20 events):
Event: 82.297 Thread 0x00000196d2747ed0 DEOPT PACKING pc=0x00000196bd4fec37 sp=0x0000006ad43fcea0
Event: 82.297 Thread 0x00000196d2747ed0 DEOPT UNPACKING pc=0x00000196c46f4b22 sp=0x0000006ad43fc328 mode 0
Event: 82.303 Thread 0x00000196d2747ed0 Uncommon trap: trap_request=0xffffff66 fr.pc=0x00000196c4d63054 relative=0x0000000000000214
Event: 82.303 Thread 0x00000196d2747ed0 Uncommon trap: reason=speculate_class_check action=maybe_recompile pc=0x00000196c4d63054 method=sun.security.util.math.intpoly.IntegerPolynomial.multByInt([JJ)V @ 26 c2
Event: 82.303 Thread 0x00000196d2747ed0 DEOPT PACKING pc=0x00000196c4d63054 sp=0x0000006ad43fd3f0
Event: 82.303 Thread 0x00000196d2747ed0 DEOPT UNPACKING pc=0x00000196c46f4402 sp=0x0000006ad43fd2a8 mode 2
Event: 83.219 Thread 0x00000196d2747ed0 Uncommon trap: trap_request=0xffffffcc fr.pc=0x00000196c4d81700 relative=0x00000000000061a0
Event: 83.219 Thread 0x00000196d2747ed0 Uncommon trap: reason=intrinsic_or_type_checked_inlining action=make_not_entrant pc=0x00000196c4d81700 method=java.util.Vector.toArray([Ljava/lang/Object;)[Ljava/lang/Object; @ 36 c2
Event: 83.219 Thread 0x00000196d2747ed0 DEOPT PACKING pc=0x00000196c4d81700 sp=0x0000006ad43fdfe0
Event: 83.219 Thread 0x00000196d2747ed0 DEOPT UNPACKING pc=0x00000196c46f4402 sp=0x0000006ad43fdec0 mode 2
Event: 223.298 Thread 0x00000196d2747ed0 DEOPT PACKING pc=0x00000196bd6da8c3 sp=0x0000006ad43fce10
Event: 223.298 Thread 0x00000196d2747ed0 DEOPT UNPACKING pc=0x00000196c46f4b22 sp=0x0000006ad43fc260 mode 0
Event: 223.298 Thread 0x00000196d2747ed0 DEOPT PACKING pc=0x00000196bd6bb9c3 sp=0x0000006ad43fcf80
Event: 223.299 Thread 0x00000196d2747ed0 DEOPT UNPACKING pc=0x00000196c46f4b22 sp=0x0000006ad43fc378 mode 0
Event: 223.299 Thread 0x00000196d2747ed0 DEOPT PACKING pc=0x00000196bd6da8c3 sp=0x0000006ad43fce10
Event: 223.299 Thread 0x00000196d2747ed0 DEOPT UNPACKING pc=0x00000196c46f4b22 sp=0x0000006ad43fc260 mode 0
Event: 223.300 Thread 0x00000196d2747ed0 DEOPT PACKING pc=0x00000196bd6da8c3 sp=0x0000006ad43fcf30
Event: 223.300 Thread 0x00000196d2747ed0 DEOPT UNPACKING pc=0x00000196c46f4b22 sp=0x0000006ad43fc380 mode 0
Event: 223.301 Thread 0x00000196d2747ed0 DEOPT PACKING pc=0x00000196bd6da8c3 sp=0x0000006ad43fce10
Event: 223.301 Thread 0x00000196d2747ed0 DEOPT UNPACKING pc=0x00000196c46f4b22 sp=0x0000006ad43fc260 mode 0

Classes loaded (20 events):
Event: 74.476 Loading class javax/accessibility/AccessibleContext$1
Event: 74.476 Loading class sun/awt/AWTAccessor$AccessibleContextAccessor
Event: 74.476 Loading class sun/awt/AWTAccessor$AccessibleContextAccessor done
Event: 74.476 Loading class javax/accessibility/AccessibleContext$1 done
Event: 74.476 Loading class javax/accessibility/AccessibleRelationSet
Event: 74.476 Loading class javax/accessibility/AccessibleRelationSet done
Event: 81.813 Loading class sun/font/SunFontManager$3
Event: 81.813 Loading class sun/font/SunFontManager$3 done
Event: 81.830 Loading class java/lang/foreign/MemorySegment
Event: 81.830 Loading class java/lang/foreign/MemorySegment done
Event: 81.841 Loading class javax/swing/plaf/basic/BasicTextFieldUI$I18nFieldView
Event: 81.841 Loading class javax/swing/plaf/basic/BasicTextFieldUI$I18nFieldView done
Event: 81.841 Loading class javax/swing/GroupLayout$1
Event: 81.841 Loading class javax/swing/GroupLayout$1 done
Event: 81.851 Loading class javax/swing/JTable$PrintMode
Event: 81.851 Loading class javax/swing/JTable$PrintMode done
Event: 81.851 Loading class javax/swing/table/DefaultTableCellRenderer$UIResource
Event: 81.852 Loading class javax/swing/table/DefaultTableCellRenderer$UIResource done
Event: 81.894 Loading class com/sun/java/swing/plaf/windows/WindowsTextFieldUI$WindowsFieldCaret$SafeScroller
Event: 81.895 Loading class com/sun/java/swing/plaf/windows/WindowsTextFieldUI$WindowsFieldCaret$SafeScroller done

Classes unloaded (0 events):
No events

Classes redefined (0 events):
No events

Internal exceptions (20 events):
Event: 0.325 Thread 0x00000196b284b5c0 Exception <a 'java/lang/ClassNotFoundException'{0x00000007508f6670}: javax/swing/JTreeCell> (0x00000007508f6670) 
thrown [s\open\src\hotspot\share\classfile\systemDictionary.cpp, line 313]
Event: 0.325 Thread 0x00000196b284b5c0 Exception <a 'java/lang/ClassNotFoundException'{0x00000007508f6978}: TreeCell> (0x00000007508f6978) 
thrown [s\open\src\hotspot\share\classfile\systemDictionary.cpp, line 313]
Event: 0.326 Thread 0x00000196b284b5c0 Exception <a 'java/lang/ClassNotFoundException'{0x00000007508f7130}: RootPane> (0x00000007508f7130) 
thrown [s\open\src\hotspot\share\classfile\systemDictionary.cpp, line 313]
Event: 0.328 Thread 0x00000196b284b5c0 Exception <a 'java/lang/ClassNotFoundException'{0x00000007508f9f90}: com/sun/swing/internal/plaf/metal/resources/spi/metalProvider> (0x00000007508f9f90) 
thrown [s\open\src\hotspot\share\classfile\systemDictionary.cpp, line 313]
Event: 0.328 Thread 0x00000196b284b5c0 Exception <a 'java/lang/ClassNotFoundException'{0x00000007508fdca0}: com/sun/swing/internal/plaf/basic/resources/spi/basicProvider> (0x00000007508fdca0) 
thrown [s\open\src\hotspot\share\classfile\systemDictionary.cpp, line 313]
Event: 0.362 Thread 0x00000196d2747ed0 Exception <a 'java/lang/ClassNotFoundException'{0x000000075097d708}: com/sun/swing/internal/plaf/synth/resources/spi/synthProvider> (0x000000075097d708) 
thrown [s\open\src\hotspot\share\classfile\systemDictionary.cpp, line 313]
Event: 0.381 Thread 0x00000196d2747ed0 Exception <a 'java/lang/NoSuchMethodError'{0x00000007506097e8}: 'int java.lang.invoke.Invokers$Holder.invokeExact_MT(java.lang.Object, java.lang.Object)'> (0x00000007506097e8) 
thrown [s\open\src\hotspot\share\interpreter\linkResolver.cpp, line 796]
Event: 0.386 Thread 0x00000196d2747ed0 Exception <a 'java/lang/NoSuchMethodError'{0x00000007506145b0}: 'void java.lang.invoke.DirectMethodHandle$Holder.invokeStaticInit(java.lang.Object)'> (0x00000007506145b0) 
thrown [s\open\src\hotspot\share\interpreter\linkResolver.cpp, line 796]
Event: 0.400 Thread 0x00000196d2747ed0 Exception <a 'java/lang/ClassNotFoundException'{0x000000075066f208}: com/sun/java/swing/plaf/windows/resources/spi/windowsProvider> (0x000000075066f208) 
thrown [s\open\src\hotspot\share\classfile\systemDictionary.cpp, line 313]
Event: 0.403 Thread 0x00000196d2747ed0 Exception <a 'java/lang/NoSuchMethodError'{0x00000007506787b0}: 'java.lang.Object java.lang.invoke.DirectMethodHandle$Holder.invokeStatic(java.lang.Object, java.lang.Object, int, java.lang.Object)'> (0x00000007506787b0) 
thrown [s\open\src\hotspot\share\interpreter\linkResolver.cpp, line 796]
Event: 0.404 Thread 0x00000196d2747ed0 Exception <a 'java/lang/NoSuchMethodError'{0x000000075067ed10}: 'java.lang.Object java.lang.invoke.DirectMethodHandle$Holder.newInvokeSpecial(java.lang.Object, java.lang.Object, int)'> (0x000000075067ed10) 
thrown [s\open\src\hotspot\share\interpreter\linkResolver.cpp, line 796]
Event: 0.436 Thread 0x00000196d26e05b0 Exception <a 'java/lang/NoSuchMethodError'{0x0000000750b75378}: 'void java.lang.invoke.DirectMethodHandle$Holder.invokeVirtual(java.lang.Object, java.lang.Object)'> (0x0000000750b75378) 
thrown [s\open\src\hotspot\share\interpreter\linkResolver.cpp, line 796]
Event: 0.552 Thread 0x00000196d2cdf510 Exception <a 'java/lang/NoSuchMethodError'{0x000000075050f370}: 'java.lang.Object java.lang.invoke.DirectMethodHandle$Holder.newInvokeSpecial(java.lang.Object, java.lang.Object, java.lang.Object, int, int, int, int, int)'> (0x000000075050f370) 
thrown [s\open\src\hotspot\share\interpreter\linkResolver.cpp, line 796]
Event: 16.323 Thread 0x00000196d2747ed0 Exception <a 'java/lang/NoSuchMethodError'{0x0000000750d70038}: 'void java.lang.invoke.DirectMethodHandle$Holder.invokeStatic(java.lang.Object, java.lang.Object)'> (0x0000000750d70038) 
thrown [s\open\src\hotspot\share\interpreter\linkResolver.cpp, line 796]
Event: 16.358 Thread 0x00000196d2747ed0 Exception <a 'java/lang/NoSuchMethodError'{0x0000000750a1ad98}: 'java.lang.Object java.lang.invoke.DirectMethodHandle$Holder.invokeInterface(java.lang.Object, java.lang.Object)'> (0x0000000750a1ad98) 
thrown [s\open\src\hotspot\share\interpreter\linkResolver.cpp, line 796]
Event: 16.380 Thread 0x00000196d2747ed0 Exception <a 'java/lang/NoSuchMethodError'{0x0000000750aa69f8}: 'java.lang.Object java.lang.invoke.DirectMethodHandle$Holder.invokeVirtual(java.lang.Object, java.lang.Object, java.lang.Object)'> (0x0000000750aa69f8) 
thrown [s\open\src\hotspot\share\interpreter\linkResolver.cpp, line 796]
Event: 16.819 Thread 0x00000196d2747ed0 Exception <a 'sun/nio/fs/WindowsException'{0x000000075083fc08}> (0x000000075083fc08) 
thrown [s\open\src\hotspot\share\prims\jni.cpp, line 520]
Event: 16.849 Thread 0x00000196d2747ed0 Exception <a 'java/lang/NoSuchMethodError'{0x00000007508e6740}: 'java.lang.Object java.lang.invoke.DirectMethodHandle$Holder.invokeStaticInit(java.lang.Object, int, int, int, int)'> (0x00000007508e6740) 
thrown [s\open\src\hotspot\share\interpreter\linkResolver.cpp, line 796]
Event: 16.862 Thread 0x00000196d2747ed0 Exception <a 'java/lang/NoSuchMethodError'{0x00000007509303a8}: 'java.lang.Object java.lang.invoke.DirectMethodHandle$Holder.invokeStaticInit(java.lang.Object, java.lang.Object, int, int, int, int)'> (0x00000007509303a8) 
thrown [s\open\src\hotspot\share\interpreter\linkResolver.cpp, line 796]
Event: 18.040 Thread 0x00000196d2747ed0 Exception <a 'java/lang/NoSuchMethodError'{0x00000007507622c0}: 'int java.lang.invoke.DirectMethodHandle$Holder.invokeStatic(java.lang.Object)'> (0x00000007507622c0) 
thrown [s\open\src\hotspot\share\interpreter\linkResolver.cpp, line 796]

VM Operations (20 events):
Event: 60.215 Executing VM operation: RendezvousGCThreads
Event: 60.215 Executing VM operation: RendezvousGCThreads done
Event: 67.242 Executing VM operation: HandshakeAllThreads (Deoptimize)
Event: 67.242 Executing VM operation: HandshakeAllThreads (Deoptimize) done
Event: 67.247 Executing VM operation: HandshakeAllThreads (Deoptimize)
Event: 67.247 Executing VM operation: HandshakeAllThreads (Deoptimize) done
Event: 67.262 Executing VM operation: HandshakeAllThreads (Deoptimize)
Event: 67.262 Executing VM operation: HandshakeAllThreads (Deoptimize) done
Event: 67.335 Executing VM operation: HandshakeAllThreads (Deoptimize)
Event: 67.335 Executing VM operation: HandshakeAllThreads (Deoptimize) done
Event: 68.664 Executing VM operation: HandshakeAllThreads (Deoptimize)
Event: 68.664 Executing VM operation: HandshakeAllThreads (Deoptimize) done
Event: 68.665 Executing VM operation: HandshakeAllThreads (Deoptimize)
Event: 68.665 Executing VM operation: HandshakeAllThreads (Deoptimize) done
Event: 74.471 Executing VM operation: HandshakeAllThreads (Deoptimize)
Event: 74.471 Executing VM operation: HandshakeAllThreads (Deoptimize) done
Event: 120.385 Executing VM operation: HandshakeAllThreads (HandshakeForDeflation)
Event: 120.385 Executing VM operation: HandshakeAllThreads (HandshakeForDeflation) done
Event: 120.385 Executing VM operation: RendezvousGCThreads
Event: 120.385 Executing VM operation: RendezvousGCThreads done

Memory protections (0 events):
No events

Nmethod flushes (0 events):
No events

Events (20 events):
Event: 3.391 Thread 0x00000196d2747ed0 Thread added: 0x0000019718e15700
Event: 5.670 Thread 0x00000196d2cdf510 Thread exited: 0x00000196d2cdf510
Event: 8.340 Thread 0x00000196d2db9ae0 Thread exited: 0x00000196d2db9ae0
Event: 16.324 Thread 0x00000196d2747ed0 Thread added: 0x00000196d2d32450
Event: 16.366 Thread 0x00000196d207f2a0 Thread added: 0x00000196d2c6dc50
Event: 16.572 Thread 0x00000196d2c6dc50 Thread exited: 0x00000196d2c6dc50
Event: 17.017 Thread 0x00000196d2083d70 Thread added: 0x00000196d2c6d580
Event: 17.221 Thread 0x00000196d2c6d580 Thread exited: 0x00000196d2c6d580
Event: 49.372 Thread 0x00000196d2083d70 Thread added: 0x00000196d2c6fe60
Event: 52.484 Thread 0x00000196d2c6fe60 Thread exited: 0x00000196d2c6fe60
Event: 67.283 Thread 0x00000196d2083d70 Thread added: 0x00000196d2c6fe60
Event: 67.333 Thread 0x00000196d2747ed0 Thread added: 0x00000197194c4e20
Event: 67.623 Thread 0x00000196d2c6fe60 Thread exited: 0x00000196d2c6fe60
Event: 68.708 Thread 0x00000196d2083d70 Thread added: 0x00000196d2c70530
Event: 70.466 Thread 0x00000196d2c70530 Thread exited: 0x00000196d2c70530
Event: 72.419 Thread 0x00000197194c4e20 Thread exited: 0x00000197194c4e20
Event: 81.881 Thread 0x00000196d2083d70 Thread added: 0x00000196d2c6f790
Event: 82.294 Thread 0x00000196d2c6f790 Thread exited: 0x00000196d2c6f790
Event: 223.299 Thread 0x00000196d2083d70 Thread added: 0x00000196d2c6e320
Event: 228.353 Thread 0x00000196d2c6e320 Thread exited: 0x00000196d2c6e320


Dynamic libraries:
0x00007ff6451a0000 - 0x00007ff6451b0000 	C:\Program Files\Java\jdk-23\bin\java.exe
0x00007ffdd93b0000 - 0x00007ffdd95a8000 	C:\WINDOWS\SYSTEM32\ntdll.dll
0x00007ffdd8870000 - 0x00007ffdd8932000 	C:\WINDOWS\System32\KERNEL32.DLL
0x00007ffdd6d70000 - 0x00007ffdd706e000 	C:\WINDOWS\System32\KERNELBASE.dll
0x00007ffdd72d0000 - 0x00007ffdd73d0000 	C:\WINDOWS\System32\ucrtbase.dll
0x00007ffdc73b0000 - 0x00007ffdc73cb000 	C:\Program Files\Java\jdk-23\bin\VCRUNTIME140.dll
0x00007ffdbf390000 - 0x00007ffdbf3a7000 	C:\Program Files\Java\jdk-23\bin\jli.dll
0x00007ffdd7f10000 - 0x00007ffdd80ad000 	C:\WINDOWS\System32\USER32.dll
0x00007ffdc0c10000 - 0x00007ffdc0eaa000 	C:\WINDOWS\WinSxS\amd64_microsoft.windows.common-controls_6595b64144ccf1df_6.0.19041.4355_none_60b8b9eb71f62e16\COMCTL32.dll
0x00007ffdd6cd0000 - 0x00007ffdd6cf2000 	C:\WINDOWS\System32\win32u.dll
0x00007ffdd73d0000 - 0x00007ffdd746e000 	C:\WINDOWS\System32\msvcrt.dll
0x00007ffdd7aa0000 - 0x00007ffdd7acb000 	C:\WINDOWS\System32\GDI32.dll
0x00007ffdd6bb0000 - 0x00007ffdd6cc7000 	C:\WINDOWS\System32\gdi32full.dll
0x00007ffdd6a50000 - 0x00007ffdd6aed000 	C:\WINDOWS\System32\msvcp_win.dll
0x00007ffdd7ee0000 - 0x00007ffdd7f0f000 	C:\WINDOWS\System32\IMM32.DLL
0x00007ffdd0ba0000 - 0x00007ffdd0bac000 	C:\Program Files\Java\jdk-23\bin\vcruntime140_1.dll
0x00007ffdaeac0000 - 0x00007ffdaeb4e000 	C:\Program Files\Java\jdk-23\bin\msvcp140.dll
0x00007ffd939a0000 - 0x00007ffd946ef000 	C:\Program Files\Java\jdk-23\bin\server\jvm.dll
0x00007ffdd74d0000 - 0x00007ffdd7581000 	C:\WINDOWS\System32\ADVAPI32.dll
0x00007ffdd8410000 - 0x00007ffdd84af000 	C:\WINDOWS\System32\sechost.dll
0x00007ffdd7db0000 - 0x00007ffdd7ed3000 	C:\WINDOWS\System32\RPCRT4.dll
0x00007ffdd6b80000 - 0x00007ffdd6ba7000 	C:\WINDOWS\System32\bcrypt.dll
0x00007ffdd7b90000 - 0x00007ffdd7bfb000 	C:\WINDOWS\System32\WS2_32.dll
0x00007ffdd5f90000 - 0x00007ffdd5fdb000 	C:\WINDOWS\SYSTEM32\POWRPROF.dll
0x00007ffdc1580000 - 0x00007ffdc15a7000 	C:\WINDOWS\SYSTEM32\WINMM.dll
0x00007ffdcd1c0000 - 0x00007ffdcd1ca000 	C:\WINDOWS\SYSTEM32\VERSION.dll
0x00007ffdd5e50000 - 0x00007ffdd5e62000 	C:\WINDOWS\SYSTEM32\UMPDC.dll
0x00007ffdd4630000 - 0x00007ffdd4642000 	C:\WINDOWS\SYSTEM32\kernel.appcore.dll
0x00007ffdc6670000 - 0x00007ffdc667a000 	C:\Program Files\Java\jdk-23\bin\jimage.dll
0x00007ffdd10d0000 - 0x00007ffdd12b4000 	C:\WINDOWS\SYSTEM32\DBGHELP.DLL
0x00007ffdd0ed0000 - 0x00007ffdd0f04000 	C:\WINDOWS\SYSTEM32\dbgcore.DLL
0x00007ffdd6af0000 - 0x00007ffdd6b72000 	C:\WINDOWS\System32\bcryptPrimitives.dll
0x00007ffdc6680000 - 0x00007ffdc669e000 	C:\Program Files\Java\jdk-23\bin\java.dll
0x00007ffdd8940000 - 0x00007ffdd8a6b000 	C:\WINDOWS\System32\ole32.dll
0x00007ffdd84b0000 - 0x00007ffdd8803000 	C:\WINDOWS\System32\combase.dll
0x00007ffdd8ad0000 - 0x00007ffdd923d000 	C:\WINDOWS\System32\SHELL32.dll
0x00007ffdd4910000 - 0x00007ffdd50b4000 	C:\WINDOWS\SYSTEM32\windows.storage.dll
0x00007ffdd6480000 - 0x00007ffdd64ae000 	C:\WINDOWS\SYSTEM32\Wldp.dll
0x00007ffdd8340000 - 0x00007ffdd840d000 	C:\WINDOWS\System32\OLEAUT32.dll
0x00007ffdd92c0000 - 0x00007ffdd936d000 	C:\WINDOWS\System32\SHCORE.dll
0x00007ffdd7590000 - 0x00007ffdd75e5000 	C:\WINDOWS\System32\shlwapi.dll
0x00007ffdd6980000 - 0x00007ffdd69a4000 	C:\WINDOWS\SYSTEM32\profapi.dll
0x00007ffdaee90000 - 0x00007ffdaef67000 	C:\Program Files\Java\jdk-23\bin\jsvml.dll
0x00007ffdc6110000 - 0x00007ffdc6120000 	C:\Program Files\Java\jdk-23\bin\net.dll
0x00007ffdd61e0000 - 0x00007ffdd624a000 	C:\WINDOWS\system32\mswsock.dll
0x00007ffdc5f90000 - 0x00007ffdc5fa6000 	C:\Program Files\Java\jdk-23\bin\nio.dll
0x00007ffdbf490000 - 0x00007ffdbf4a7000 	C:\Program Files\Java\jdk-23\bin\zip.dll
0x00007ffdad7f0000 - 0x00007ffdad97e000 	C:\Program Files\Java\jdk-23\bin\awt.dll
0x00007ffdd3e70000 - 0x00007ffdd3f04000 	C:\WINDOWS\SYSTEM32\apphelp.dll
0x00007ffdd4240000 - 0x00007ffdd42de000 	C:\WINDOWS\system32\uxtheme.dll
0x00007ffdd8220000 - 0x00007ffdd8335000 	C:\WINDOWS\System32\MSCTF.dll
0x00007ffdd4600000 - 0x00007ffdd462f000 	C:\WINDOWS\system32\DWMAPI.DLL
0x00007ffdae6a0000 - 0x00007ffdae727000 	C:\Program Files\Java\jdk-23\bin\freetype.dll
0x00007ffdab8b0000 - 0x00007ffdab987000 	C:\Program Files\Java\jdk-23\bin\fontmanager.dll
0x00007ffd90f00000 - 0x00007ffd91028000 	C:\WINDOWS\system32\opengl32.dll
0x00007ffdb12e0000 - 0x00007ffdb130c000 	C:\WINDOWS\SYSTEM32\GLU32.dll
0x00007ffdd1340000 - 0x00007ffdd137b000 	C:\WINDOWS\SYSTEM32\dxcore.dll
0x00007ffdd7280000 - 0x00007ffdd72ce000 	C:\WINDOWS\System32\cfgmgr32.dll
0x00007ffdc56a0000 - 0x00007ffdc5799000 	C:\WINDOWS\SYSTEM32\textinputframework.dll
0x00007ffdd3660000 - 0x00007ffdd39bb000 	C:\WINDOWS\System32\CoreUIComponents.dll
0x00007ffdd3a50000 - 0x00007ffdd3b42000 	C:\WINDOWS\System32\CoreMessaging.dll
0x00007ffdd5ce0000 - 0x00007ffdd5d13000 	C:\WINDOWS\SYSTEM32\ntmarta.dll
0x00007ffdd2ea0000 - 0x00007ffdd2ff7000 	C:\WINDOWS\SYSTEM32\wintypes.dll
0x00007ffdc0930000 - 0x00007ffdc0996000 	C:\WINDOWS\system32\Oleacc.dll
0x00007ffdd7ae0000 - 0x00007ffdd7b89000 	C:\WINDOWS\System32\clbcatq.dll
0x00007ffdd4040000 - 0x00007ffdd41f4000 	C:\WINDOWS\SYSTEM32\WindowsCodecs.dll
0x00007ffdbec10000 - 0x00007ffdbec4e000 	C:\WINDOWS\system32\dataexchange.dll
0x00007ffdd26e0000 - 0x00007ffdd2943000 	C:\WINDOWS\system32\d3d11.dll
0x00007ffdd30b0000 - 0x00007ffdd3294000 	C:\WINDOWS\system32\dcomp.dll
0x00007ffdd51b0000 - 0x00007ffdd52a6000 	C:\WINDOWS\system32\dxgi.dll
0x00007ffdd1a40000 - 0x00007ffdd1c43000 	C:\WINDOWS\system32\twinapi.appcore.dll
0x00007ffdc5990000 - 0x00007ffdc5999000 	C:\Program Files\Java\jdk-23\bin\extnet.dll
0x00007ffdd63d0000 - 0x00007ffdd63e8000 	C:\WINDOWS\SYSTEM32\CRYPTSP.dll
0x00007ffdd5a90000 - 0x00007ffdd5ac4000 	C:\WINDOWS\system32\rsaenh.dll
0x00007ffdd6940000 - 0x00007ffdd696e000 	C:\WINDOWS\SYSTEM32\USERENV.dll
0x00007ffdd63f0000 - 0x00007ffdd63fc000 	C:\WINDOWS\SYSTEM32\CRYPTBASE.dll
0x00007ffdd5e70000 - 0x00007ffdd5eab000 	C:\WINDOWS\SYSTEM32\IPHLPAPI.DLL
0x00007ffdd75f0000 - 0x00007ffdd75f8000 	C:\WINDOWS\System32\NSI.dll
0x00007ffdbf480000 - 0x00007ffdbf48e000 	C:\Program Files\Java\jdk-23\bin\sunmscapi.dll
0x00007ffdd7070000 - 0x00007ffdd71cc000 	C:\WINDOWS\System32\CRYPT32.dll
0x00007ffdd64f0000 - 0x00007ffdd6517000 	C:\WINDOWS\SYSTEM32\ncrypt.dll
0x00007ffdd64b0000 - 0x00007ffdd64eb000 	C:\WINDOWS\SYSTEM32\NTASN1.dll
0x00007ffdc8330000 - 0x00007ffdc83e0000 	C:\WINDOWS\WinSxS\amd64_microsoft.windows.common-controls_6595b64144ccf1df_5.82.19041.4355_none_792ecafd2442822f\comctl32.dll
0x00007ffdc5e00000 - 0x00007ffdc5e10000 	C:\Program Files\Java\jdk-23\bin\verify.dll

dbghelp: loaded successfully - version: 4.0.5 - missing functions: none
symbol engine: initialized successfully - sym options: 0x614 - pdb path: .;C:\Program Files\Java\jdk-23\bin;C:\WINDOWS\SYSTEM32;C:\WINDOWS\WinSxS\amd64_microsoft.windows.common-controls_6595b64144ccf1df_6.0.19041.4355_none_60b8b9eb71f62e16;C:\Program Files\Java\jdk-23\bin\server;C:\WINDOWS\WinSxS\amd64_microsoft.windows.common-controls_6595b64144ccf1df_5.82.19041.4355_none_792ecafd2442822f

VM Arguments:
jvm_args: -Dfile.encoding=UTF-8 
java_command: Inicio.Ordenes
java_class_path (initial): C:\Users\IT\Documents\NetBeansProjects\Angels_Paraiso\lib\Util.jar;C:\Users\IT\Documents\NetBeansProjects\Angels_Paraiso\lib\absolutelayout\AbsoluteLayout.jar;C:\Users\IT\Documents\NetBeansProjects\Angels_Paraiso\lib\mysql-connector-java-8.0.17.jar;C:\Users\IT\Documents\NetBeansProjects\Angels_Paraiso\lib\commons-beanutils-1.8.0.jar;C:\Users\IT\Documents\NetBeansProjects\Angels_Paraiso\lib\commons-digester-2.1.jar;C:\Users\IT\Documents\NetBeansProjects\Angels_Paraiso\lib\commons-javaflow-20060411.jar;C:\Users\IT\Documents\NetBeansProjects\Angels_Paraiso\lib\commons-logging-1.1.1.jar;C:\Users\IT\Documents\NetBeansProjects\Angels_Paraiso\lib\groovy-all-2.0.1.jar;C:\Users\IT\Documents\NetBeansProjects\Angels_Paraiso\lib\iText-2.1.7.js2.jar;C:\Users\IT\Documents\NetBeansProjects\Angels_Paraiso\lib\log4j-1.2.15.jar;C:\Users\IT\Documents\NetBeansProjects\Angels_Paraiso\lib\png-encoder-1.5.jar;C:\Users\IT\Documents\NetBeansProjects\Angels_Paraiso\lib\xalan-2.7.1.jar;C:\Users\IT\Documents\NetBeansProjects\Angels_Paraiso\lib\commons-collections4-4.1.jar;C:\Users\IT\Documents\NetBeansProjects\Angels_Paraiso\lib\jasperreports-6.17.0.jar;C:\Users\IT\Documents\NetBeansProjects\Angels_Paraiso\lib\jcalendar-1.3.3.jar;C:\Users\IT\Documents\NetBeansProjects\Angels_Paraiso\lib\annotations-13.0.jar;C:\Users\IT\Documents\NetBeansProjects\Angels_Paraiso\lib\gson-2.8.6.jar;C:\Users\IT\Documents\NetBeansProjects\Angels_Paraiso\lib\jakarta.ws.rs-api-3.1.0.jar;C:\Users\IT\Documents\NetBeansProjects\Angels_Paraiso\lib\javax.activation-api-1.2.0.jar;C:\Users\IT\Documents\NetBeansProjects\Angels_Paraiso\lib\jaxb-api-2.3.0.jar;C:\Users\IT\Documents\NetBeansProjects\Angels_Paraiso\lib\jersey-client-2.0.1.jar;C:\Users\IT\Documents\NetBeansProjects\Angels_Paraiso\lib\jersey-common-2.0.1.jar;C:\Users\IT\Documents\NetBeansProjects\Angels_Paraiso\lib\json-20180130.jar;C:\Users\IT\Documents\NetBeansProjects\Angels_Paraiso\lib\kotlin-stdlib-1.4.10.jar;C:\Users\IT\Documents\NetBeansProjects\Angels_Paraiso\lib\kotlin-stdlib-common-1.4.0.jar;C:\Users\IT\Documents\NetBeansProjects\Angels_Paraiso\lib\okhttp-4.9.0.jar;C:\Users\IT\Documents\NetBeansProjects\Angels_Paraiso\lib\okio-2.8.0.jar;C:\Users\IT\Documents\NetBeansProjects\Angels_Paraiso\lib\resteasy-client-6.2.7.Final.jar;C:\Users\IT\Documents\NetBeansProjects\Angels_Paraiso\lib\javax.ws.rs-api-2.0.jar;C:\Users\IT\Documents\NetBeansProjects\Angels_Paraiso\lib\asm-all-repackaged-2.1.88.jar;C:\Users\IT\Documents\NetBeansProjects\Angels_Paraiso\lib\cglib-2.1.88.jar;C:\Users\IT\Documents\NetBeansProjects\Angels_Paraiso\lib\guava-14.0.1.jar;C:\Users\IT\Documents\NetBeansProjects\Angels_Paraiso\lib\hk2-api-2.1.88.jar;C:\Users\IT\Documents\NetBeansProjects\Angels_Paraiso\lib\hk2-locator-2.1.88.jar;C:\Users\IT\Documents\NetBeansProjects\Angels_Paraiso\lib\hk2-utils-2.1.88.jar;C:\Users\IT\Documents\NetBeansProjects\Angels_Paraiso\lib\javax.annotation-api-1.2.jar;C:\Users\IT\Documents\NetBeansProjects\Angels_Paraiso\lib\javax.inject-2.1.88.jar;C:\Users\IT\Documents\NetBeansProjects\Angels_Paraiso\lib\osgi-resource-locator-1.0.1.jar;C:\Users\IT\Documents\NetBeansProjects\Angels_Paraiso\lib\serializer-2.7.2.jar;C:\Users\IT\Documents\NetBeansProjects\Angels_Paraiso\build\classes
Launcher Type: SUN_STANDARD

[Global flags]
     intx CICompilerCount                          = 3                                         {product} {ergonomic}
     uint ConcGCThreads                            = 1                                         {product} {ergonomic}
     uint G1ConcRefinementThreads                  = 4                                         {product} {ergonomic}
   size_t G1HeapRegionSize                         = 2097152                                   {product} {ergonomic}
   size_t InitialHeapSize                          = 197132288                                 {product} {ergonomic}
   size_t MarkStackSize                            = 4194304                                   {product} {ergonomic}
   size_t MarkStackSizeMax                         = 536870912                                 {product} {ergonomic}
   size_t MaxHeapSize                              = 3133145088                                {product} {ergonomic}
   size_t MaxNewSize                               = 1879048192                                {product} {ergonomic}
   size_t MinHeapDeltaBytes                        = 2097152                                   {product} {ergonomic}
   size_t MinHeapSize                              = 8388608                                   {product} {ergonomic}
    uintx NonNMethodCodeHeapSize                   = 5832704                                {pd product} {ergonomic}
    uintx NonProfiledCodeHeapSize                  = 122945536                              {pd product} {ergonomic}
    uintx ProfiledCodeHeapSize                     = 122880000                              {pd product} {ergonomic}
    uintx ReservedCodeCacheSize                    = 251658240                              {pd product} {ergonomic}
     bool SegmentedCodeCache                       = true                                      {product} {ergonomic}
   size_t SoftMaxHeapSize                          = 3133145088                             {manageable} {ergonomic}
     bool UseCompressedOops                        = true                           {product lp64_product} {ergonomic}
     bool UseG1GC                                  = true                                      {product} {ergonomic}
     bool UseLargePagesIndividualAllocation        = false                                  {pd product} {ergonomic}

Logging:
Log output configuration:
 #0: stdout all=warning uptime,level,tags foldmultilines=false
 #1: stderr all=off uptime,level,tags foldmultilines=false

Environment Variables:
PATH=C:\Program Files\Common Files\Oracle\Java\javapath;C:\ProgramData\Oracle\Java\javapath;C:\WINDOWS\system32;C:\WINDOWS;C:\WINDOWS\System32\Wbem;C:\WINDOWS\System32\WindowsPowerShell\v1.0\;C:\WINDOWS\System32\OpenSSH\;C:\Program Files (x86)\ZeroTier\One\;C:\Users\IT\AppData\Local\Microsoft\WindowsApps;
USERNAME=it
OS=Windows_NT
PROCESSOR_IDENTIFIER=Intel64 Family 6 Model 60 Stepping 3, GenuineIntel
TMP=C:\Users\IT\AppData\Local\Temp
TEMP=C:\Users\IT\AppData\Local\Temp




Periodic native trim disabled

---------------  S Y S T E M  ---------------

OS:
 Windows 10 , 64 bit Build 19041 (10.0.19041.5072)
OS uptime: 12 days 21:02 hours

CPU: total 4 (initial active 4) (4 cores per cpu, 1 threads per core) family 6 model 60 stepping 3 microcode 0x27, cx8, cmov, fxsr, mmx, sse, sse2, sse3, ssse3, sse4.1, sse4.2, popcnt, lzcnt, tsc, tscinvbit, avx, avx2, aes, erms, clmul, bmi1, bmi2, fma, vzeroupper, clflush, rdtscp, f16c
Processor Information for the first 4 processors :
  Max Mhz: 3001, Current Mhz: 3001, Mhz Limit: 3001

Memory: 4k page, system-wide physical 11947M (4116M free)
TotalPageFile size 13739M (AvailPageFile size 2835M)
current process WorkingSet (physical memory assigned to process): 147M, peak: 158M
current process commit charge ("private bytes"): 179M, peak: 316M

vm_info: Java HotSpot(TM) 64-Bit Server VM (23.0.1+11-39) for windows-amd64 JRE (23.0.1+11-39), built on 2024-09-30T07:20:43Z with MS VC++ 17.6 (VS2022)

END.
